hsa-let-7a-5p	=	hsa-let-7a-5p(GAGGUAG)	hsa-let-7b-5p(GAGGUAG)	hsa-let-7c-5p(GAGGUAG)	hsa-let-7d-5p(GAGGUAG)	hsa-let-7e-5p(GAGGUAG)	hsa-let-7f-5p(GAGGUAG)	hsa-let-7g-5p(GAGGUAG)	hsa-let-7i-5p(GAGGUAG)	hsa-mir-98-5p(GAGGUAG)	(Minor share - Excluded)
hsa-let-7b-5p	=	hsa-let-7a-5p(GAGGUAG)	hsa-let-7b-5p(GAGGUAG)	hsa-let-7c-5p(GAGGUAG)	hsa-let-7d-5p(GAGGUAG)	hsa-let-7e-5p(GAGGUAG)	hsa-let-7f-5p(GAGGUAG)	hsa-let-7g-5p(GAGGUAG)	hsa-let-7i-5p(GAGGUAG)	hsa-mir-98-5p(GAGGUAG)	(Minor share - Excluded)
hsa-let-7c-5p	=	hsa-let-7a-5p(GAGGUAG)	hsa-let-7b-5p(GAGGUAG)	hsa-let-7c-5p(GAGGUAG)	hsa-let-7d-5p(GAGGUAG)	hsa-let-7e-5p(GAGGUAG)	hsa-let-7f-5p(GAGGUAG)	hsa-let-7g-5p(GAGGUAG)	hsa-let-7i-5p(GAGGUAG)	hsa-mir-98-5p(GAGGUAG)	(Minor share - Excluded)
hsa-let-7d-5p	=	hsa-let-7a-5p(GAGGUAG)	hsa-let-7b-5p(GAGGUAG)	hsa-let-7c-5p(GAGGUAG)	hsa-let-7d-5p(GAGGUAG)	hsa-let-7e-5p(GAGGUAG)	hsa-let-7f-5p(GAGGUAG)	hsa-let-7g-5p(GAGGUAG)	hsa-let-7i-5p(GAGGUAG)	hsa-mir-98-5p(GAGGUAG)	(Minor share - Excluded)
hsa-let-7e-5p	=	hsa-let-7a-5p(GAGGUAG)	hsa-let-7b-5p(GAGGUAG)	hsa-let-7c-5p(GAGGUAG)	hsa-let-7d-5p(GAGGUAG)	hsa-let-7e-5p(GAGGUAG)	hsa-let-7f-5p(GAGGUAG)	hsa-let-7g-5p(GAGGUAG)	hsa-let-7i-5p(GAGGUAG)	hsa-mir-98-5p(GAGGUAG)	(Minor share - Excluded)
hsa-let-7f-5p	=	hsa-let-7a-5p(GAGGUAG)	hsa-let-7b-5p(GAGGUAG)	hsa-let-7c-5p(GAGGUAG)	hsa-let-7d-5p(GAGGUAG)	hsa-let-7e-5p(GAGGUAG)	hsa-let-7f-5p(GAGGUAG)	hsa-let-7g-5p(GAGGUAG)	hsa-let-7i-5p(GAGGUAG)	hsa-mir-98-5p(GAGGUAG)	(Minor share - Excluded)
hsa-let-7g-5p	=	hsa-let-7a-5p(GAGGUAG)	hsa-let-7b-5p(GAGGUAG)	hsa-let-7c-5p(GAGGUAG)	hsa-let-7d-5p(GAGGUAG)	hsa-let-7e-5p(GAGGUAG)	hsa-let-7f-5p(GAGGUAG)	hsa-let-7g-5p(GAGGUAG)	hsa-let-7i-5p(GAGGUAG)	hsa-mir-98-5p(GAGGUAG)
hsa-let-7i-5p	=	hsa-let-7a-5p(GAGGUAG)	hsa-let-7b-5p(GAGGUAG)	hsa-let-7c-5p(GAGGUAG)	hsa-let-7d-5p(GAGGUAG)	hsa-let-7e-5p(GAGGUAG)	hsa-let-7f-5p(GAGGUAG)	hsa-let-7g-5p(GAGGUAG)	hsa-let-7i-5p(GAGGUAG)	hsa-mir-98-5p(GAGGUAG)	(Minor share - Excluded)
hsa-mir-1-5p	=	hsa-mir-1-5p(GGAAUGU)
hsa-mir-100-5p	=	hsa-mir-100-5p(ACCCGUA)	hsa-mir-99a-5p(ACCCGUA)	hsa-mir-99b-5p(ACCCGUA)	(Minor share - Excluded)
hsa-mir-101-5p	=	hsa-mir-101-5p(ACAGUAC)
hsa-mir-103-5p	=	hsa-mir-103-5p(GCAGCAU)	hsa-mir-107-5p(GCAGCAU)
hsa-mir-106a-5p	=	hsa-mir-106a-5p(AAAGUGC)	hsa-mir-106b-5p(AAAGUGC)	hsa-mir-17-5p(AAAGUGC)	hsa-mir-20a-5p(AAAGUGC)	hsa-mir-20b-5p(AAAGUGC)	(Minor share - Excluded)
hsa-mir-106b-5p	=	hsa-mir-106a-5p(AAAGUGC)	hsa-mir-106b-5p(AAAGUGC)	hsa-mir-17-5p(AAAGUGC)	hsa-mir-20a-5p(AAAGUGC)	hsa-mir-20b-5p(AAAGUGC)
hsa-mir-107-5p	=	hsa-mir-103-5p(GCAGCAU)	hsa-mir-107-5p(GCAGCAU)	(Minor share - Excluded)
hsa-mir-10a-5p	=	hsa-mir-10a-5p(ACCCUGU)	hsa-mir-10b-5p(ACCCUGU)
hsa-mir-10b-5p	=	hsa-mir-10a-5p(ACCCUGU)	hsa-mir-10b-5p(ACCCUGU)	(Minor share - Excluded)
hsa-mir-125a-5p	=	hsa-mir-125a-5p(CCCUGAG)	hsa-mir-125b-5p(CCCUGAG)	(Minor share - Excluded)
hsa-mir-125b-5p	=	hsa-mir-125a-5p(CCCUGAG)	hsa-mir-125b-5p(CCCUGAG)
hsa-mir-126-5p	=	hsa-mir-126-5p(CGUACCG)
hsa-mir-128a-5p	=	hsa-mir-128a-5p(CACAGUG)	hsa-mir-128b-5p(CACAGUG)
hsa-mir-128b-5p	=	hsa-mir-128a-5p(CACAGUG)	hsa-mir-128b-5p(CACAGUG)	(Minor share - Excluded)
hsa-mir-130a-5p	=	hsa-mir-130a-5p(AGUGCAA)	hsa-mir-130b-5p(AGUGCAA)	hsa-mir-301-5p(AGUGCAA)
hsa-mir-130b-5p	=	hsa-mir-130a-5p(AGUGCAA)	hsa-mir-130b-5p(AGUGCAA)	hsa-mir-301-5p(AGUGCAA)	(Minor share - Excluded)
hsa-mir-132-5p	=	hsa-mir-132-5p(AACAGUC)
hsa-mir-133a-5p	=	hsa-mir-133a-5p(UGGUCCC)
hsa-mir-135a-5p	=	hsa-mir-135a-5p(AUGGCUU)	hsa-mir-135b-5p(AUGGCUU)	(Minor share - Excluded)
hsa-mir-135b-5p	=	hsa-mir-135a-5p(AUGGCUU)	hsa-mir-135b-5p(AUGGCUU)
hsa-mir-136-5p	=	hsa-mir-136-5p(CUCCAUU)
hsa-mir-138-5p	=	hsa-mir-138-5p(GCUGGUG)
hsa-mir-139-5p	=	hsa-mir-139-5p(CUACAGU)
hsa-mir-140-5p	=	hsa-mir-140-5p(GUGGUUU)
hsa-mir-141-5p	=	hsa-mir-141-5p(AACACUG)	hsa-mir-200a-5p(AACACUG)	(Minor share - Excluded)
hsa-mir-142-3p	=	hsa-mir-142-3p(GUAGUGU)
hsa-mir-142-5p	=	hsa-mir-142-5p(AUAAAGU)
hsa-mir-143-5p	=	hsa-mir-143-5p(GAGAUGA)
hsa-mir-144-5p	=	hsa-mir-144-5p(ACAGUAU)
hsa-mir-145-5p	=	hsa-mir-145-5p(UCCAGUU)
hsa-mir-146a-5p	=	hsa-mir-146a-5p(GAGAACU)	hsa-mir-146b-5p(GAGAACU)
hsa-mir-146b-5p	=	hsa-mir-146a-5p(GAGAACU)	hsa-mir-146b-5p(GAGAACU)	(Minor share - Excluded)
hsa-mir-148a-5p	=	hsa-mir-148a-5p(CAGUGCA)	hsa-mir-148b-5p(CAGUGCA)	hsa-mir-152-5p(CAGUGCA)
hsa-mir-148b-5p	=	hsa-mir-148a-5p(CAGUGCA)	hsa-mir-148b-5p(CAGUGCA)	hsa-mir-152-5p(CAGUGCA)	(Minor share - Excluded)
hsa-mir-149-5p	=	hsa-mir-149-5p(CUGGCUC)
hsa-mir-150-5p	=	hsa-mir-150-5p(CUCCCAA)
hsa-mir-151-5p	=	hsa-mir-151-5p(CUAGACU)
hsa-mir-152-5p	=	hsa-mir-148a-5p(CAGUGCA)	hsa-mir-148b-5p(CAGUGCA)	hsa-mir-152-5p(CAGUGCA)	(Minor share - Excluded)
hsa-mir-153-5p	=	hsa-mir-153-5p(UGCAUAG)
hsa-mir-154-5p	=	hsa-mir-154-5p(AGGUUAU)
hsa-mir-155-5p	=	hsa-mir-155-5p(UAAUGCU)
hsa-mir-15a-5p	=	hsa-mir-15a-5p(AGCAGCA)	hsa-mir-15b-5p(AGCAGCA)	hsa-mir-16-5p(AGCAGCA)	hsa-mir-195-5p(AGCAGCA)	hsa-mir-424-5p(AGCAGCA)	hsa-mir-497-5p(AGCAGCA)	(Minor share - Excluded)
hsa-mir-15b-5p	=	hsa-mir-15a-5p(AGCAGCA)	hsa-mir-15b-5p(AGCAGCA)	hsa-mir-16-5p(AGCAGCA)	hsa-mir-195-5p(AGCAGCA)	hsa-mir-424-5p(AGCAGCA)	hsa-mir-497-5p(AGCAGCA)	(Minor share - Excluded)
hsa-mir-16-5p	=	hsa-mir-15a-5p(AGCAGCA)	hsa-mir-15b-5p(AGCAGCA)	hsa-mir-16-5p(AGCAGCA)	hsa-mir-195-5p(AGCAGCA)	hsa-mir-424-5p(AGCAGCA)	hsa-mir-497-5p(AGCAGCA)
hsa-mir-17-3p	=	hsa-mir-17-3p(CUGCAGU)
hsa-mir-17-5p	=	hsa-mir-106a-5p(AAAGUGC)	hsa-mir-106b-5p(AAAGUGC)	hsa-mir-17-5p(AAAGUGC)	hsa-mir-20a-5p(AAAGUGC)	hsa-mir-20b-5p(AAAGUGC)	(Minor share - Excluded)
hsa-mir-181a-5p	=	hsa-mir-181a-5p(ACAUUCA)	hsa-mir-181b-5p(ACAUUCA)	hsa-mir-181c-5p(ACAUUCA)	hsa-mir-181d-5p(ACAUUCA)
hsa-mir-181b-5p	=	hsa-mir-181a-5p(ACAUUCA)	hsa-mir-181b-5p(ACAUUCA)	hsa-mir-181c-5p(ACAUUCA)	hsa-mir-181d-5p(ACAUUCA)	(Minor share - Excluded)
hsa-mir-181c-5p	=	hsa-mir-181a-5p(ACAUUCA)	hsa-mir-181b-5p(ACAUUCA)	hsa-mir-181c-5p(ACAUUCA)	hsa-mir-181d-5p(ACAUUCA)	(Minor share - Excluded)
hsa-mir-181d-5p	=	hsa-mir-181a-5p(ACAUUCA)	hsa-mir-181b-5p(ACAUUCA)	hsa-mir-181c-5p(ACAUUCA)	hsa-mir-181d-5p(ACAUUCA)	(Minor share - Excluded)
hsa-mir-182-5p	=	hsa-mir-182-5p(UUGGCAA)
hsa-mir-183-5p	=	hsa-mir-183-5p(AUGGCAC)
hsa-mir-184-5p	=	hsa-mir-184-5p(GGACGGA)
hsa-mir-185-5p	=	hsa-mir-185-5p(GGAGAGA)
hsa-mir-186-5p	=	hsa-mir-186-5p(AAAGAAU)
hsa-mir-188-5p	=	hsa-mir-188-5p(AUCCCUU)
hsa-mir-18a-5p	=	hsa-mir-18a-5p(AAGGUGC)	hsa-mir-18b-5p(AAGGUGC)
hsa-mir-18b-5p	=	hsa-mir-18a-5p(AAGGUGC)	hsa-mir-18b-5p(AAGGUGC)	(Minor share - Excluded)
hsa-mir-190-5p	=	hsa-mir-190-5p(GAUAUGU)
hsa-mir-191-5p	=	hsa-mir-191-5p(AACGGAA)
hsa-mir-192-5p	=	hsa-mir-192-5p(UGACCUA)	hsa-mir-215-5p(UGACCUA)
hsa-mir-193a-5p	=	hsa-mir-193a-5p(ACUGGCC)	hsa-mir-193b-5p(ACUGGCC)
hsa-mir-193b-5p	=	hsa-mir-193a-5p(ACUGGCC)	hsa-mir-193b-5p(ACUGGCC)	(Minor share - Excluded)
hsa-mir-194-5p	=	hsa-mir-194-5p(GUAACAG)
hsa-mir-195-5p	=	hsa-mir-15a-5p(AGCAGCA)	hsa-mir-15b-5p(AGCAGCA)	hsa-mir-16-5p(AGCAGCA)	hsa-mir-195-5p(AGCAGCA)	hsa-mir-424-5p(AGCAGCA)	hsa-mir-497-5p(AGCAGCA)	(Minor share - Excluded)
hsa-mir-196a-5p	=	hsa-mir-196a-5p(AGGUAGU)	hsa-mir-196b-5p(AGGUAGU)	(Minor share - Excluded)
hsa-mir-196b-5p	=	hsa-mir-196a-5p(AGGUAGU)	hsa-mir-196b-5p(AGGUAGU)
hsa-mir-197-5p	=	hsa-mir-197-5p(UCACCAC)
hsa-mir-199a-5p	=	hsa-mir-199a-5p(CCAGUGU)	hsa-mir-199b-5p(CCAGUGU)
hsa-mir-199b-5p	=	hsa-mir-199a-5p(CCAGUGU)	hsa-mir-199b-5p(CCAGUGU)	(Minor share - Excluded)
hsa-mir-19a-5p	=	hsa-mir-19a-5p(GUGCAAA)	hsa-mir-19b-5p(GUGCAAA)	(Minor share - Excluded)
hsa-mir-19b-5p	=	hsa-mir-19a-5p(GUGCAAA)	hsa-mir-19b-5p(GUGCAAA)
hsa-mir-200a-5p	=	hsa-mir-141-5p(AACACUG)	hsa-mir-200a-5p(AACACUG)
hsa-mir-200b-5p	=	hsa-mir-200b-5p(AAUACUG)	hsa-mir-200c-5p(AAUACUG)	hsa-mir-429-5p(AAUACUG)	(Minor share - Excluded)
hsa-mir-200c-5p	=	hsa-mir-200b-5p(AAUACUG)	hsa-mir-200c-5p(AAUACUG)	hsa-mir-429-5p(AAUACUG)
hsa-mir-203-5p	=	hsa-mir-203-5p(UGAAAUG)
hsa-mir-204-5p	=	hsa-mir-204-5p(UCCCUUU)
hsa-mir-205-5p	=	hsa-mir-205-5p(CCUUCAU)
hsa-mir-20a-5p	=	hsa-mir-106a-5p(AAAGUGC)	hsa-mir-106b-5p(AAAGUGC)	hsa-mir-17-5p(AAAGUGC)	hsa-mir-20a-5p(AAAGUGC)	hsa-mir-20b-5p(AAAGUGC)	(Minor share - Excluded)
hsa-mir-20b-5p	=	hsa-mir-106a-5p(AAAGUGC)	hsa-mir-106b-5p(AAAGUGC)	hsa-mir-17-5p(AAAGUGC)	hsa-mir-20a-5p(AAAGUGC)	hsa-mir-20b-5p(AAAGUGC)	(Minor share - Excluded)
hsa-mir-21-5p	=	hsa-mir-21-5p(AGCUUAU)
hsa-mir-210-5p	=	hsa-mir-210-5p(UGUGCGU)
hsa-mir-213-5p	=	hsa-mir-213-5p(CCAUCGA)
hsa-mir-214-5p	=	hsa-mir-214-5p(CAGCAGG)
hsa-mir-215-5p	=	hsa-mir-192-5p(UGACCUA)	hsa-mir-215-5p(UGACCUA)	(Minor share - Excluded)
hsa-mir-218-5p	=	hsa-mir-218-5p(UGUGCUU)
hsa-mir-219-5p	=	hsa-mir-219-5p(GAUUGUC)
hsa-mir-22-5p	=	hsa-mir-22-5p(AGCUGCC)
hsa-mir-221-5p	=	hsa-mir-221-5p(GCUACAU)	hsa-mir-222-5p(GCUACAU)	(Minor share - Excluded)
hsa-mir-222-5p	=	hsa-mir-221-5p(GCUACAU)	hsa-mir-222-5p(GCUACAU)
hsa-mir-223-5p	=	hsa-mir-223-5p(GUCAGUU)
hsa-mir-224-5p	=	hsa-mir-224-5p(AAGUCAC)
hsa-mir-23a-5p	=	hsa-mir-23a-5p(UCACAUU)	hsa-mir-23b-5p(UCACAUU)	(Minor share - Excluded)
hsa-mir-23b-5p	=	hsa-mir-23a-5p(UCACAUU)	hsa-mir-23b-5p(UCACAUU)
hsa-mir-24-5p	=	hsa-mir-24-5p(GGCUCAG)
hsa-mir-25-5p	=	hsa-mir-25-5p(AUUGCAC)	hsa-mir-32-5p(AUUGCAC)	hsa-mir-367-5p(AUUGCAC)	hsa-mir-92a-5p(AUUGCAC)
hsa-mir-26a-5p	=	hsa-mir-26a-5p(UCAAGUA)	hsa-mir-26b-5p(UCAAGUA)
hsa-mir-26b-5p	=	hsa-mir-26a-5p(UCAAGUA)	hsa-mir-26b-5p(UCAAGUA)	(Minor share - Excluded)
hsa-mir-27a-5p	=	hsa-mir-27a-5p(UCACAGU)	hsa-mir-27b-5p(UCACAGU)
hsa-mir-27b-5p	=	hsa-mir-27a-5p(UCACAGU)	hsa-mir-27b-5p(UCACAGU)	(Minor share - Excluded)
hsa-mir-28-5p	=	hsa-mir-28-5p(AGGAGCU)
hsa-mir-296-5p	=	hsa-mir-296-5p(GGGCCCC)
hsa-mir-299-3p	=	hsa-mir-299-3p(AUGUGGG)
hsa-mir-299-5p	=	hsa-mir-299-5p(GGUUUAC)
hsa-mir-29a-5p	=	hsa-mir-29a-5p(AGCACCA)	hsa-mir-29b-5p(AGCACCA)	hsa-mir-29c-5p(AGCACCA)	(Minor share - Excluded)
hsa-mir-29b-5p	=	hsa-mir-29a-5p(AGCACCA)	hsa-mir-29b-5p(AGCACCA)	hsa-mir-29c-5p(AGCACCA)
hsa-mir-29c-5p	=	hsa-mir-29a-5p(AGCACCA)	hsa-mir-29b-5p(AGCACCA)	hsa-mir-29c-5p(AGCACCA)	(Minor share - Excluded)
hsa-mir-301-5p	=	hsa-mir-130a-5p(AGUGCAA)	hsa-mir-130b-5p(AGUGCAA)	hsa-mir-301-5p(AGUGCAA)	(Minor share - Excluded)
hsa-mir-302a-5p	=	hsa-mir-302a-5p(AAGUGCU)	hsa-mir-302b-5p(AAGUGCU)	hsa-mir-302c-5p(AAGUGCU)	hsa-mir-302d-5p(AAGUGCU)	hsa-mir-372-5p(AAGUGCU)	hsa-mir-373-5p(AAGUGCU)	hsa-mir-520d-5p(AAGUGCU)	hsa-mir-93-5p(AAGUGCU)	(Minor share - Excluded)
hsa-mir-302b-5p	=	hsa-mir-302a-5p(AAGUGCU)	hsa-mir-302b-5p(AAGUGCU)	hsa-mir-302c-5p(AAGUGCU)	hsa-mir-302d-5p(AAGUGCU)	hsa-mir-372-5p(AAGUGCU)	hsa-mir-373-5p(AAGUGCU)	hsa-mir-520d-5p(AAGUGCU)	hsa-mir-93-5p(AAGUGCU)	(Minor share - Excluded)
hsa-mir-302c-5p	=	hsa-mir-302a-5p(AAGUGCU)	hsa-mir-302b-5p(AAGUGCU)	hsa-mir-302c-5p(AAGUGCU)	hsa-mir-302d-5p(AAGUGCU)	hsa-mir-372-5p(AAGUGCU)	hsa-mir-373-5p(AAGUGCU)	hsa-mir-520d-5p(AAGUGCU)	hsa-mir-93-5p(AAGUGCU)	(Minor share - Excluded)
hsa-mir-302d-5p	=	hsa-mir-302a-5p(AAGUGCU)	hsa-mir-302b-5p(AAGUGCU)	hsa-mir-302c-5p(AAGUGCU)	hsa-mir-302d-5p(AAGUGCU)	hsa-mir-372-5p(AAGUGCU)	hsa-mir-373-5p(AAGUGCU)	hsa-mir-520d-5p(AAGUGCU)	hsa-mir-93-5p(AAGUGCU)	(Minor share - Excluded)
hsa-mir-30a-3p	=	hsa-mir-30a-3p(UUUCAGU)	hsa-mir-30e-3p(UUUCAGU)	(Minor share - Excluded)
hsa-mir-30a-5p	=	hsa-mir-30a-5p(GUAAACA)	hsa-mir-30b-5p(GUAAACA)	hsa-mir-30c-5p(GUAAACA)	hsa-mir-30d-5p(GUAAACA)	hsa-mir-30e-5p(GUAAACA)
hsa-mir-30b-5p	=	hsa-mir-30a-5p(GUAAACA)	hsa-mir-30b-5p(GUAAACA)	hsa-mir-30c-5p(GUAAACA)	hsa-mir-30d-5p(GUAAACA)	hsa-mir-30e-5p(GUAAACA)	(Minor share - Excluded)
hsa-mir-30c-5p	=	hsa-mir-30a-5p(GUAAACA)	hsa-mir-30b-5p(GUAAACA)	hsa-mir-30c-5p(GUAAACA)	hsa-mir-30d-5p(GUAAACA)	hsa-mir-30e-5p(GUAAACA)	(Minor share - Excluded)
hsa-mir-30d-5p	=	hsa-mir-30a-5p(GUAAACA)	hsa-mir-30b-5p(GUAAACA)	hsa-mir-30c-5p(GUAAACA)	hsa-mir-30d-5p(GUAAACA)	hsa-mir-30e-5p(GUAAACA)	(Minor share - Excluded)
hsa-mir-30e-3p	=	hsa-mir-30a-3p(UUUCAGU)	hsa-mir-30e-3p(UUUCAGU)
hsa-mir-30e-5p	=	hsa-mir-30a-5p(GUAAACA)	hsa-mir-30b-5p(GUAAACA)	hsa-mir-30c-5p(GUAAACA)	hsa-mir-30d-5p(GUAAACA)	hsa-mir-30e-5p(GUAAACA)	(Minor share - Excluded)
hsa-mir-31-5p	=	hsa-mir-31-5p(GCAAGAU)
hsa-mir-32-5p	=	hsa-mir-25-5p(AUUGCAC)	hsa-mir-32-5p(AUUGCAC)	hsa-mir-367-5p(AUUGCAC)	hsa-mir-92a-5p(AUUGCAC)	(Minor share - Excluded)
hsa-mir-320-5p	=	hsa-mir-320-5p(AAAGCUG)
hsa-mir-323-5p	=	hsa-mir-323-5p(CACAUUA)
hsa-mir-324-3p	=	hsa-mir-324-3p(CACUGCC)
hsa-mir-324-5p	=	hsa-mir-324-5p(GCAUCCC)
hsa-mir-326-5p	=	hsa-mir-326-5p(CUCUGGG)
hsa-mir-33-5p	=	hsa-mir-33-5p(UGCAUUG)
hsa-mir-330-5p	=	hsa-mir-330-5p(CAAAGCA)
hsa-mir-331-5p	=	hsa-mir-331-5p(CCCCUGG)
hsa-mir-335-5p	=	hsa-mir-335-5p(CAAGAGC)
hsa-mir-338-5p	=	hsa-mir-338-5p(CCAGCAU)
hsa-mir-339-5p	=	hsa-mir-339-5p(CCCUGUC)
hsa-mir-342-5p	=	hsa-mir-342-5p(CUCACAC)
hsa-mir-345-5p	=	hsa-mir-345-5p(GCUGACU)
hsa-mir-34a-5p	=	hsa-mir-34a-5p(GGCAGUG)	hsa-mir-34c-5p(GGCAGUG)	hsa-mir-449-5p(GGCAGUG)
hsa-mir-34c-5p	=	hsa-mir-34a-5p(GGCAGUG)	hsa-mir-34c-5p(GGCAGUG)	hsa-mir-449-5p(GGCAGUG)	(Minor share - Excluded)
hsa-mir-361-5p	=	hsa-mir-361-5p(UAUCAGA)
hsa-mir-362-5p	=	hsa-mir-362-5p(AUCCUUG)
hsa-mir-363-5p	=	hsa-mir-363-5p(UUGCACG)
hsa-mir-365-5p	=	hsa-mir-365-5p(AAUGCCC)
hsa-mir-367-5p	=	hsa-mir-25-5p(AUUGCAC)	hsa-mir-32-5p(AUUGCAC)	hsa-mir-367-5p(AUUGCAC)	hsa-mir-92a-5p(AUUGCAC)	(Minor share - Excluded)
hsa-mir-371-5p	=	hsa-mir-371-5p(UGCCGCC)
hsa-mir-372-5p	=	hsa-mir-302a-5p(AAGUGCU)	hsa-mir-302b-5p(AAGUGCU)	hsa-mir-302c-5p(AAGUGCU)	hsa-mir-302d-5p(AAGUGCU)	hsa-mir-372-5p(AAGUGCU)	hsa-mir-373-5p(AAGUGCU)	hsa-mir-520d-5p(AAGUGCU)	hsa-mir-93-5p(AAGUGCU)
hsa-mir-373-5p	=	hsa-mir-302a-5p(AAGUGCU)	hsa-mir-302b-5p(AAGUGCU)	hsa-mir-302c-5p(AAGUGCU)	hsa-mir-302d-5p(AAGUGCU)	hsa-mir-372-5p(AAGUGCU)	hsa-mir-373-5p(AAGUGCU)	hsa-mir-520d-5p(AAGUGCU)	hsa-mir-93-5p(AAGUGCU)	(Minor share - Excluded)
hsa-mir-374a-5p	=	hsa-mir-374a-5p(UAUAAUA)
hsa-mir-375-5p	=	hsa-mir-375-5p(UUGUUCG)
hsa-mir-377-5p	=	hsa-mir-377-5p(UCACACA)
hsa-mir-378-5p	=	hsa-mir-378-5p(UCCUGAC)
hsa-mir-379-5p	=	hsa-mir-379-5p(GGUAGAC)
hsa-mir-381-5p	=	hsa-mir-381-5p(AUACAAG)
hsa-mir-382-5p	=	hsa-mir-382-5p(AAGUUGU)
hsa-mir-409-3p	=	hsa-mir-409-3p(GAAUGUU)
hsa-mir-410-5p	=	hsa-mir-410-5p(AUAUAAC)
hsa-mir-422b-5p	=	hsa-mir-422b-5p(UGGACUU)
hsa-mir-423-5p	=	hsa-mir-423-5p(GCUCGGU)
hsa-mir-424-5p	=	hsa-mir-15a-5p(AGCAGCA)	hsa-mir-15b-5p(AGCAGCA)	hsa-mir-16-5p(AGCAGCA)	hsa-mir-195-5p(AGCAGCA)	hsa-mir-424-5p(AGCAGCA)	hsa-mir-497-5p(AGCAGCA)	(Minor share - Excluded)
hsa-mir-425-5p	=	hsa-mir-425-5p(UCGGGAA)
hsa-mir-429-5p	=	hsa-mir-200b-5p(AAUACUG)	hsa-mir-200c-5p(AAUACUG)	hsa-mir-429-5p(AAUACUG)	(Minor share - Excluded)
hsa-mir-449-5p	=	hsa-mir-34a-5p(GGCAGUG)	hsa-mir-34c-5p(GGCAGUG)	hsa-mir-449-5p(GGCAGUG)	(Minor share - Excluded)
hsa-mir-450-5p	=	hsa-mir-450-5p(UUUUGCG)
hsa-mir-451-5p	=	hsa-mir-451-5p(AACCGUU)
hsa-mir-452-5p	=	hsa-mir-452-5p(GUUUGCA)
hsa-mir-494-5p	=	hsa-mir-494-5p(GAAACAU)
hsa-mir-495-5p	=	hsa-mir-495-5p(AACAAAC)
hsa-mir-497-5p	=	hsa-mir-15a-5p(AGCAGCA)	hsa-mir-15b-5p(AGCAGCA)	hsa-mir-16-5p(AGCAGCA)	hsa-mir-195-5p(AGCAGCA)	hsa-mir-424-5p(AGCAGCA)	hsa-mir-497-5p(AGCAGCA)	(Minor share - Excluded)
hsa-mir-498-5p	=	hsa-mir-498-5p(UUCAAGC)
hsa-mir-499-5p	=	hsa-mir-499-5p(UAAGACU)
hsa-mir-501-5p	=	hsa-mir-501-5p(AUCCUUU)
hsa-mir-502-5p	=	hsa-mir-502-5p(UCCUUGC)
hsa-mir-505-5p	=	hsa-mir-505-5p(UCAACAC)
hsa-mir-507-5p	=	hsa-mir-507-5p(UUUGCAC)
hsa-mir-512-1-5p	=	hsa-mir-512-1-5p(ACUCAGC)	hsa-mir-512-2-5p(ACUCAGC)
hsa-mir-512-2-5p	=	hsa-mir-512-1-5p(ACUCAGC)	hsa-mir-512-2-5p(ACUCAGC)
hsa-mir-514-5p	=	hsa-mir-514-5p(UUGACAC)
hsa-mir-517a-5p	=	hsa-mir-517a-5p(UCGUGCA)	hsa-mir-517c-5p(UCGUGCA)
hsa-mir-517c-5p	=	hsa-mir-517a-5p(UCGUGCA)	hsa-mir-517c-5p(UCGUGCA)
hsa-mir-518b-5p	=	hsa-mir-518b-5p(AAAGCGC)
hsa-mir-520d-5p	=	hsa-mir-302a-5p(AAGUGCU)	hsa-mir-302b-5p(AAGUGCU)	hsa-mir-302c-5p(AAGUGCU)	hsa-mir-302d-5p(AAGUGCU)	hsa-mir-372-5p(AAGUGCU)	hsa-mir-373-5p(AAGUGCU)	hsa-mir-520d-5p(AAGUGCU)	hsa-mir-93-5p(AAGUGCU)	(Minor share - Excluded)
hsa-mir-520g-5p	=	hsa-mir-520g-5p(CAAAGUG)	hsa-mir-520h-5p(CAAAGUG)
hsa-mir-520h-5p	=	hsa-mir-520g-5p(CAAAGUG)	hsa-mir-520h-5p(CAAAGUG)
hsa-mir-521-5p	=	hsa-mir-521-5p(ACGCACU)
hsa-mir-525-5p	=	hsa-mir-525-5p(UCCAGAG)
hsa-mir-7-5p	=	hsa-mir-7-5p(GGAAGAC)
hsa-mir-9-5p	=	hsa-mir-9-5p(CUUUGGU)
hsa-mir-92a-5p	=	hsa-mir-25-5p(AUUGCAC)	hsa-mir-32-5p(AUUGCAC)	hsa-mir-367-5p(AUUGCAC)	hsa-mir-92a-5p(AUUGCAC)	(Minor share - Excluded)
hsa-mir-93-5p	=	hsa-mir-302a-5p(AAGUGCU)	hsa-mir-302b-5p(AAGUGCU)	hsa-mir-302c-5p(AAGUGCU)	hsa-mir-302d-5p(AAGUGCU)	hsa-mir-372-5p(AAGUGCU)	hsa-mir-373-5p(AAGUGCU)	hsa-mir-520d-5p(AAGUGCU)	hsa-mir-93-5p(AAGUGCU)	(Minor share - Excluded)
hsa-mir-95-5p	=	hsa-mir-95-5p(UCAACGG)
hsa-mir-96-5p	=	hsa-mir-96-5p(UUGGCAC)
hsa-mir-98-5p	=	hsa-let-7a-5p(GAGGUAG)	hsa-let-7b-5p(GAGGUAG)	hsa-let-7c-5p(GAGGUAG)	hsa-let-7d-5p(GAGGUAG)	hsa-let-7e-5p(GAGGUAG)	hsa-let-7f-5p(GAGGUAG)	hsa-let-7g-5p(GAGGUAG)	hsa-let-7i-5p(GAGGUAG)	hsa-mir-98-5p(GAGGUAG)	(Minor share - Excluded)
hsa-mir-99a-5p	=	hsa-mir-100-5p(ACCCGUA)	hsa-mir-99a-5p(ACCCGUA)	hsa-mir-99b-5p(ACCCGUA)	(Minor share - Excluded)
hsa-mir-99b-5p	=	hsa-mir-100-5p(ACCCGUA)	hsa-mir-99a-5p(ACCCGUA)	hsa-mir-99b-5p(ACCCGUA)
