hsa-let-7a-5p	=	hsa-let-7a-5p(GAGGUAG)	hsa-let-7b-5p(GAGGUAG)	hsa-let-7c-5p(GAGGUAG)	hsa-let-7d-5p(GAGGUAG)	hsa-let-7e-5p(GAGGUAG)	hsa-let-7f-5p(GAGGUAG)	hsa-let-7g-5p(GAGGUAG)	hsa-let-7i-5p(GAGGUAG)
hsa-let-7b-5p	=	hsa-let-7a-5p(GAGGUAG)	hsa-let-7b-5p(GAGGUAG)	hsa-let-7c-5p(GAGGUAG)	hsa-let-7d-5p(GAGGUAG)	hsa-let-7e-5p(GAGGUAG)	hsa-let-7f-5p(GAGGUAG)	hsa-let-7g-5p(GAGGUAG)	hsa-let-7i-5p(GAGGUAG)	(Minor share - Excluded)
hsa-let-7c-5p	=	hsa-let-7a-5p(GAGGUAG)	hsa-let-7b-5p(GAGGUAG)	hsa-let-7c-5p(GAGGUAG)	hsa-let-7d-5p(GAGGUAG)	hsa-let-7e-5p(GAGGUAG)	hsa-let-7f-5p(GAGGUAG)	hsa-let-7g-5p(GAGGUAG)	hsa-let-7i-5p(GAGGUAG)	(Minor share - Excluded)
hsa-let-7d-5p	=	hsa-let-7a-5p(GAGGUAG)	hsa-let-7b-5p(GAGGUAG)	hsa-let-7c-5p(GAGGUAG)	hsa-let-7d-5p(GAGGUAG)	hsa-let-7e-5p(GAGGUAG)	hsa-let-7f-5p(GAGGUAG)	hsa-let-7g-5p(GAGGUAG)	hsa-let-7i-5p(GAGGUAG)	(Minor share - Excluded)
hsa-let-7e-5p	=	hsa-let-7a-5p(GAGGUAG)	hsa-let-7b-5p(GAGGUAG)	hsa-let-7c-5p(GAGGUAG)	hsa-let-7d-5p(GAGGUAG)	hsa-let-7e-5p(GAGGUAG)	hsa-let-7f-5p(GAGGUAG)	hsa-let-7g-5p(GAGGUAG)	hsa-let-7i-5p(GAGGUAG)	(Minor share - Excluded)
hsa-let-7f-5p	=	hsa-let-7a-5p(GAGGUAG)	hsa-let-7b-5p(GAGGUAG)	hsa-let-7c-5p(GAGGUAG)	hsa-let-7d-5p(GAGGUAG)	hsa-let-7e-5p(GAGGUAG)	hsa-let-7f-5p(GAGGUAG)	hsa-let-7g-5p(GAGGUAG)	hsa-let-7i-5p(GAGGUAG)	(Minor share - Excluded)
hsa-let-7g-5p	=	hsa-let-7a-5p(GAGGUAG)	hsa-let-7b-5p(GAGGUAG)	hsa-let-7c-5p(GAGGUAG)	hsa-let-7d-5p(GAGGUAG)	hsa-let-7e-5p(GAGGUAG)	hsa-let-7f-5p(GAGGUAG)	hsa-let-7g-5p(GAGGUAG)	hsa-let-7i-5p(GAGGUAG)	(Minor share - Excluded)
hsa-let-7i-5p	=	hsa-let-7a-5p(GAGGUAG)	hsa-let-7b-5p(GAGGUAG)	hsa-let-7c-5p(GAGGUAG)	hsa-let-7d-5p(GAGGUAG)	hsa-let-7e-5p(GAGGUAG)	hsa-let-7f-5p(GAGGUAG)	hsa-let-7g-5p(GAGGUAG)	hsa-let-7i-5p(GAGGUAG)	(Minor share - Excluded)
hsa-mir-101-5p	=	hsa-mir-101-5p(ACAGUAC)
hsa-mir-103-5p	=	hsa-mir-103-5p(GCAGCAU)	hsa-mir-107-5p(GCAGCAU)
hsa-mir-106b-5p	=	hsa-mir-106b-5p(AAAGUGC)	hsa-mir-17-5p(AAAGUGC)	hsa-mir-20a-5p(AAAGUGC)	hsa-mir-93-5p(AAAGUGC)	(Minor share - Excluded)
hsa-mir-107-5p	=	hsa-mir-103-5p(GCAGCAU)	hsa-mir-107-5p(GCAGCAU)	(Minor share - Excluded)
hsa-mir-10a-5p	=	hsa-mir-10a-5p(ACCCUGU)	hsa-mir-10b-5p(ACCCUGU)
hsa-mir-10b-5p	=	hsa-mir-10a-5p(ACCCUGU)	hsa-mir-10b-5p(ACCCUGU)	(Minor share - Excluded)
hsa-mir-124-5p	=	hsa-mir-124-5p(AAGGCAC)
hsa-mir-125a-5p	=	hsa-mir-125a-5p(CCCUGAG)
hsa-mir-126-5p	=	hsa-mir-126-5p(CGUACCG)
hsa-mir-128a-5p	=	hsa-mir-128a-5p(CACAGUG)
hsa-mir-130a-5p	=	hsa-mir-130a-5p(AGUGCAA)	hsa-mir-130b-5p(AGUGCAA)	hsa-mir-301-5p(AGUGCAA)
hsa-mir-130b-5p	=	hsa-mir-130a-5p(AGUGCAA)	hsa-mir-130b-5p(AGUGCAA)	hsa-mir-301-5p(AGUGCAA)	(Minor share - Excluded)
hsa-mir-132-5p	=	hsa-mir-132-5p(AACAGUC)
hsa-mir-140-5p	=	hsa-mir-140-5p(AGUGGUU)
hsa-mir-141-5p	=	hsa-mir-141-5p(AACACUG)	hsa-mir-200a-5p(AACACUG)	(Minor share - Excluded)
hsa-mir-142-3p	=	hsa-mir-142-3p(GUAGUGU)
hsa-mir-142-5p	=	hsa-mir-142-5p(AUAAAGU)
hsa-mir-151-5p	=	hsa-mir-151-5p(CGAGGAG)
hsa-mir-153-5p	=	hsa-mir-153-5p(UGCAUAG)
hsa-mir-15a-5p	=	hsa-mir-15a-5p(AGCAGCA)	hsa-mir-15b-5p(AGCAGCA)	hsa-mir-16-5p(AGCAGCA)	hsa-mir-195-5p(AGCAGCA)	hsa-mir-424-5p(AGCAGCA)	(Minor share - Excluded)
hsa-mir-15b-5p	=	hsa-mir-15a-5p(AGCAGCA)	hsa-mir-15b-5p(AGCAGCA)	hsa-mir-16-5p(AGCAGCA)	hsa-mir-195-5p(AGCAGCA)	hsa-mir-424-5p(AGCAGCA)	(Minor share - Excluded)
hsa-mir-16-5p	=	hsa-mir-15a-5p(AGCAGCA)	hsa-mir-15b-5p(AGCAGCA)	hsa-mir-16-5p(AGCAGCA)	hsa-mir-195-5p(AGCAGCA)	hsa-mir-424-5p(AGCAGCA)
hsa-mir-17-3p	=	hsa-mir-17-3p(CUGCAGU)
hsa-mir-17-5p	=	hsa-mir-106b-5p(AAAGUGC)	hsa-mir-17-5p(AAAGUGC)	hsa-mir-20a-5p(AAAGUGC)	hsa-mir-93-5p(AAAGUGC)
hsa-mir-181a-5p	=	hsa-mir-181a-5p(ACAUUCA)	hsa-mir-181b-5p(ACAUUCA)
hsa-mir-181b-5p	=	hsa-mir-181a-5p(ACAUUCA)	hsa-mir-181b-5p(ACAUUCA)	(Minor share - Excluded)
hsa-mir-182-5p	=	hsa-mir-182-5p(UUGGCAA)
hsa-mir-183-5p	=	hsa-mir-183-5p(AUGGCAC)
hsa-mir-185-5p	=	hsa-mir-185-5p(GGAGAGA)
hsa-mir-186-5p	=	hsa-mir-186-5p(AAAGAAU)
hsa-mir-188-5p	=	hsa-mir-188-5p(AUCCCUU)
hsa-mir-18a-5p	=	hsa-mir-18a-5p(AAGGUGC)
hsa-mir-191-5p	=	hsa-mir-191-5p(AACGGAA)
hsa-mir-192-5p	=	hsa-mir-192-5p(UGACCUA)	hsa-mir-215-5p(UGACCUA)
hsa-mir-193a-5p	=	hsa-mir-193a-5p(GGGUCUU)
hsa-mir-194-5p	=	hsa-mir-194-5p(GUAACAG)
hsa-mir-195-5p	=	hsa-mir-15a-5p(AGCAGCA)	hsa-mir-15b-5p(AGCAGCA)	hsa-mir-16-5p(AGCAGCA)	hsa-mir-195-5p(AGCAGCA)	hsa-mir-424-5p(AGCAGCA)	(Minor share - Excluded)
hsa-mir-196a-5p	=	hsa-mir-196a-5p(AGGUAGU)	hsa-mir-196b-5p(AGGUAGU)
hsa-mir-196b-5p	=	hsa-mir-196a-5p(AGGUAGU)	hsa-mir-196b-5p(AGGUAGU)	(Minor share - Excluded)
hsa-mir-19a-5p	=	hsa-mir-19a-5p(GUGCAAA)	hsa-mir-19b-5p(GUGCAAA)	(Minor share - Excluded)
hsa-mir-19b-5p	=	hsa-mir-19a-5p(GUGCAAA)	hsa-mir-19b-5p(GUGCAAA)
hsa-mir-200a-5p	=	hsa-mir-141-5p(AACACUG)	hsa-mir-200a-5p(AACACUG)
hsa-mir-200b-5p	=	hsa-mir-200b-5p(AAUACUG)	hsa-mir-200c-5p(AAUACUG)	(Minor share - Excluded)
hsa-mir-200c-5p	=	hsa-mir-200b-5p(AAUACUG)	hsa-mir-200c-5p(AAUACUG)
hsa-mir-203-5p	=	hsa-mir-203-5p(UGAAAUG)
hsa-mir-205-5p	=	hsa-mir-205-5p(CCUUCAU)
hsa-mir-20a-5p	=	hsa-mir-106b-5p(AAAGUGC)	hsa-mir-17-5p(AAAGUGC)	hsa-mir-20a-5p(AAAGUGC)	hsa-mir-93-5p(AAAGUGC)	(Minor share - Excluded)
hsa-mir-21-5p	=	hsa-mir-21-5p(AGCUUAU)
hsa-mir-215-5p	=	hsa-mir-192-5p(UGACCUA)	hsa-mir-215-5p(UGACCUA)	(Minor share - Excluded)
hsa-mir-218-5p	=	hsa-mir-218-5p(UGUGCUU)
hsa-mir-22-5p	=	hsa-mir-22-5p(AGCUGCC)
hsa-mir-221-5p	=	hsa-mir-221-5p(GCUACAU)	hsa-mir-222-5p(GCUACAU)	(Minor share - Excluded)
hsa-mir-222-5p	=	hsa-mir-221-5p(GCUACAU)	hsa-mir-222-5p(GCUACAU)
hsa-mir-224-5p	=	hsa-mir-224-5p(AAGUCAC)
hsa-mir-23a-5p	=	hsa-mir-23a-5p(UCACAUU)	hsa-mir-23b-5p(UCACAUU)
hsa-mir-23b-5p	=	hsa-mir-23a-5p(UCACAUU)	hsa-mir-23b-5p(UCACAUU)	(Minor share - Excluded)
hsa-mir-24-5p	=	hsa-mir-24-5p(GGCUCAG)
hsa-mir-25-5p	=	hsa-mir-25-5p(AUUGCAC)	hsa-mir-32-5p(AUUGCAC)	hsa-mir-92a-5p(AUUGCAC)	(Minor share - Excluded)
hsa-mir-26a-5p	=	hsa-mir-26a-5p(UCAAGUA)	hsa-mir-26b-5p(UCAAGUA)
hsa-mir-26b-5p	=	hsa-mir-26a-5p(UCAAGUA)	hsa-mir-26b-5p(UCAAGUA)	(Minor share - Excluded)
hsa-mir-27a-5p	=	hsa-mir-27a-5p(UCACAGU)	hsa-mir-27b-5p(UCACAGU)	(Minor share - Excluded)
hsa-mir-27b-5p	=	hsa-mir-27a-5p(UCACAGU)	hsa-mir-27b-5p(UCACAGU)
hsa-mir-28-5p	=	hsa-mir-28-5p(AGGAGCU)
hsa-mir-29a-5p	=	hsa-mir-29a-5p(AGCACCA)	hsa-mir-29b-5p(AGCACCA)	hsa-mir-29c-5p(AGCACCA)	(Minor share - Excluded)
hsa-mir-29b-5p	=	hsa-mir-29a-5p(AGCACCA)	hsa-mir-29b-5p(AGCACCA)	hsa-mir-29c-5p(AGCACCA)
hsa-mir-29c-5p	=	hsa-mir-29a-5p(AGCACCA)	hsa-mir-29b-5p(AGCACCA)	hsa-mir-29c-5p(AGCACCA)	(Minor share - Excluded)
hsa-mir-301-5p	=	hsa-mir-130a-5p(AGUGCAA)	hsa-mir-130b-5p(AGUGCAA)	hsa-mir-301-5p(AGUGCAA)	(Minor share - Excluded)
hsa-mir-302b-5p	=	hsa-mir-302b-5p(AAGUGCU)	hsa-mir-372-5p(AAGUGCU)	hsa-mir-373-5p(AAGUGCU)	(Minor share - Excluded)
hsa-mir-30a-3p	=	hsa-mir-30a-3p(UUUCAGU)
hsa-mir-30b-5p	=	hsa-mir-30b-5p(GUAAACA)	hsa-mir-30c-5p(GUAAACA)	hsa-mir-30d-5p(GUAAACA)	hsa-mir-30e-5p(GUAAACA)	(Minor share - Excluded)
hsa-mir-30c-5p	=	hsa-mir-30b-5p(GUAAACA)	hsa-mir-30c-5p(GUAAACA)	hsa-mir-30d-5p(GUAAACA)	hsa-mir-30e-5p(GUAAACA)	(Minor share - Excluded)
hsa-mir-30d-5p	=	hsa-mir-30b-5p(GUAAACA)	hsa-mir-30c-5p(GUAAACA)	hsa-mir-30d-5p(GUAAACA)	hsa-mir-30e-5p(GUAAACA)
hsa-mir-30e-5p	=	hsa-mir-30b-5p(GUAAACA)	hsa-mir-30c-5p(GUAAACA)	hsa-mir-30d-5p(GUAAACA)	hsa-mir-30e-5p(GUAAACA)	(Minor share - Excluded)
hsa-mir-31-5p	=	hsa-mir-31-5p(GGCAAGA)
hsa-mir-32-5p	=	hsa-mir-25-5p(AUUGCAC)	hsa-mir-32-5p(AUUGCAC)	hsa-mir-92a-5p(AUUGCAC)
hsa-mir-320-5p	=	hsa-mir-320-5p(AAAGCUG)
hsa-mir-324-5p	=	hsa-mir-324-5p(GCAUCCC)
hsa-mir-33-5p	=	hsa-mir-33-5p(UGCAUUG)
hsa-mir-335-5p	=	hsa-mir-335-5p(CAAGAGC)
hsa-mir-338-5p	=	hsa-mir-338-5p(ACAAUAU)
hsa-mir-365-5p	=	hsa-mir-365-5p(AAUGCCC)
hsa-mir-371-5p	=	hsa-mir-371-5p(CUCAAAC)
hsa-mir-372-5p	=	hsa-mir-302b-5p(AAGUGCU)	hsa-mir-372-5p(AAGUGCU)	hsa-mir-373-5p(AAGUGCU)
hsa-mir-373-5p	=	hsa-mir-302b-5p(AAGUGCU)	hsa-mir-372-5p(AAGUGCU)	hsa-mir-373-5p(AAGUGCU)	(Minor share - Excluded)
hsa-mir-374a-5p	=	hsa-mir-374a-5p(UAUAAUA)
hsa-mir-378-5p	=	hsa-mir-378-5p(CUGGACU)
hsa-mir-423-5p	=	hsa-mir-423-5p(GAGGGGC)
hsa-mir-424-5p	=	hsa-mir-15a-5p(AGCAGCA)	hsa-mir-15b-5p(AGCAGCA)	hsa-mir-16-5p(AGCAGCA)	hsa-mir-195-5p(AGCAGCA)	hsa-mir-424-5p(AGCAGCA)	(Minor share - Excluded)
hsa-mir-425-5p	=	hsa-mir-425-5p(AUGACAC)
hsa-mir-7-5p	=	hsa-mir-7-5p(GGAAGAC)
hsa-mir-9-5p	=	hsa-mir-9-5p(CUUUGGU)
hsa-mir-92a-5p	=	hsa-mir-25-5p(AUUGCAC)	hsa-mir-32-5p(AUUGCAC)	hsa-mir-92a-5p(AUUGCAC)	(Minor share - Excluded)
hsa-mir-93-5p	=	hsa-mir-106b-5p(AAAGUGC)	hsa-mir-17-5p(AAAGUGC)	hsa-mir-20a-5p(AAAGUGC)	hsa-mir-93-5p(AAAGUGC)	(Minor share - Excluded)
hsa-mir-95-5p	=	hsa-mir-95-5p(UCAACGG)
hsa-mir-96-5p	=	hsa-mir-96-5p(UUGGCAC)
hsa-mir-99a-5p	=	hsa-mir-99a-5p(ACCCGUA)	hsa-mir-99b-5p(ACCCGUA)	(Minor share - Excluded)
hsa-mir-99b-5p	=	hsa-mir-99a-5p(ACCCGUA)	hsa-mir-99b-5p(ACCCGUA)
