hsa-let-7a-1	=	hsa-let-7a-1(GAGGTAG)	hsa-let-7a-2(GAGGTAG)	hsa-let-7a-3(GAGGTAG)	hsa-let-7b(GAGGTAG)	hsa-let-7c(GAGGTAG)	hsa-let-7d(GAGGTAG)	hsa-let-7e(GAGGTAG)	hsa-let-7f-1(GAGGTAG)	hsa-let-7f-2(GAGGTAG)	hsa-let-7g(GAGGTAG)	hsa-let-7i(GAGGTAG)	hsa-mir-98(GAGGTAG)	(Minor share - Excluded)
hsa-let-7a-1*	=	hsa-let-7a-1*(TATACAA)	hsa-let-7a-3*(TATACAA)	hsa-let-7b*(TATACAA)	hsa-let-7f-1*(TATACAA)	hsa-mir-98*(TATACAA)	(Minor share - Excluded)
hsa-let-7a-2	=	hsa-let-7a-1(GAGGTAG)	hsa-let-7a-2(GAGGTAG)	hsa-let-7a-3(GAGGTAG)	hsa-let-7b(GAGGTAG)	hsa-let-7c(GAGGTAG)	hsa-let-7d(GAGGTAG)	hsa-let-7e(GAGGTAG)	hsa-let-7f-1(GAGGTAG)	hsa-let-7f-2(GAGGTAG)	hsa-let-7g(GAGGTAG)	hsa-let-7i(GAGGTAG)	hsa-mir-98(GAGGTAG)	(Minor share - Excluded)
hsa-let-7a-2*	=	hsa-let-7a-2*(TGTACAG)	hsa-let-7g*(TGTACAG)	(Minor share - Excluded)
hsa-let-7a-3	=	hsa-let-7a-1(GAGGTAG)	hsa-let-7a-2(GAGGTAG)	hsa-let-7a-3(GAGGTAG)	hsa-let-7b(GAGGTAG)	hsa-let-7c(GAGGTAG)	hsa-let-7d(GAGGTAG)	hsa-let-7e(GAGGTAG)	hsa-let-7f-1(GAGGTAG)	hsa-let-7f-2(GAGGTAG)	hsa-let-7g(GAGGTAG)	hsa-let-7i(GAGGTAG)	hsa-mir-98(GAGGTAG)	(Minor share - Excluded)
hsa-let-7a-3*	=	hsa-let-7a-1*(TATACAA)	hsa-let-7a-3*(TATACAA)	hsa-let-7b*(TATACAA)	hsa-let-7f-1*(TATACAA)	hsa-mir-98*(TATACAA)	(Minor share - Excluded)
hsa-let-7b	=	hsa-let-7a-1(GAGGTAG)	hsa-let-7a-2(GAGGTAG)	hsa-let-7a-3(GAGGTAG)	hsa-let-7b(GAGGTAG)	hsa-let-7c(GAGGTAG)	hsa-let-7d(GAGGTAG)	hsa-let-7e(GAGGTAG)	hsa-let-7f-1(GAGGTAG)	hsa-let-7f-2(GAGGTAG)	hsa-let-7g(GAGGTAG)	hsa-let-7i(GAGGTAG)	hsa-mir-98(GAGGTAG)
hsa-let-7b*	=	hsa-let-7a-1*(TATACAA)	hsa-let-7a-3*(TATACAA)	hsa-let-7b*(TATACAA)	hsa-let-7f-1*(TATACAA)	hsa-mir-98*(TATACAA)
hsa-let-7c	=	hsa-let-7a-1(GAGGTAG)	hsa-let-7a-2(GAGGTAG)	hsa-let-7a-3(GAGGTAG)	hsa-let-7b(GAGGTAG)	hsa-let-7c(GAGGTAG)	hsa-let-7d(GAGGTAG)	hsa-let-7e(GAGGTAG)	hsa-let-7f-1(GAGGTAG)	hsa-let-7f-2(GAGGTAG)	hsa-let-7g(GAGGTAG)	hsa-let-7i(GAGGTAG)	hsa-mir-98(GAGGTAG)	(Minor share - Excluded)
hsa-let-7c*	=	hsa-let-7c*(TGTACAA)
hsa-let-7d	=	hsa-let-7a-1(GAGGTAG)	hsa-let-7a-2(GAGGTAG)	hsa-let-7a-3(GAGGTAG)	hsa-let-7b(GAGGTAG)	hsa-let-7c(GAGGTAG)	hsa-let-7d(GAGGTAG)	hsa-let-7e(GAGGTAG)	hsa-let-7f-1(GAGGTAG)	hsa-let-7f-2(GAGGTAG)	hsa-let-7g(GAGGTAG)	hsa-let-7i(GAGGTAG)	hsa-mir-98(GAGGTAG)	(Minor share - Excluded)
hsa-let-7d*	=	hsa-let-7d*(TATACGA)
hsa-let-7e	=	hsa-let-7a-1(GAGGTAG)	hsa-let-7a-2(GAGGTAG)	hsa-let-7a-3(GAGGTAG)	hsa-let-7b(GAGGTAG)	hsa-let-7c(GAGGTAG)	hsa-let-7d(GAGGTAG)	hsa-let-7e(GAGGTAG)	hsa-let-7f-1(GAGGTAG)	hsa-let-7f-2(GAGGTAG)	hsa-let-7g(GAGGTAG)	hsa-let-7i(GAGGTAG)	hsa-mir-98(GAGGTAG)	(Minor share - Excluded)
hsa-let-7e*	=	hsa-let-7e*(TATACGG)
hsa-let-7f-1	=	hsa-let-7a-1(GAGGTAG)	hsa-let-7a-2(GAGGTAG)	hsa-let-7a-3(GAGGTAG)	hsa-let-7b(GAGGTAG)	hsa-let-7c(GAGGTAG)	hsa-let-7d(GAGGTAG)	hsa-let-7e(GAGGTAG)	hsa-let-7f-1(GAGGTAG)	hsa-let-7f-2(GAGGTAG)	hsa-let-7g(GAGGTAG)	hsa-let-7i(GAGGTAG)	hsa-mir-98(GAGGTAG)	(Minor share - Excluded)
hsa-let-7f-1*	=	hsa-let-7a-1*(TATACAA)	hsa-let-7a-3*(TATACAA)	hsa-let-7b*(TATACAA)	hsa-let-7f-1*(TATACAA)	hsa-mir-98*(TATACAA)	(Minor share - Excluded)
hsa-let-7f-2	=	hsa-let-7a-1(GAGGTAG)	hsa-let-7a-2(GAGGTAG)	hsa-let-7a-3(GAGGTAG)	hsa-let-7b(GAGGTAG)	hsa-let-7c(GAGGTAG)	hsa-let-7d(GAGGTAG)	hsa-let-7e(GAGGTAG)	hsa-let-7f-1(GAGGTAG)	hsa-let-7f-2(GAGGTAG)	hsa-let-7g(GAGGTAG)	hsa-let-7i(GAGGTAG)	hsa-mir-98(GAGGTAG)	(Minor share - Excluded)
hsa-let-7f-2*	=	hsa-let-7f-2*(TATACAG)	hsa-mir-1185-1-3p(TATACAG)	hsa-mir-1185-2-3p(TATACAG)
hsa-let-7g	=	hsa-let-7a-1(GAGGTAG)	hsa-let-7a-2(GAGGTAG)	hsa-let-7a-3(GAGGTAG)	hsa-let-7b(GAGGTAG)	hsa-let-7c(GAGGTAG)	hsa-let-7d(GAGGTAG)	hsa-let-7e(GAGGTAG)	hsa-let-7f-1(GAGGTAG)	hsa-let-7f-2(GAGGTAG)	hsa-let-7g(GAGGTAG)	hsa-let-7i(GAGGTAG)	hsa-mir-98(GAGGTAG)	(Minor share - Excluded)
hsa-let-7g*	=	hsa-let-7a-2*(TGTACAG)	hsa-let-7g*(TGTACAG)
hsa-let-7i	=	hsa-let-7a-1(GAGGTAG)	hsa-let-7a-2(GAGGTAG)	hsa-let-7a-3(GAGGTAG)	hsa-let-7b(GAGGTAG)	hsa-let-7c(GAGGTAG)	hsa-let-7d(GAGGTAG)	hsa-let-7e(GAGGTAG)	hsa-let-7f-1(GAGGTAG)	hsa-let-7f-2(GAGGTAG)	hsa-let-7g(GAGGTAG)	hsa-let-7i(GAGGTAG)	hsa-mir-98(GAGGTAG)	(Minor share - Excluded)
hsa-let-7i*	=	hsa-let-7i*(TGCGCAA)
hsa-mir-1-1	=	hsa-mir-1-1(GGAATGT)	hsa-mir-1-2(GGAATGT)	hsa-mir-206(GGAATGT)	(Minor share - Excluded)
hsa-mir-1-1*	=	hsa-mir-1-1*(CATACTT)	hsa-mir-1-2*(CATACTT)
hsa-mir-1-2	=	hsa-mir-1-1(GGAATGT)	hsa-mir-1-2(GGAATGT)	hsa-mir-206(GGAATGT)
hsa-mir-1-2*	=	hsa-mir-1-1*(CATACTT)	hsa-mir-1-2*(CATACTT)
hsa-mir-100	=	hsa-mir-100(ACCCGTA)	hsa-mir-99a(ACCCGTA)	hsa-mir-99b(ACCCGTA)	(Minor share - Excluded)
hsa-mir-100*	=	hsa-mir-100*(AAGCTTG)
hsa-mir-101-1	=	hsa-mir-101-1(ACAGTAC)	hsa-mir-101-2(ACAGTAC)	(Minor share - Excluded)
hsa-mir-101-1*	=	hsa-mir-101-1*(CAGTTAT)
hsa-mir-101-2	=	hsa-mir-101-1(ACAGTAC)	hsa-mir-101-2(ACAGTAC)
hsa-mir-101-2*	=	hsa-mir-101-2*(CGGTTAT)
hsa-mir-103-1	=	hsa-mir-103-1(GCAGCAT)	hsa-mir-103-2(GCAGCAT)	hsa-mir-107(GCAGCAT)	(Minor share - Excluded)
hsa-mir-103-1*	=	hsa-mir-103-1*(GCTTCTT)	hsa-mir-103-2*(GCTTCTT)	hsa-mir-107*(GCTTCTT)	(Minor share - Excluded)
hsa-mir-103-2	=	hsa-mir-103-1(GCAGCAT)	hsa-mir-103-2(GCAGCAT)	hsa-mir-107(GCAGCAT)
hsa-mir-103-2*	=	hsa-mir-103-1*(GCTTCTT)	hsa-mir-103-2*(GCTTCTT)	hsa-mir-107*(GCTTCTT)
hsa-mir-105-1	=	hsa-mir-105-1(CAAATGC)	hsa-mir-105-2(CAAATGC)
hsa-mir-105-1*	=	hsa-mir-105-1*(CACGGAT)	hsa-mir-105-2*(CACGGAT)
hsa-mir-105-2	=	hsa-mir-105-1(CAAATGC)	hsa-mir-105-2(CAAATGC)
hsa-mir-105-2*	=	hsa-mir-105-1*(CACGGAT)	hsa-mir-105-2*(CACGGAT)
hsa-mir-106a	=	hsa-mir-106a(AAAGTGC)	hsa-mir-106b(AAAGTGC)	hsa-mir-17(AAAGTGC)	hsa-mir-20a(AAAGTGC)	hsa-mir-20b(AAAGTGC)	hsa-mir-519d(AAAGTGC)	hsa-mir-526b-3p(AAAGTGC)	hsa-mir-93(AAAGTGC)	(Minor share - Excluded)
hsa-mir-106a*	=	hsa-mir-106a*(CTGCAAT)
hsa-mir-106b	=	hsa-mir-106a(AAAGTGC)	hsa-mir-106b(AAAGTGC)	hsa-mir-17(AAAGTGC)	hsa-mir-20a(AAAGTGC)	hsa-mir-20b(AAAGTGC)	hsa-mir-519d(AAAGTGC)	hsa-mir-526b-3p(AAAGTGC)	hsa-mir-93(AAAGTGC)	(Minor share - Excluded)
hsa-mir-106b*	=	hsa-mir-106b*(CGCACTG)
hsa-mir-107	=	hsa-mir-103-1(GCAGCAT)	hsa-mir-103-2(GCAGCAT)	hsa-mir-107(GCAGCAT)	(Minor share - Excluded)
hsa-mir-107*	=	hsa-mir-103-1*(GCTTCTT)	hsa-mir-103-2*(GCTTCTT)	hsa-mir-107*(GCTTCTT)	(Minor share - Excluded)
hsa-mir-10a	=	hsa-mir-10a(ACCCTGT)	hsa-mir-10b(ACCCTGT)	(Minor share - Excluded)
hsa-mir-10a*	=	hsa-mir-10a*(AAATTCG)
hsa-mir-10b	=	hsa-mir-10a(ACCCTGT)	hsa-mir-10b(ACCCTGT)
hsa-mir-10b*	=	hsa-mir-10b*(AGATTCG)
hsa-mir-1179	=	hsa-mir-1179(AGCATTC)
hsa-mir-1179*	=	hsa-mir-1179*(ACCAATA)
hsa-mir-1180	=	hsa-mir-1180(TTCCGGC)
hsa-mir-1180*	=	hsa-mir-1180*(GACCCAC)
hsa-mir-1185-1-3p	=	hsa-let-7f-2*(TATACAG)	hsa-mir-1185-1-3p(TATACAG)	hsa-mir-1185-2-3p(TATACAG)	(Minor share - Excluded)
hsa-mir-1185-1-5p	=	hsa-mir-1185-1-5p(GAGGATA)	hsa-mir-1185-2-5p(GAGGATA)	hsa-mir-3679-5p(GAGGATA)
hsa-mir-1185-2-3p	=	hsa-let-7f-2*(TATACAG)	hsa-mir-1185-1-3p(TATACAG)	hsa-mir-1185-2-3p(TATACAG)	(Minor share - Excluded)
hsa-mir-1185-2-5p	=	hsa-mir-1185-1-5p(GAGGATA)	hsa-mir-1185-2-5p(GAGGATA)	hsa-mir-3679-5p(GAGGATA)
hsa-mir-1193-3p	=	hsa-mir-1193-3p(AGGTCAC)	hsa-mir-370*(AGGTCAC)	(Minor share - Excluded)
hsa-mir-1193-5p	=	hsa-mir-1193-5p(GGATGGT)
hsa-mir-1197	=	hsa-mir-1197(AGGACAC)
hsa-mir-1197*	=	hsa-mir-1197*(GGTTGAC)
hsa-mir-122	=	hsa-mir-122(GGAGTGT)
hsa-mir-122*	=	hsa-mir-122*(ACGCCAT)
hsa-mir-124-1	=	hsa-mir-124-1(AAGGCAC)	hsa-mir-124-2(AAGGCAC)	hsa-mir-124-3(AAGGCAC)
hsa-mir-124-1*	=	hsa-mir-124-1*(GTGTTCA)	hsa-mir-124-2*(GTGTTCA)	hsa-mir-124-3*(GTGTTCA)
hsa-mir-124-2	=	hsa-mir-124-1(AAGGCAC)	hsa-mir-124-2(AAGGCAC)	hsa-mir-124-3(AAGGCAC)
hsa-mir-124-2*	=	hsa-mir-124-1*(GTGTTCA)	hsa-mir-124-2*(GTGTTCA)	hsa-mir-124-3*(GTGTTCA)
hsa-mir-124-3	=	hsa-mir-124-1(AAGGCAC)	hsa-mir-124-2(AAGGCAC)	hsa-mir-124-3(AAGGCAC)
hsa-mir-124-3*	=	hsa-mir-124-1*(GTGTTCA)	hsa-mir-124-2*(GTGTTCA)	hsa-mir-124-3*(GTGTTCA)
hsa-mir-1245-3p	=	hsa-mir-1245-3p(AGTGATC)
hsa-mir-1245-5p	=	hsa-mir-1245-5p(TATAGGC)
hsa-mir-1247	=	hsa-mir-1247(CCCGTCC)
hsa-mir-1247*	=	hsa-mir-1247*(GGGAACG)
hsa-mir-1249	=	hsa-mir-1249(CGCCCTT)
hsa-mir-1249*	=	hsa-mir-1249*(GGAGGGA)
hsa-mir-1250	=	hsa-mir-1250(CGGTGCT)
hsa-mir-1250*	=	hsa-mir-1250*(GGCCACA)
hsa-mir-1251	=	hsa-mir-1251(CTCTAGC)
hsa-mir-1251*	=	hsa-mir-1251*(GCTTTGC)
hsa-mir-1252	=	hsa-mir-1252(GAAGGAA)
hsa-mir-1252*	=	hsa-mir-1252*(ATGAGCT)	hsa-mir-556-5p(ATGAGCT)	(Minor share - Excluded)
hsa-mir-1255a-3p	=	hsa-mir-1255a-3p(TATCTTC)
hsa-mir-1255a-5p	=	hsa-mir-1255a-5p(GGATGAG)	hsa-mir-1255b(GGATGAG)
hsa-mir-1255b	=	hsa-mir-1255a-5p(GGATGAG)	hsa-mir-1255b(GGATGAG)	(Minor share - Excluded)
hsa-mir-1255b*	=	hsa-mir-1255b*(CACTTTC)
hsa-mir-1256-3p	=	hsa-mir-1256-3p(TAAAGAG)
hsa-mir-1256-5p	=	hsa-mir-1256-5p(GGCATTG)
hsa-mir-1258-3p	=	hsa-mir-1258-3p(GTTAGGA)
hsa-mir-1258-5p	=	hsa-mir-1258-5p(GGCTTCC)
hsa-mir-125a	=	hsa-mir-125a(CCCTGAG)	hsa-mir-125b-1(CCCTGAG)	hsa-mir-125b-2(CCCTGAG)	(Minor share - Excluded)
hsa-mir-125a*	=	hsa-mir-125a*(CAGGTGA)
hsa-mir-125b-1	=	hsa-mir-125a(CCCTGAG)	hsa-mir-125b-1(CCCTGAG)	hsa-mir-125b-2(CCCTGAG)
hsa-mir-125b-1*	=	hsa-mir-125b-1*(CGGGTTA)
hsa-mir-125b-2	=	hsa-mir-125a(CCCTGAG)	hsa-mir-125b-1(CCCTGAG)	hsa-mir-125b-2(CCCTGAG)	(Minor share - Excluded)
hsa-mir-125b-2*	=	hsa-mir-125b-2*(CAAGTCA)
hsa-mir-126	=	hsa-mir-126(CGTACCG)
hsa-mir-126*	=	hsa-mir-126*(ATTATTA)
hsa-mir-1263-3p	=	hsa-mir-1263-3p(CAGTATG)
hsa-mir-1263-5p	=	hsa-mir-1263-5p(TGGTACC)
hsa-mir-1264	=	hsa-mir-1264(AAGTCTT)
hsa-mir-1264*	=	hsa-mir-1264*(GGTCCTC)
hsa-mir-1266	=	hsa-mir-1266(CTCAGGG)
hsa-mir-1266*	=	hsa-mir-1266*(CCTGTTC)
hsa-mir-1269	=	hsa-mir-1269(TGGACTG)
hsa-mir-1269*	=	hsa-mir-1269*(GTTGGCA)
hsa-mir-127-3p	=	hsa-mir-127-3p(CGGATCC)
hsa-mir-127-5p	=	hsa-mir-127-5p(TGAAGCT)
hsa-mir-1270-1	=	hsa-mir-1270-1(TGGAGAT)	hsa-mir-1270-2(TGGAGAT)
hsa-mir-1270-1*	=	hsa-mir-1270-1*(GGCTTTT)	hsa-mir-1270-2*(GGCTTTT)
hsa-mir-1270-2	=	hsa-mir-1270-1(TGGAGAT)	hsa-mir-1270-2(TGGAGAT)
hsa-mir-1270-2*	=	hsa-mir-1270-1*(GGCTTTT)	hsa-mir-1270-2*(GGCTTTT)
hsa-mir-1271	=	hsa-mir-1271(TTGGCAC)	hsa-mir-96(TTGGCAC)	(Minor share - Excluded)
hsa-mir-1271*	=	hsa-mir-1271*(GTGCCTG)	hsa-mir-550-1-5p(GTGCCTG)	hsa-mir-550-2-5p(GTGCCTG)	(Minor share - Excluded)
hsa-mir-1277-3p	=	hsa-mir-1277-3p(ACGTAGA)
hsa-mir-1277-5p	=	hsa-mir-1277-5p(ATATATA)
hsa-mir-1278	=	hsa-mir-1278(AGTACTG)
hsa-mir-1278*	=	hsa-mir-1278*(GATGATA)	hsa-mir-3682-3p(GATGATA)	(Minor share - Excluded)
hsa-mir-128-1	=	hsa-mir-128-1(CACAGTG)	hsa-mir-128-2(CACAGTG)
hsa-mir-128-1*	=	hsa-mir-128-1*(GGGGCCG)	hsa-mir-128-2*(GGGGCCG)
hsa-mir-128-2	=	hsa-mir-128-1(CACAGTG)	hsa-mir-128-2(CACAGTG)	(Minor share - Excluded)
hsa-mir-128-2*	=	hsa-mir-128-1*(GGGGCCG)	hsa-mir-128-2*(GGGGCCG)	(Minor share - Excluded)
hsa-mir-1283-1-3p	=	hsa-mir-1283-1-3p(AAGCGCT)	hsa-mir-518e-3p(AAGCGCT)	(Minor share - Excluded)
hsa-mir-1283-1-5p	=	hsa-mir-1283-1-5p(CTACAAA)	hsa-mir-1283-2-5p(CTACAAA)
hsa-mir-1283-2-3p	=	hsa-mir-1283-2-3p(AAATCGC)
hsa-mir-1283-2-5p	=	hsa-mir-1283-1-5p(CTACAAA)	hsa-mir-1283-2-5p(CTACAAA)
hsa-mir-1284-3p	=	hsa-mir-1284-3p(AAAGCCC)
hsa-mir-1284-5p	=	hsa-mir-1284-5p(CTATACA)
hsa-mir-1286	=	hsa-mir-1286(GCAGGAC)
hsa-mir-1286*	=	hsa-mir-1286*(ACTCAGC)
hsa-mir-1287	=	hsa-mir-1287(GCTGGAT)
hsa-mir-1287*	=	hsa-mir-1287*(TCTAGCC)
hsa-mir-1289-3p	=	hsa-mir-1289-3p(GGAGTCC)
hsa-mir-1289-5p	=	hsa-mir-1289-5p(ATGCAGA)
hsa-mir-129-1-3p	=	hsa-mir-129-1-3p(AGCCCTT)	hsa-mir-129-2-3p(AGCCCTT)	(Minor share - Excluded)
hsa-mir-129-1-5p	=	hsa-mir-129-1-5p(TTTTTGC)	hsa-mir-129-2-5p(TTTTTGC)
hsa-mir-129-2-3p	=	hsa-mir-129-1-3p(AGCCCTT)	hsa-mir-129-2-3p(AGCCCTT)
hsa-mir-129-2-5p	=	hsa-mir-129-1-5p(TTTTTGC)	hsa-mir-129-2-5p(TTTTTGC)
hsa-mir-1293-3p	=	hsa-mir-1293-3p(AAATCTC)
hsa-mir-1293-5p	=	hsa-mir-1293-5p(CTGGGTG)
hsa-mir-1294-3p	=	hsa-mir-1294-3p(CAACAGT)
hsa-mir-1294-5p	=	hsa-mir-1294-5p(GTGAGGT)
hsa-mir-1295	=	hsa-mir-1295(TAGGCCG)
hsa-mir-1295*	=	hsa-mir-1295*(GCCCAGA)
hsa-mir-1296	=	hsa-mir-1296(TAGGGCC)
hsa-mir-1296*	=	hsa-mir-1296*(GTGGGGC)	hsa-mir-3151(GTGGGGC)
hsa-mir-1298-3p	=	hsa-mir-1298-3p(ATCTGGG)
hsa-mir-1298-5p	=	hsa-mir-1298-5p(TCATTCG)
hsa-mir-1301	=	hsa-mir-1301(TGCAGCT)
hsa-mir-1301*	=	hsa-mir-1301*(GTCGCTC)
hsa-mir-1303-3p	=	hsa-mir-1303-3p(TTTAGAG)
hsa-mir-1303-5p	=	hsa-mir-1303-5p(GCGAGAC)
hsa-mir-1304-3p	=	hsa-mir-1304-3p(CTCACTG)
hsa-mir-1304-5p	=	hsa-mir-1304-5p(GGTTTGA)
hsa-mir-1305	=	hsa-mir-1305(TTTCAAC)
hsa-mir-1305*	=	hsa-mir-1305*(CTACCAT)
hsa-mir-1306-3p	=	hsa-mir-1306-3p(ACGTTGG)
hsa-mir-1306-5p	=	hsa-mir-1306-5p(CACCTCC)
hsa-mir-1307	=	hsa-mir-1307(CGACCGG)
hsa-mir-1307*	=	hsa-mir-1307*(CTCGGCG)
hsa-mir-130a	=	hsa-mir-130a(AGTGCAA)	hsa-mir-130b-3p(AGTGCAA)	hsa-mir-301a(AGTGCAA)	hsa-mir-301b(AGTGCAA)	hsa-mir-454(AGTGCAA)
hsa-mir-130a*	=	hsa-mir-130a*(CTCTTTT)
hsa-mir-130b-3p	=	hsa-mir-130a(AGTGCAA)	hsa-mir-130b-3p(AGTGCAA)	hsa-mir-301a(AGTGCAA)	hsa-mir-301b(AGTGCAA)	hsa-mir-454(AGTGCAA)	(Minor share - Excluded)
hsa-mir-130b-5p	=	hsa-mir-130b-5p(CTCTTTC)
hsa-mir-132-3p	=	hsa-mir-132-3p(AACAGTC)	hsa-mir-212-3p(AACAGTC)
hsa-mir-132-5p	=	hsa-mir-132-5p(CCGTGGC)
hsa-mir-1323	=	hsa-mir-1323(CAAAACT)
hsa-mir-1323*	=	hsa-mir-1323*(AAGTGCA)	hsa-mir-519a-1(AAGTGCA)	hsa-mir-519a-2(AAGTGCA)	hsa-mir-519b(AAGTGCA)	hsa-mir-519c(AAGTGCA)	(Minor share - Excluded)
hsa-mir-133a-1	=	hsa-mir-133a-1(TTGGTCC)	hsa-mir-133a-2(TTGGTCC)	hsa-mir-133b(TTGGTCC)
hsa-mir-133a-1*	=	hsa-mir-133a-1*(GCTGGTA)	hsa-mir-133a-2*(GCTGGTA)
hsa-mir-133a-2	=	hsa-mir-133a-1(TTGGTCC)	hsa-mir-133a-2(TTGGTCC)	hsa-mir-133b(TTGGTCC)
hsa-mir-133a-2*	=	hsa-mir-133a-1*(GCTGGTA)	hsa-mir-133a-2*(GCTGGTA)
hsa-mir-133b	=	hsa-mir-133a-1(TTGGTCC)	hsa-mir-133a-2(TTGGTCC)	hsa-mir-133b(TTGGTCC)	(Minor share - Excluded)
hsa-mir-133b*	=	hsa-mir-133b*(CTGGTCA)
hsa-mir-134	=	hsa-mir-134(GTGACTG)
hsa-mir-134*	=	hsa-mir-134*(TGTGGGC)
hsa-mir-135a-1	=	hsa-mir-135a-1(ATGGCTT)	hsa-mir-135a-2(ATGGCTT)	hsa-mir-135b(ATGGCTT)	(Minor share - Excluded)
hsa-mir-135a-1*	=	hsa-mir-135a-1*(TATAGGG)
hsa-mir-135a-2	=	hsa-mir-135a-1(ATGGCTT)	hsa-mir-135a-2(ATGGCTT)	hsa-mir-135b(ATGGCTT)	(Minor share - Excluded)
hsa-mir-135a-2*	=	hsa-mir-135a-2*(GTAGGGA)
hsa-mir-135b	=	hsa-mir-135a-1(ATGGCTT)	hsa-mir-135a-2(ATGGCTT)	hsa-mir-135b(ATGGCTT)
hsa-mir-135b*	=	hsa-mir-135b*(TGTAGGG)
hsa-mir-136-3p	=	hsa-mir-136-3p(TCATCGT)
hsa-mir-136-5p	=	hsa-mir-136-5p(CTCCATT)
hsa-mir-137	=	hsa-mir-137(TATTGCT)
hsa-mir-137*	=	hsa-mir-137*(CGGGTAT)
hsa-mir-138-1	=	hsa-mir-138-1(GCTGGTG)	hsa-mir-138-2(GCTGGTG)
hsa-mir-138-1*	=	hsa-mir-138-1*(CTACTTC)
hsa-mir-138-2	=	hsa-mir-138-1(GCTGGTG)	hsa-mir-138-2(GCTGGTG)	(Minor share - Excluded)
hsa-mir-138-2*	=	hsa-mir-138-2*(CTATTTC)
hsa-mir-139	=	hsa-mir-139(CTACAGT)
hsa-mir-139*	=	hsa-mir-139*(GGAGACG)
hsa-mir-140-3p	=	hsa-mir-140-3p(CCACAGG)
hsa-mir-140-5p	=	hsa-mir-140-5p(AGTGGTT)
hsa-mir-141	=	hsa-mir-141(AACACTG)	hsa-mir-200a(AACACTG)
hsa-mir-141*	=	hsa-mir-141*(ATCTTCC)
hsa-mir-142-3p	=	hsa-mir-142-3p(GTAGTGT)	hsa-mir-3129-5p(GTAGTGT)
hsa-mir-142-5p	=	hsa-mir-142-5p(ATAAAGT)
hsa-mir-143	=	hsa-mir-143(GAGATGA)
hsa-mir-143*	=	hsa-mir-143*(GTGCAGT)
hsa-mir-144	=	hsa-mir-144(ACAGTAT)
hsa-mir-144*	=	hsa-mir-144*(GATATCA)
hsa-mir-145	=	hsa-mir-145(TCCAGTT)
hsa-mir-145*	=	hsa-mir-145*(TTCCTGG)
hsa-mir-1468	=	hsa-mir-1468(TCCGTTT)
hsa-mir-1468*	=	hsa-mir-1468*(GCAAAAT)
hsa-mir-146a	=	hsa-mir-146a(GAGAACT)	hsa-mir-146b(GAGAACT)
hsa-mir-146a*	=	hsa-mir-146a*(CCTCTGA)
hsa-mir-146b	=	hsa-mir-146a(GAGAACT)	hsa-mir-146b(GAGAACT)	(Minor share - Excluded)
hsa-mir-146b*	=	hsa-mir-146b*(CCCTGTG)
hsa-mir-147	=	hsa-mir-147(TGTGCGG)
hsa-mir-147*	=	hsa-mir-147*(GGAAACA)
hsa-mir-148a	=	hsa-mir-148a(CAGTGCA)	hsa-mir-148b(CAGTGCA)	hsa-mir-152(CAGTGCA)
hsa-mir-148a*	=	hsa-mir-148a*(AAGTTCT)	hsa-mir-148b*(AAGTTCT)
hsa-mir-148b	=	hsa-mir-148a(CAGTGCA)	hsa-mir-148b(CAGTGCA)	hsa-mir-152(CAGTGCA)	(Minor share - Excluded)
hsa-mir-148b*	=	hsa-mir-148a*(AAGTTCT)	hsa-mir-148b*(AAGTTCT)	(Minor share - Excluded)
hsa-mir-149	=	hsa-mir-149(CTGGCTC)
hsa-mir-149*	=	hsa-mir-149*(AGGGAGG)
hsa-mir-150	=	hsa-mir-150(CTCCCAA)
hsa-mir-150*	=	hsa-mir-150*(TGGTACA)
hsa-mir-151-3p	=	hsa-mir-151-3p(TAGACTG)
hsa-mir-151-5p	=	hsa-mir-151-5p(CGAGGAG)
hsa-mir-152	=	hsa-mir-148a(CAGTGCA)	hsa-mir-148b(CAGTGCA)	hsa-mir-152(CAGTGCA)	(Minor share - Excluded)
hsa-mir-152*	=	hsa-mir-152*(GGTTCTG)
hsa-mir-153-1	=	hsa-mir-153-1(TGCATAG)	hsa-mir-153-2(TGCATAG)
hsa-mir-153-1*	=	hsa-mir-153-1*(TCATTTT)	hsa-mir-153-2*(TCATTTT)	(Minor share - Excluded)
hsa-mir-153-2	=	hsa-mir-153-1(TGCATAG)	hsa-mir-153-2(TGCATAG)
hsa-mir-153-2*	=	hsa-mir-153-1*(TCATTTT)	hsa-mir-153-2*(TCATTTT)
hsa-mir-1537	=	hsa-mir-1537(AAACCGT)
hsa-mir-1537*	=	hsa-mir-1537*(GCTGTAA)
hsa-mir-154-3p	=	hsa-mir-154-3p(ATCATAC)	hsa-mir-487a-3p(ATCATAC)
hsa-mir-154-5p	=	hsa-mir-154-5p(AGGTTAT)
hsa-mir-155	=	hsa-mir-155(TAATGCT)
hsa-mir-155*	=	hsa-mir-155*(TCCTACA)
hsa-mir-15a	=	hsa-mir-15a(AGCAGCA)	hsa-mir-15b(AGCAGCA)	hsa-mir-16-1(AGCAGCA)	hsa-mir-16-2(AGCAGCA)	hsa-mir-195(AGCAGCA)	hsa-mir-424(AGCAGCA)	hsa-mir-497(AGCAGCA)	(Minor share - Excluded)
hsa-mir-15a*	=	hsa-mir-15a*(AGGCCAT)
hsa-mir-15b	=	hsa-mir-15a(AGCAGCA)	hsa-mir-15b(AGCAGCA)	hsa-mir-16-1(AGCAGCA)	hsa-mir-16-2(AGCAGCA)	hsa-mir-195(AGCAGCA)	hsa-mir-424(AGCAGCA)	hsa-mir-497(AGCAGCA)	(Minor share - Excluded)
hsa-mir-15b*	=	hsa-mir-15b*(GAATCAT)
hsa-mir-16-1	=	hsa-mir-15a(AGCAGCA)	hsa-mir-15b(AGCAGCA)	hsa-mir-16-1(AGCAGCA)	hsa-mir-16-2(AGCAGCA)	hsa-mir-195(AGCAGCA)	hsa-mir-424(AGCAGCA)	hsa-mir-497(AGCAGCA)	(Minor share - Excluded)
hsa-mir-16-1*	=	hsa-mir-16-1*(CAGTATT)
hsa-mir-16-2	=	hsa-mir-15a(AGCAGCA)	hsa-mir-15b(AGCAGCA)	hsa-mir-16-1(AGCAGCA)	hsa-mir-16-2(AGCAGCA)	hsa-mir-195(AGCAGCA)	hsa-mir-424(AGCAGCA)	hsa-mir-497(AGCAGCA)	(Minor share - Excluded)
hsa-mir-16-2*	=	hsa-mir-16-2*(CCAATAT)
hsa-mir-17	=	hsa-mir-106a(AAAGTGC)	hsa-mir-106b(AAAGTGC)	hsa-mir-17(AAAGTGC)	hsa-mir-20a(AAAGTGC)	hsa-mir-20b(AAAGTGC)	hsa-mir-519d(AAAGTGC)	hsa-mir-526b-3p(AAAGTGC)	hsa-mir-93(AAAGTGC)	(Minor share - Excluded)
hsa-mir-17*	=	hsa-mir-17*(CTGCAGT)
hsa-mir-181a-1	=	hsa-mir-181a-1(ACATTCA)	hsa-mir-181a-2(ACATTCA)	hsa-mir-181b-1(ACATTCA)	hsa-mir-181b-2(ACATTCA)	hsa-mir-181c(ACATTCA)	hsa-mir-181d(ACATTCA)	(Minor share - Excluded)
hsa-mir-181a-1*	=	hsa-mir-181a-1*(CCATCGA)	hsa-mir-181c*(CCATCGA)
hsa-mir-181a-2	=	hsa-mir-181a-1(ACATTCA)	hsa-mir-181a-2(ACATTCA)	hsa-mir-181b-1(ACATTCA)	hsa-mir-181b-2(ACATTCA)	hsa-mir-181c(ACATTCA)	hsa-mir-181d(ACATTCA)
hsa-mir-181a-2*	=	hsa-mir-181a-2*(CCACTGA)
hsa-mir-181b-1	=	hsa-mir-181a-1(ACATTCA)	hsa-mir-181a-2(ACATTCA)	hsa-mir-181b-1(ACATTCA)	hsa-mir-181b-2(ACATTCA)	hsa-mir-181c(ACATTCA)	hsa-mir-181d(ACATTCA)	(Minor share - Excluded)
hsa-mir-181b-1*	=	hsa-mir-181b-1*(TCACTGA)	hsa-mir-181b-2*(TCACTGA)
hsa-mir-181b-2	=	hsa-mir-181a-1(ACATTCA)	hsa-mir-181a-2(ACATTCA)	hsa-mir-181b-1(ACATTCA)	hsa-mir-181b-2(ACATTCA)	hsa-mir-181c(ACATTCA)	hsa-mir-181d(ACATTCA)	(Minor share - Excluded)
hsa-mir-181b-2*	=	hsa-mir-181b-1*(TCACTGA)	hsa-mir-181b-2*(TCACTGA)	(Minor share - Excluded)
hsa-mir-181c	=	hsa-mir-181a-1(ACATTCA)	hsa-mir-181a-2(ACATTCA)	hsa-mir-181b-1(ACATTCA)	hsa-mir-181b-2(ACATTCA)	hsa-mir-181c(ACATTCA)	hsa-mir-181d(ACATTCA)	(Minor share - Excluded)
hsa-mir-181c*	=	hsa-mir-181a-1*(CCATCGA)	hsa-mir-181c*(CCATCGA)	(Minor share - Excluded)
hsa-mir-181d	=	hsa-mir-181a-1(ACATTCA)	hsa-mir-181a-2(ACATTCA)	hsa-mir-181b-1(ACATTCA)	hsa-mir-181b-2(ACATTCA)	hsa-mir-181c(ACATTCA)	hsa-mir-181d(ACATTCA)	(Minor share - Excluded)
hsa-mir-181d*	=	hsa-mir-181d*(CCACCGG)
hsa-mir-182	=	hsa-mir-182(TTGGCAA)
hsa-mir-182*	=	hsa-mir-182*(GTGGTTC)	hsa-mir-203*(GTGGTTC)	hsa-mir-597*(GTGGTTC)	(Minor share - Excluded)
hsa-mir-183	=	hsa-mir-183(ATGGCAC)	hsa-mir-891b*(ATGGCAC)
hsa-mir-183*	=	hsa-mir-183*(GAATTAC)
hsa-mir-184	=	hsa-mir-184(GGACGGA)
hsa-mir-184*	=	hsa-mir-184*(CTTATCA)
hsa-mir-185	=	hsa-mir-185(GGAGAGA)
hsa-mir-185*	=	hsa-mir-185*(GGGGCTG)
hsa-mir-186	=	hsa-mir-186(AAAGAAT)
hsa-mir-186*	=	hsa-mir-186*(CCCAAAG)
hsa-mir-187	=	hsa-mir-187(CGTGTCT)
hsa-mir-187*	=	hsa-mir-187*(CTACAAC)
hsa-mir-188	=	hsa-mir-188(ATCCCTT)
hsa-mir-188*	=	hsa-mir-188*(TCCCACA)
hsa-mir-18a	=	hsa-mir-18a(AAGGTGC)	hsa-mir-18b(AAGGTGC)
hsa-mir-18a*	=	hsa-mir-18a*(CTGCCCT)
hsa-mir-18b	=	hsa-mir-18a(AAGGTGC)	hsa-mir-18b(AAGGTGC)	(Minor share - Excluded)
hsa-mir-18b*	=	hsa-mir-18b*(ACTGCCC)
hsa-mir-1908	=	hsa-mir-1908(GGCGGGG)
hsa-mir-1908*	=	hsa-mir-1908*(CGGCCGC)
hsa-mir-190a	=	hsa-mir-190a(GATATGT)	hsa-mir-190b(GATATGT)
hsa-mir-190a*	=	hsa-mir-190a*(CTATATA)
hsa-mir-190b	=	hsa-mir-190a(GATATGT)	hsa-mir-190b(GATATGT)	(Minor share - Excluded)
hsa-mir-190b*	=	hsa-mir-190b*(CTAAATG)
hsa-mir-191	=	hsa-mir-191(AACGGAA)
hsa-mir-191*	=	hsa-mir-191*(TGCGCTT)
hsa-mir-1910	=	hsa-mir-1910(CAGTCCT)
hsa-mir-1910*	=	hsa-mir-1910*(AGGCAGA)
hsa-mir-1911	=	hsa-mir-1911(GAGTACC)
hsa-mir-1911*	=	hsa-mir-1911*(ACCAGGC)
hsa-mir-1912-3p	=	hsa-mir-1912-3p(ACCCAGA)
hsa-mir-1912-5p	=	hsa-mir-1912-5p(GCTCATT)
hsa-mir-1914-3p	=	hsa-mir-1914-3p(GGAGGGG)
hsa-mir-1914-5p	=	hsa-mir-1914-5p(CCTGTGC)
hsa-mir-192	=	hsa-mir-192(TGACCTA)	hsa-mir-215(TGACCTA)
hsa-mir-192*	=	hsa-mir-192*(TGCCAAT)
hsa-mir-193a-3p	=	hsa-mir-193a-3p(ACTGGCC)	hsa-mir-193b(ACTGGCC)	(Minor share - Excluded)
hsa-mir-193a-5p	=	hsa-mir-193a-5p(GGGTCTT)
hsa-mir-193b	=	hsa-mir-193a-3p(ACTGGCC)	hsa-mir-193b(ACTGGCC)
hsa-mir-193b*	=	hsa-mir-193b*(GGGGTTT)
hsa-mir-194-1	=	hsa-mir-194-1(GTAACAG)	hsa-mir-194-2(GTAACAG)	(Minor share - Excluded)
hsa-mir-194-1*	=	hsa-mir-194-1*(CAGTGGA)
hsa-mir-194-2	=	hsa-mir-194-1(GTAACAG)	hsa-mir-194-2(GTAACAG)
hsa-mir-194-2*	=	hsa-mir-194-2*(CAGTGGG)
hsa-mir-195	=	hsa-mir-15a(AGCAGCA)	hsa-mir-15b(AGCAGCA)	hsa-mir-16-1(AGCAGCA)	hsa-mir-16-2(AGCAGCA)	hsa-mir-195(AGCAGCA)	hsa-mir-424(AGCAGCA)	hsa-mir-497(AGCAGCA)	(Minor share - Excluded)
hsa-mir-195*	=	hsa-mir-195*(CAATATT)
hsa-mir-196a-1	=	hsa-mir-196a-1(AGGTAGT)	hsa-mir-196a-2(AGGTAGT)	hsa-mir-196b(AGGTAGT)	(Minor share - Excluded)
hsa-mir-196a-1*	=	hsa-mir-196a-1*(CAACAAC)
hsa-mir-196a-2	=	hsa-mir-196a-1(AGGTAGT)	hsa-mir-196a-2(AGGTAGT)	hsa-mir-196b(AGGTAGT)
hsa-mir-196a-2*	=	hsa-mir-196a-2*(CGGCAAC)
hsa-mir-196b	=	hsa-mir-196a-1(AGGTAGT)	hsa-mir-196a-2(AGGTAGT)	hsa-mir-196b(AGGTAGT)	(Minor share - Excluded)
hsa-mir-196b*	=	hsa-mir-196b*(CGACAGC)
hsa-mir-197	=	hsa-mir-197(TCACCAC)
hsa-mir-197*	=	hsa-mir-197*(GGGTAGA)
hsa-mir-199a-1-3p	=	hsa-mir-199a-1-3p(CAGTAGT)	hsa-mir-199a-2-3p(CAGTAGT)	hsa-mir-199b-3p(CAGTAGT)	(Minor share - Excluded)
hsa-mir-199a-1-5p	=	hsa-mir-199a-1-5p(CCAGTGT)	hsa-mir-199a-2-5p(CCAGTGT)	hsa-mir-199b-5p(CCAGTGT)	(Minor share - Excluded)
hsa-mir-199a-2-3p	=	hsa-mir-199a-1-3p(CAGTAGT)	hsa-mir-199a-2-3p(CAGTAGT)	hsa-mir-199b-3p(CAGTAGT)
hsa-mir-199a-2-5p	=	hsa-mir-199a-1-5p(CCAGTGT)	hsa-mir-199a-2-5p(CCAGTGT)	hsa-mir-199b-5p(CCAGTGT)
hsa-mir-199b-3p	=	hsa-mir-199a-1-3p(CAGTAGT)	hsa-mir-199a-2-3p(CAGTAGT)	hsa-mir-199b-3p(CAGTAGT)	(Minor share - Excluded)
hsa-mir-199b-5p	=	hsa-mir-199a-1-5p(CCAGTGT)	hsa-mir-199a-2-5p(CCAGTGT)	hsa-mir-199b-5p(CCAGTGT)	(Minor share - Excluded)
hsa-mir-19a	=	hsa-mir-19a(GTGCAAA)	hsa-mir-19b-1(GTGCAAA)	hsa-mir-19b-2(GTGCAAA)	(Minor share - Excluded)
hsa-mir-19a*	=	hsa-mir-19a*(GTTTTGC)	hsa-mir-19b-1*(GTTTTGC)	hsa-mir-19b-2*(GTTTTGC)	(Minor share - Excluded)
hsa-mir-19b-1	=	hsa-mir-19a(GTGCAAA)	hsa-mir-19b-1(GTGCAAA)	hsa-mir-19b-2(GTGCAAA)	(Minor share - Excluded)
hsa-mir-19b-1*	=	hsa-mir-19a*(GTTTTGC)	hsa-mir-19b-1*(GTTTTGC)	hsa-mir-19b-2*(GTTTTGC)
hsa-mir-19b-2	=	hsa-mir-19a(GTGCAAA)	hsa-mir-19b-1(GTGCAAA)	hsa-mir-19b-2(GTGCAAA)
hsa-mir-19b-2*	=	hsa-mir-19a*(GTTTTGC)	hsa-mir-19b-1*(GTTTTGC)	hsa-mir-19b-2*(GTTTTGC)	(Minor share - Excluded)
hsa-mir-200a	=	hsa-mir-141(AACACTG)	hsa-mir-200a(AACACTG)	(Minor share - Excluded)
hsa-mir-200a*	=	hsa-mir-200a*(ATCTTAC)	hsa-mir-200b*(ATCTTAC)	(Minor share - Excluded)
hsa-mir-200b	=	hsa-mir-200b(AATACTG)	hsa-mir-200c(AATACTG)	hsa-mir-429(AATACTG)	(Minor share - Excluded)
hsa-mir-200b*	=	hsa-mir-200a*(ATCTTAC)	hsa-mir-200b*(ATCTTAC)
hsa-mir-200c	=	hsa-mir-200b(AATACTG)	hsa-mir-200c(AATACTG)	hsa-mir-429(AATACTG)
hsa-mir-200c*	=	hsa-mir-200c*(GTCTTAC)	hsa-mir-550-1-3p(GTCTTAC)	hsa-mir-550-2-3p(GTCTTAC)
hsa-mir-202-3p	=	hsa-mir-202-3p(GAGGTAT)
hsa-mir-202-5p	=	hsa-mir-202-5p(TCCTATG)
hsa-mir-203	=	hsa-mir-203(TGAAATG)
hsa-mir-203*	=	hsa-mir-182*(GTGGTTC)	hsa-mir-203*(GTGGTTC)	hsa-mir-597*(GTGGTTC)
hsa-mir-204	=	hsa-mir-204(TCCCTTT)	hsa-mir-211(TCCCTTT)
hsa-mir-204*	=	hsa-mir-204*(CTGGGAA)
hsa-mir-205	=	hsa-mir-205(CCTTCAT)
hsa-mir-205*	=	hsa-mir-205*(ATTTCAG)
hsa-mir-206	=	hsa-mir-1-1(GGAATGT)	hsa-mir-1-2(GGAATGT)	hsa-mir-206(GGAATGT)	(Minor share - Excluded)
hsa-mir-206*	=	hsa-mir-206*(CATGCTT)
hsa-mir-208a	=	hsa-mir-208a(TAAGACG)	hsa-mir-208b(TAAGACG)
hsa-mir-208a*	=	hsa-mir-208a*(AGCTTTT)	hsa-mir-208b*(AGCTTTT)
hsa-mir-208b	=	hsa-mir-208a(TAAGACG)	hsa-mir-208b(TAAGACG)	(Minor share - Excluded)
hsa-mir-208b*	=	hsa-mir-208a*(AGCTTTT)	hsa-mir-208b*(AGCTTTT)
hsa-mir-20a	=	hsa-mir-106a(AAAGTGC)	hsa-mir-106b(AAAGTGC)	hsa-mir-17(AAAGTGC)	hsa-mir-20a(AAAGTGC)	hsa-mir-20b(AAAGTGC)	hsa-mir-519d(AAAGTGC)	hsa-mir-526b-3p(AAAGTGC)	hsa-mir-93(AAAGTGC)	(Minor share - Excluded)
hsa-mir-20a*	=	hsa-mir-20a*(CTGCATT)
hsa-mir-20b	=	hsa-mir-106a(AAAGTGC)	hsa-mir-106b(AAAGTGC)	hsa-mir-17(AAAGTGC)	hsa-mir-20a(AAAGTGC)	hsa-mir-20b(AAAGTGC)	hsa-mir-519d(AAAGTGC)	hsa-mir-526b-3p(AAAGTGC)	hsa-mir-93(AAAGTGC)	(Minor share - Excluded)
hsa-mir-20b*	=	hsa-mir-20b*(CTGTAGT)
hsa-mir-21	=	hsa-mir-21(AGCTTAT)	hsa-mir-590-5p(AGCTTAT)
hsa-mir-21*	=	hsa-mir-21*(AACACCA)
hsa-mir-210	=	hsa-mir-210(TGTGCGT)
hsa-mir-210*	=	hsa-mir-210*(GCCCCTG)
hsa-mir-211	=	hsa-mir-204(TCCCTTT)	hsa-mir-211(TCCCTTT)	(Minor share - Excluded)
hsa-mir-211*	=	hsa-mir-211*(CAGGGAC)
hsa-mir-2110	=	hsa-mir-2110(TGGGGAA)
hsa-mir-2110*	=	hsa-mir-2110*(ACCGCGG)
hsa-mir-2114	=	hsa-mir-2114(AGTCCCT)
hsa-mir-2114*	=	hsa-mir-2114*(GAGCCTC)
hsa-mir-2115	=	hsa-mir-2115(GCTTCCA)
hsa-mir-2115*	=	hsa-mir-2115*(ATCAGAA)
hsa-mir-2116-3p	=	hsa-mir-2116-3p(CCTCCCA)
hsa-mir-2116-5p	=	hsa-mir-2116-5p(GTTCTTA)
hsa-mir-212-3p	=	hsa-mir-132-3p(AACAGTC)	hsa-mir-212-3p(AACAGTC)	(Minor share - Excluded)
hsa-mir-212-5p	=	hsa-mir-212-5p(CCTTGGC)
hsa-mir-214-3p	=	hsa-mir-214-3p(CAGCAGG)	hsa-mir-3619-5p(CAGCAGG)
hsa-mir-214-5p	=	hsa-mir-214-5p(GCCTGTC)	hsa-mir-3170*(GCCTGTC)
hsa-mir-215	=	hsa-mir-192(TGACCTA)	hsa-mir-215(TGACCTA)	(Minor share - Excluded)
hsa-mir-215*	=	hsa-mir-215*(CTGTCAT)
hsa-mir-216a	=	hsa-mir-216a(AATCTCA)
hsa-mir-216a*	=	hsa-mir-216a*(ACAGTGG)
hsa-mir-216b	=	hsa-mir-216b(AATCTCT)
hsa-mir-216b*	=	hsa-mir-216b*(CACACTT)
hsa-mir-217	=	hsa-mir-217(ACTGCAT)
hsa-mir-217*	=	hsa-mir-217*(ATCAGTT)
hsa-mir-218-1	=	hsa-mir-218-1(TGTGCTT)	hsa-mir-218-2(TGTGCTT)
hsa-mir-218-1*	=	hsa-mir-218-1*(AACATGG)
hsa-mir-218-2	=	hsa-mir-218-1(TGTGCTT)	hsa-mir-218-2(TGTGCTT)	(Minor share - Excluded)
hsa-mir-218-2*	=	hsa-mir-218-2*(ATGGTTC)
hsa-mir-219-1-3p	=	hsa-mir-219-1-3p(GAGTTGA)
hsa-mir-219-1-5p	=	hsa-mir-219-1-5p(GATTGTC)	hsa-mir-219-2-5p(GATTGTC)
hsa-mir-219-2-3p	=	hsa-mir-219-2-3p(GAATTGT)
hsa-mir-219-2-5p	=	hsa-mir-219-1-5p(GATTGTC)	hsa-mir-219-2-5p(GATTGTC)	(Minor share - Excluded)
hsa-mir-22	=	hsa-mir-22(AGCTGCC)
hsa-mir-22*	=	hsa-mir-22*(GTTCTTC)
hsa-mir-221	=	hsa-mir-221(GCTACAT)	hsa-mir-222(GCTACAT)
hsa-mir-221*	=	hsa-mir-221*(CCTGGCA)
hsa-mir-222	=	hsa-mir-221(GCTACAT)	hsa-mir-222(GCTACAT)	(Minor share - Excluded)
hsa-mir-222*	=	hsa-mir-222*(GCTCAGT)
hsa-mir-223	=	hsa-mir-223(GTCAGTT)
hsa-mir-223*	=	hsa-mir-223*(GTGTATT)
hsa-mir-224	=	hsa-mir-224(AAGTCAC)
hsa-mir-224*	=	hsa-mir-224*(AATGGTG)
hsa-mir-2276-3p	=	hsa-mir-2276-3p(CTGCAAG)
hsa-mir-2276-5p	=	hsa-mir-2276-5p(CCCTCTG)
hsa-mir-2277	=	hsa-mir-2277(GCGCGGG)
hsa-mir-2277*	=	hsa-mir-2277*(GACAGCG)
hsa-mir-2278	=	hsa-mir-2278(AGAGCAG)
hsa-mir-2278*	=	hsa-mir-2278*(AGACAGC)
hsa-mir-2355-3p	=	hsa-mir-2355-3p(GTCCTTG)
hsa-mir-2355-5p	=	hsa-mir-2355-5p(TCCCCAG)
hsa-mir-23a	=	hsa-mir-23a(TCACATT)	hsa-mir-23b(TCACATT)
hsa-mir-23a*	=	hsa-mir-23a*(GGGTTCC)	hsa-mir-23b*(GGGTTCC)
hsa-mir-23b	=	hsa-mir-23a(TCACATT)	hsa-mir-23b(TCACATT)	(Minor share - Excluded)
hsa-mir-23b*	=	hsa-mir-23a*(GGGTTCC)	hsa-mir-23b*(GGGTTCC)	(Minor share - Excluded)
hsa-mir-24-1	=	hsa-mir-24-1(GGCTCAG)	hsa-mir-24-2(GGCTCAG)
hsa-mir-24-1*	=	hsa-mir-24-1*(TGCCTAC)	hsa-mir-24-2*(TGCCTAC)	(Minor share - Excluded)
hsa-mir-24-2	=	hsa-mir-24-1(GGCTCAG)	hsa-mir-24-2(GGCTCAG)	(Minor share - Excluded)
hsa-mir-24-2*	=	hsa-mir-24-1*(TGCCTAC)	hsa-mir-24-2*(TGCCTAC)
hsa-mir-25	=	hsa-mir-25(ATTGCAC)	hsa-mir-32(ATTGCAC)	hsa-mir-363(ATTGCAC)	hsa-mir-367(ATTGCAC)	hsa-mir-92a-1(ATTGCAC)	hsa-mir-92a-2(ATTGCAC)	hsa-mir-92b(ATTGCAC)
hsa-mir-25*	=	hsa-mir-25*(GGCGGAG)
hsa-mir-26a-1	=	hsa-mir-26a-1(TCAAGTA)	hsa-mir-26a-2(TCAAGTA)	hsa-mir-26b(TCAAGTA)	(Minor share - Excluded)
hsa-mir-26a-1*	=	hsa-mir-26a-1*(CTATTCT)	hsa-mir-26a-2*(CTATTCT)	(Minor share - Excluded)
hsa-mir-26a-2	=	hsa-mir-26a-1(TCAAGTA)	hsa-mir-26a-2(TCAAGTA)	hsa-mir-26b(TCAAGTA)
hsa-mir-26a-2*	=	hsa-mir-26a-1*(CTATTCT)	hsa-mir-26a-2*(CTATTCT)
hsa-mir-26b	=	hsa-mir-26a-1(TCAAGTA)	hsa-mir-26a-2(TCAAGTA)	hsa-mir-26b(TCAAGTA)	(Minor share - Excluded)
hsa-mir-26b*	=	hsa-mir-26b*(CTGTTCT)
hsa-mir-27a	=	hsa-mir-27a(TCACAGT)	hsa-mir-27b(TCACAGT)
hsa-mir-27a*	=	hsa-mir-27a*(GGGCTTA)
hsa-mir-27b	=	hsa-mir-27a(TCACAGT)	hsa-mir-27b(TCACAGT)	(Minor share - Excluded)
hsa-mir-27b*	=	hsa-mir-27b*(GAGCTTA)
hsa-mir-28-3p	=	hsa-mir-28-3p(ACTAGAT)
hsa-mir-28-5p	=	hsa-mir-28-5p(AGGAGCT)	hsa-mir-3139(AGGAGCT)	hsa-mir-708(AGGAGCT)
hsa-mir-296-3p	=	hsa-mir-296-3p(AGGGTTG)
hsa-mir-296-5p	=	hsa-mir-296-5p(GGGCCCC)
hsa-mir-299-3p	=	hsa-mir-299-3p(ATGTGGG)
hsa-mir-299-5p	=	hsa-mir-299-5p(GGTTTAC)
hsa-mir-29a	=	hsa-mir-29a(AGCACCA)	hsa-mir-29b-1(AGCACCA)	hsa-mir-29b-2(AGCACCA)	hsa-mir-29c(AGCACCA)
hsa-mir-29a*	=	hsa-mir-29a*(CTGATTT)
hsa-mir-29b-1	=	hsa-mir-29a(AGCACCA)	hsa-mir-29b-1(AGCACCA)	hsa-mir-29b-2(AGCACCA)	hsa-mir-29c(AGCACCA)	(Minor share - Excluded)
hsa-mir-29b-1*	=	hsa-mir-29b-1*(CTGGTTT)
hsa-mir-29b-2	=	hsa-mir-29a(AGCACCA)	hsa-mir-29b-1(AGCACCA)	hsa-mir-29b-2(AGCACCA)	hsa-mir-29c(AGCACCA)	(Minor share - Excluded)
hsa-mir-29b-2*	=	hsa-mir-29b-2*(TGGTTTC)
hsa-mir-29c	=	hsa-mir-29a(AGCACCA)	hsa-mir-29b-1(AGCACCA)	hsa-mir-29b-2(AGCACCA)	hsa-mir-29c(AGCACCA)	(Minor share - Excluded)
hsa-mir-29c*	=	hsa-mir-29c*(GACCGAT)
hsa-mir-301a	=	hsa-mir-130a(AGTGCAA)	hsa-mir-130b-3p(AGTGCAA)	hsa-mir-301a(AGTGCAA)	hsa-mir-301b(AGTGCAA)	hsa-mir-454(AGTGCAA)	(Minor share - Excluded)
hsa-mir-301a*	=	hsa-mir-301a*(CTCTGAC)	hsa-mir-301b*(CTCTGAC)
hsa-mir-301b	=	hsa-mir-130a(AGTGCAA)	hsa-mir-130b-3p(AGTGCAA)	hsa-mir-301a(AGTGCAA)	hsa-mir-301b(AGTGCAA)	hsa-mir-454(AGTGCAA)	(Minor share - Excluded)
hsa-mir-301b*	=	hsa-mir-301a*(CTCTGAC)	hsa-mir-301b*(CTCTGAC)	(Minor share - Excluded)
hsa-mir-302a-3p	=	hsa-mir-302a-3p(AAGTGCT)	hsa-mir-302b(AAGTGCT)	hsa-mir-302d(AAGTGCT)	hsa-mir-372(AAGTGCT)	hsa-mir-373(AAGTGCT)	hsa-mir-516a-1*(AAGTGCT)	hsa-mir-516a-2*(AAGTGCT)	hsa-mir-516b-1*(AAGTGCT)	hsa-mir-516b-2*(AAGTGCT)	hsa-mir-520a*(AAGTGCT)	hsa-mir-520b-3p(AAGTGCT)	hsa-mir-520c(AAGTGCT)	hsa-mir-520d-3p(AAGTGCT)	hsa-mir-520e(AAGTGCT)	hsa-mir-520f(AAGTGCT)	hsa-mir-520h(AAGTGCT)	hsa-mir-527-3p(AAGTGCT)	(Minor share - Excluded)
hsa-mir-302a-5p	=	hsa-mir-302a-5p(AAACGTG)
hsa-mir-302b	=	hsa-mir-302a-3p(AAGTGCT)	hsa-mir-302b(AAGTGCT)	hsa-mir-302d(AAGTGCT)	hsa-mir-372(AAGTGCT)	hsa-mir-373(AAGTGCT)	hsa-mir-516a-1*(AAGTGCT)	hsa-mir-516a-2*(AAGTGCT)	hsa-mir-516b-1*(AAGTGCT)	hsa-mir-516b-2*(AAGTGCT)	hsa-mir-520a*(AAGTGCT)	hsa-mir-520b-3p(AAGTGCT)	hsa-mir-520c(AAGTGCT)	hsa-mir-520d-3p(AAGTGCT)	hsa-mir-520e(AAGTGCT)	hsa-mir-520f(AAGTGCT)	hsa-mir-520h(AAGTGCT)	hsa-mir-527-3p(AAGTGCT)	(Minor share - Excluded)
hsa-mir-302b*	=	hsa-mir-302b*(CTTTAAC)	hsa-mir-302d*(CTTTAAC)
hsa-mir-302c	=	hsa-mir-302c(AGTGCTT)
hsa-mir-302c*	=	hsa-mir-302c*(TTAACAT)
hsa-mir-302d	=	hsa-mir-302a-3p(AAGTGCT)	hsa-mir-302b(AAGTGCT)	hsa-mir-302d(AAGTGCT)	hsa-mir-372(AAGTGCT)	hsa-mir-373(AAGTGCT)	hsa-mir-516a-1*(AAGTGCT)	hsa-mir-516a-2*(AAGTGCT)	hsa-mir-516b-1*(AAGTGCT)	hsa-mir-516b-2*(AAGTGCT)	hsa-mir-520a*(AAGTGCT)	hsa-mir-520b-3p(AAGTGCT)	hsa-mir-520c(AAGTGCT)	hsa-mir-520d-3p(AAGTGCT)	hsa-mir-520e(AAGTGCT)	hsa-mir-520f(AAGTGCT)	hsa-mir-520h(AAGTGCT)	hsa-mir-527-3p(AAGTGCT)	(Minor share - Excluded)
hsa-mir-302d*	=	hsa-mir-302b*(CTTTAAC)	hsa-mir-302d*(CTTTAAC)	(Minor share - Excluded)
hsa-mir-3065-3p	=	hsa-mir-3065-3p(CAGCACC)
hsa-mir-3065-5p	=	hsa-mir-3065-5p(CAACAAA)	hsa-mir-7-2*(CAACAAA)
hsa-mir-3074-3p	=	hsa-mir-3074-3p(ATATCAG)
hsa-mir-3074-5p	=	hsa-mir-3074-5p(TTCCTGC)
hsa-mir-30a	=	hsa-mir-30a(GTAAACA)	hsa-mir-30b(GTAAACA)	hsa-mir-30c-1(GTAAACA)	hsa-mir-30c-2(GTAAACA)	hsa-mir-30d(GTAAACA)	hsa-mir-30e(GTAAACA)
hsa-mir-30a*	=	hsa-mir-30a*(TTTCAGT)	hsa-mir-30d*(TTTCAGT)	hsa-mir-30e*(TTTCAGT)
hsa-mir-30b	=	hsa-mir-30a(GTAAACA)	hsa-mir-30b(GTAAACA)	hsa-mir-30c-1(GTAAACA)	hsa-mir-30c-2(GTAAACA)	hsa-mir-30d(GTAAACA)	hsa-mir-30e(GTAAACA)	(Minor share - Excluded)
hsa-mir-30b*	=	hsa-mir-30b*(TGGGAGG)
hsa-mir-30c-1	=	hsa-mir-30a(GTAAACA)	hsa-mir-30b(GTAAACA)	hsa-mir-30c-1(GTAAACA)	hsa-mir-30c-2(GTAAACA)	hsa-mir-30d(GTAAACA)	hsa-mir-30e(GTAAACA)	(Minor share - Excluded)
hsa-mir-30c-1*	=	hsa-mir-30c-1*(TGGGAGA)	hsa-mir-30c-2*(TGGGAGA)	(Minor share - Excluded)
hsa-mir-30c-2	=	hsa-mir-30a(GTAAACA)	hsa-mir-30b(GTAAACA)	hsa-mir-30c-1(GTAAACA)	hsa-mir-30c-2(GTAAACA)	hsa-mir-30d(GTAAACA)	hsa-mir-30e(GTAAACA)	(Minor share - Excluded)
hsa-mir-30c-2*	=	hsa-mir-30c-1*(TGGGAGA)	hsa-mir-30c-2*(TGGGAGA)
hsa-mir-30d	=	hsa-mir-30a(GTAAACA)	hsa-mir-30b(GTAAACA)	hsa-mir-30c-1(GTAAACA)	hsa-mir-30c-2(GTAAACA)	hsa-mir-30d(GTAAACA)	hsa-mir-30e(GTAAACA)	(Minor share - Excluded)
hsa-mir-30d*	=	hsa-mir-30a*(TTTCAGT)	hsa-mir-30d*(TTTCAGT)	hsa-mir-30e*(TTTCAGT)	(Minor share - Excluded)
hsa-mir-30e	=	hsa-mir-30a(GTAAACA)	hsa-mir-30b(GTAAACA)	hsa-mir-30c-1(GTAAACA)	hsa-mir-30c-2(GTAAACA)	hsa-mir-30d(GTAAACA)	hsa-mir-30e(GTAAACA)	(Minor share - Excluded)
hsa-mir-30e*	=	hsa-mir-30a*(TTTCAGT)	hsa-mir-30d*(TTTCAGT)	hsa-mir-30e*(TTTCAGT)	(Minor share - Excluded)
hsa-mir-31-3p	=	hsa-mir-31-3p(GCTATGC)
hsa-mir-31-5p	=	hsa-mir-31-5p(GGCAAGA)
hsa-mir-3115	=	hsa-mir-3115(TATGGGT)
hsa-mir-3115*	=	hsa-mir-3115*(AACTATT)
hsa-mir-3117	=	hsa-mir-3117(TAGGACT)
hsa-mir-3117*	=	hsa-mir-3117*(AGACACT)
hsa-mir-3120	=	hsa-mir-3120(ACAGCAA)
hsa-mir-3120*	=	hsa-mir-3120*(CTGTCTG)
hsa-mir-3124	=	hsa-mir-3124(TCGCGGG)
hsa-mir-3124*	=	hsa-mir-3124*(TTTCCTC)
hsa-mir-3126-3p	=	hsa-mir-3126-3p(ATCTGGC)
hsa-mir-3126-5p	=	hsa-mir-3126-5p(GAGGGAC)
hsa-mir-3127-3p	=	hsa-mir-3127-3p(CCCCTTC)
hsa-mir-3127-5p	=	hsa-mir-3127-5p(TCAGGGC)
hsa-mir-3129-3p	=	hsa-mir-3129-3p(AACTAAT)
hsa-mir-3129-5p	=	hsa-mir-142-3p(GTAGTGT)	hsa-mir-3129-5p(GTAGTGT)	(Minor share - Excluded)
hsa-mir-3130-3p	=	hsa-mir-3130-3p(CTGCACC)
hsa-mir-3130-5p	=	hsa-mir-3130-5p(ACCCAGT)
hsa-mir-3136	=	hsa-mir-3136(TGACTGA)
hsa-mir-3136*	=	hsa-mir-3136*(GGCCCAA)
hsa-mir-3138-3p	=	hsa-mir-3138-3p(CAGTGAG)
hsa-mir-3138-5p	=	hsa-mir-3138-5p(CTTCCCC)
hsa-mir-3139	=	hsa-mir-28-5p(AGGAGCT)	hsa-mir-3139(AGGAGCT)	hsa-mir-708(AGGAGCT)	(Minor share - Excluded)
hsa-mir-3139*	=	hsa-mir-3139*(AGGTATC)
hsa-mir-3140-3p	=	hsa-mir-3140-3p(GCTTTTG)
hsa-mir-3140-5p	=	hsa-mir-3140-5p(CCTGAAT)
hsa-mir-3143-3p	=	hsa-mir-3143-3p(CAACTCT)
hsa-mir-3143-5p	=	hsa-mir-3143-5p(TAACATT)
hsa-mir-3144	=	hsa-mir-3144(TATACCT)
hsa-mir-3144*	=	hsa-mir-3144*(AGGGGAC)
hsa-mir-3145-3p	=	hsa-mir-3145-3p(GATATTT)
hsa-mir-3145-5p	=	hsa-mir-3145-5p(ACTCCAA)
hsa-mir-3146-3p	=	hsa-mir-3146-3p(ATGCTAG)
hsa-mir-3146-5p	=	hsa-mir-3146-5p(TTCTTTC)
hsa-mir-3149	=	hsa-mir-3149(TTGTATG)
hsa-mir-3149*	=	hsa-mir-3149*(CACACAC)
hsa-mir-3150-3p	=	hsa-mir-3150-3p(TGGGGAG)
hsa-mir-3150-5p	=	hsa-mir-3150-5p(AACCTCG)
hsa-mir-3151	=	hsa-mir-1296*(GTGGGGC)	hsa-mir-3151(GTGGGGC)	(Minor share - Excluded)
hsa-mir-3151*	=	hsa-mir-3151*(CTGATCC)
hsa-mir-3152	=	hsa-mir-3152(TTGCCTC)
hsa-mir-3152*	=	hsa-mir-3152*(GTGTTAG)
hsa-mir-3155-3p	=	hsa-mir-3155-3p(CAGGCTC)	hsa-mir-484-rnasen(CAGGCTC)	(Minor share - Excluded)
hsa-mir-3155-5p	=	hsa-mir-3155-5p(CTCCCAC)	hsa-mir-532-3p(CTCCCAC)	(Minor share - Excluded)
hsa-mir-3157-3p	=	hsa-mir-3157-3p(TGCCCTA)
hsa-mir-3157-5p	=	hsa-mir-3157-5p(TCAGCCA)
hsa-mir-3158	=	hsa-mir-3158(AGGGCTT)
hsa-mir-3158*	=	hsa-mir-3158*(CTGCAGA)
hsa-mir-3170	=	hsa-mir-3170(TGGGGTT)
hsa-mir-3170*	=	hsa-mir-214-5p(GCCTGTC)	hsa-mir-3170*(GCCTGTC)	(Minor share - Excluded)
hsa-mir-3171-3p	=	hsa-mir-3171-3p(ATATAGA)
hsa-mir-3171-5p	=	hsa-mir-3171-5p(GATGTAT)
hsa-mir-3173	=	hsa-mir-3173(GCCCTGC)
hsa-mir-3173*	=	hsa-mir-3173*(AAGGAGG)
hsa-mir-3174	=	hsa-mir-3174(AGTGAGT)
hsa-mir-3174*	=	hsa-mir-3174*(TCTGCAT)
hsa-mir-3175	=	hsa-mir-3175(GGGGAGA)
hsa-mir-3175*	=	hsa-mir-3175*(GTCGGGC)
hsa-mir-3176	=	hsa-mir-3176(CTGGCCT)
hsa-mir-3176*	=	hsa-mir-3176*(CCGGCAG)
hsa-mir-3177	=	hsa-mir-3177(GCACGGC)
hsa-mir-3177*	=	hsa-mir-3177*(GTGTACA)
hsa-mir-3183	=	hsa-mir-3183(CCTCTCT)
hsa-mir-3183*	=	hsa-mir-3183*(GGCGCCT)
hsa-mir-3187	=	hsa-mir-3187(TGGCCAT)
hsa-mir-3187*	=	hsa-mir-3187*(CTGGGCA)
hsa-mir-3189	=	hsa-mir-3189(CCTTGGG)	hsa-mir-887*(CCTTGGG)	(Minor share - Excluded)
hsa-mir-3189*	=	hsa-mir-3189*(GCCCCAT)
hsa-mir-3193	=	hsa-mir-3193(CCTGCGT)
hsa-mir-3193*	=	hsa-mir-3193*(TACCCAG)
hsa-mir-3194-3p	=	hsa-mir-3194-3p(GCTCTGC)
hsa-mir-3194-5p	=	hsa-mir-3194-5p(GCCAGCC)
hsa-mir-3198	=	hsa-mir-3198(TGGAGTC)
hsa-mir-3198*	=	hsa-mir-3198*(CTGTTCA)
hsa-mir-32	=	hsa-mir-25(ATTGCAC)	hsa-mir-32(ATTGCAC)	hsa-mir-363(ATTGCAC)	hsa-mir-367(ATTGCAC)	hsa-mir-92a-1(ATTGCAC)	hsa-mir-92a-2(ATTGCAC)	hsa-mir-92b(ATTGCAC)	(Minor share - Excluded)
hsa-mir-32*	=	hsa-mir-32*(AATTTAG)
hsa-mir-320*-rnasen	=	hsa-mir-320*-rnasen(CCTTCTC)
hsa-mir-320-rnasen	=	hsa-mir-320-rnasen(AAAGCTG)
hsa-mir-3200	=	hsa-mir-3200(ACCTTGC)
hsa-mir-3200*	=	hsa-mir-3200*(ATCTGAG)
hsa-mir-323a	=	hsa-mir-323a(CACATTA)
hsa-mir-323a*	=	hsa-mir-323a*(GGTGGTC)
hsa-mir-323b	=	hsa-mir-323b(CCAATAC)
hsa-mir-323b*	=	hsa-mir-323b*(GGTTGTC)	hsa-mir-410*(GGTTGTC)	hsa-mir-494*(GGTTGTC)	(Minor share - Excluded)
hsa-mir-324	=	hsa-mir-324(GCATCCC)
hsa-mir-324*	=	hsa-mir-324*(CACTGCC)
hsa-mir-325	=	hsa-mir-325(TTATTGA)
hsa-mir-325*	=	hsa-mir-325*(CTAGTAG)
hsa-mir-326	=	hsa-mir-326(CTCTGGG)	hsa-mir-330-5p(CTCTGGG)
hsa-mir-326*	=	hsa-mir-326*(CTCATCT)
hsa-mir-328	=	hsa-mir-328(TGGCCCT)
hsa-mir-328*	=	hsa-mir-328*(GGGGGCA)
hsa-mir-329-1	=	hsa-mir-329-1(ACACACC)	hsa-mir-329-2(ACACACC)	hsa-mir-362-3p(ACACACC)	(Minor share - Excluded)
hsa-mir-329-1*	=	hsa-mir-329-1*(AGGTTTT)	hsa-mir-329-2*(AGGTTTT)
hsa-mir-329-2	=	hsa-mir-329-1(ACACACC)	hsa-mir-329-2(ACACACC)	hsa-mir-362-3p(ACACACC)	(Minor share - Excluded)
hsa-mir-329-2*	=	hsa-mir-329-1*(AGGTTTT)	hsa-mir-329-2*(AGGTTTT)
hsa-mir-330-3p	=	hsa-mir-330-3p(CAAAGCA)
hsa-mir-330-5p	=	hsa-mir-326(CTCTGGG)	hsa-mir-330-5p(CTCTGGG)	(Minor share - Excluded)
hsa-mir-331	=	hsa-mir-331(CCCCTGG)
hsa-mir-331*	=	hsa-mir-331*(TAGGTAT)
hsa-mir-335-3p	=	hsa-mir-335-3p(TTTTCAT)
hsa-mir-335-5p	=	hsa-mir-335-5p(CAAGAGC)
hsa-mir-337	=	hsa-mir-337(CCTATAT)
hsa-mir-337*	=	hsa-mir-337*(AACGGCT)
hsa-mir-338-3p	=	hsa-mir-338-3p(CCAGCAT)
hsa-mir-338-5p	=	hsa-mir-338-5p(ACAATAT)
hsa-mir-339-3p	=	hsa-mir-339-3p(GAGCGCC)
hsa-mir-339-5p	=	hsa-mir-339-5p(CCCTGTC)
hsa-mir-33a	=	hsa-mir-33a(TGCATTG)	hsa-mir-33b(TGCATTG)
hsa-mir-33a*	=	hsa-mir-33a*(AATGTTT)
hsa-mir-33b	=	hsa-mir-33a(TGCATTG)	hsa-mir-33b(TGCATTG)	(Minor share - Excluded)
hsa-mir-33b*	=	hsa-mir-33b*(AGTGCCT)	hsa-mir-515-1-3p(AGTGCCT)	hsa-mir-515-2-3p(AGTGCCT)	hsa-mir-519e-3p(AGTGCCT)
hsa-mir-340	=	hsa-mir-340(TATAAAG)
hsa-mir-340*	=	hsa-mir-340*(CCGTCTC)
hsa-mir-342	=	hsa-mir-342(CTCACAC)
hsa-mir-342*	=	hsa-mir-342*(GGGGTGC)
hsa-mir-345	=	hsa-mir-345(CTGACTC)
hsa-mir-345*	=	hsa-mir-345*(CCCTGAA)
hsa-mir-346	=	hsa-mir-346(GTCTGCC)
hsa-mir-346*	=	hsa-mir-346*(GGCAGGG)
hsa-mir-34a	=	hsa-mir-34a(GGCAGTG)	hsa-mir-34b(GGCAGTG)	hsa-mir-34c(GGCAGTG)	hsa-mir-449a(GGCAGTG)	hsa-mir-449b(GGCAGTG)
hsa-mir-34a*	=	hsa-mir-34a*(ATCAGCA)
hsa-mir-34b	=	hsa-mir-34a(GGCAGTG)	hsa-mir-34b(GGCAGTG)	hsa-mir-34c(GGCAGTG)	hsa-mir-449a(GGCAGTG)	hsa-mir-449b(GGCAGTG)	(Minor share - Excluded)
hsa-mir-34b*	=	hsa-mir-34b*(ATCACTA)	hsa-mir-34c*(ATCACTA)	(Minor share - Excluded)
hsa-mir-34c	=	hsa-mir-34a(GGCAGTG)	hsa-mir-34b(GGCAGTG)	hsa-mir-34c(GGCAGTG)	hsa-mir-449a(GGCAGTG)	hsa-mir-449b(GGCAGTG)	(Minor share - Excluded)
hsa-mir-34c*	=	hsa-mir-34b*(ATCACTA)	hsa-mir-34c*(ATCACTA)
hsa-mir-3605-3p	=	hsa-mir-3605-3p(CTCCGTG)
hsa-mir-3605-5p	=	hsa-mir-3605-5p(GAGGATG)
hsa-mir-361-3p	=	hsa-mir-361-3p(CCCCCAG)
hsa-mir-361-5p	=	hsa-mir-361-5p(TATCAGA)
hsa-mir-3611	=	hsa-mir-3611(TGTGAAG)
hsa-mir-3611*	=	hsa-mir-3611*(AGAATTT)
hsa-mir-3612	=	hsa-mir-3612(GGAGGCA)
hsa-mir-3612*	=	hsa-mir-3612*(AGTTCAC)
hsa-mir-3613	=	hsa-mir-3613(GTTGTAC)
hsa-mir-3613*	=	hsa-mir-3613*(CAAAAAA)
hsa-mir-3614-3p	=	hsa-mir-3614-3p(AGCCTTC)
hsa-mir-3614-5p	=	hsa-mir-3614-5p(CACTTGG)
hsa-mir-3617	=	hsa-mir-3617(AAGACAT)	hsa-mir-641(AAGACAT)	(Minor share - Excluded)
hsa-mir-3617*	=	hsa-mir-3617*(CATCAGC)
hsa-mir-3619-3p	=	hsa-mir-3619-3p(GGACCAT)
hsa-mir-3619-5p	=	hsa-mir-214-3p(CAGCAGG)	hsa-mir-3619-5p(CAGCAGG)	(Minor share - Excluded)
hsa-mir-362-3p	=	hsa-mir-329-1(ACACACC)	hsa-mir-329-2(ACACACC)	hsa-mir-362-3p(ACACACC)
hsa-mir-362-5p	=	hsa-mir-362-5p(ATCCTTG)	hsa-mir-502*(ATCCTTG)
hsa-mir-3622-3p	=	hsa-mir-3622-3p(ACCTGAC)
hsa-mir-3622-5p	=	hsa-mir-3622-5p(AGGCACG)
hsa-mir-363	=	hsa-mir-25(ATTGCAC)	hsa-mir-32(ATTGCAC)	hsa-mir-363(ATTGCAC)	hsa-mir-367(ATTGCAC)	hsa-mir-92a-1(ATTGCAC)	hsa-mir-92a-2(ATTGCAC)	hsa-mir-92b(ATTGCAC)	(Minor share - Excluded)
hsa-mir-363*	=	hsa-mir-363*(GGGTGGA)
hsa-mir-365-1	=	hsa-mir-365-1(AATGCCC)	hsa-mir-365-2(AATGCCC)
hsa-mir-365-1*	=	hsa-mir-365-1*(GGGACTT)	hsa-mir-365-2*(GGGACTT)
hsa-mir-365-2	=	hsa-mir-365-1(AATGCCC)	hsa-mir-365-2(AATGCCC)	(Minor share - Excluded)
hsa-mir-365-2*	=	hsa-mir-365-1*(GGGACTT)	hsa-mir-365-2*(GGGACTT)	(Minor share - Excluded)
hsa-mir-3657	=	hsa-mir-3657(TGTGTCC)
hsa-mir-3657*	=	hsa-mir-3657*(TCACCAA)
hsa-mir-3659	=	hsa-mir-3659(GAGTGTT)
hsa-mir-3659*	=	hsa-mir-3659*(TGCCCTT)
hsa-mir-3664-3p	=	hsa-mir-3664-3p(CTCAGGA)
hsa-mir-3664-5p	=	hsa-mir-3664-5p(ACTCTGT)
hsa-mir-3667-3p	=	hsa-mir-3667-3p(CCTTCCT)
hsa-mir-3667-5p	=	hsa-mir-3667-5p(AGACCCA)
hsa-mir-367	=	hsa-mir-25(ATTGCAC)	hsa-mir-32(ATTGCAC)	hsa-mir-363(ATTGCAC)	hsa-mir-367(ATTGCAC)	hsa-mir-92a-1(ATTGCAC)	hsa-mir-92a-2(ATTGCAC)	hsa-mir-92b(ATTGCAC)	(Minor share - Excluded)
hsa-mir-367*	=	hsa-mir-367*(CTGTTGC)
hsa-mir-3677-3p	=	hsa-mir-3677-3p(TCGTGGG)
hsa-mir-3677-5p	=	hsa-mir-3677-5p(AGTGGCC)
hsa-mir-3679-3p	=	hsa-mir-3679-3p(TTCCCCC)
hsa-mir-3679-5p	=	hsa-mir-1185-1-5p(GAGGATA)	hsa-mir-1185-2-5p(GAGGATA)	hsa-mir-3679-5p(GAGGATA)	(Minor share - Excluded)
hsa-mir-3680	=	hsa-mir-3680(CTCACTC)
hsa-mir-3680*	=	hsa-mir-3680*(GCATGAC)
hsa-mir-3681	=	hsa-mir-3681(AGTGGAT)	hsa-mir-3691(AGTGGAT)
hsa-mir-3681*	=	hsa-mir-3681*(ACACAGT)
hsa-mir-3682-3p	=	hsa-mir-1278*(GATGATA)	hsa-mir-3682-3p(GATGATA)
hsa-mir-3682-5p	=	hsa-mir-3682-5p(TACTTCT)
hsa-mir-3688	=	hsa-mir-3688(ATGGAAA)
hsa-mir-3688*	=	hsa-mir-3688*(GTGGCAA)
hsa-mir-369	=	hsa-mir-369(ATAATAC)
hsa-mir-369*	=	hsa-mir-369*(GATCGAC)
hsa-mir-3691	=	hsa-mir-3681(AGTGGAT)	hsa-mir-3691(AGTGGAT)
hsa-mir-3691*	=	hsa-mir-3691*(CCAAGTC)
hsa-mir-370	=	hsa-mir-370(CCTGCTG)
hsa-mir-370*	=	hsa-mir-1193-3p(AGGTCAC)	hsa-mir-370*(AGGTCAC)
hsa-mir-371	=	hsa-mir-371(CTCAAAC)
hsa-mir-371*	=	hsa-mir-371*(AGTGCCG)
hsa-mir-372	=	hsa-mir-302a-3p(AAGTGCT)	hsa-mir-302b(AAGTGCT)	hsa-mir-302d(AAGTGCT)	hsa-mir-372(AAGTGCT)	hsa-mir-373(AAGTGCT)	hsa-mir-516a-1*(AAGTGCT)	hsa-mir-516a-2*(AAGTGCT)	hsa-mir-516b-1*(AAGTGCT)	hsa-mir-516b-2*(AAGTGCT)	hsa-mir-520a*(AAGTGCT)	hsa-mir-520b-3p(AAGTGCT)	hsa-mir-520c(AAGTGCT)	hsa-mir-520d-3p(AAGTGCT)	hsa-mir-520e(AAGTGCT)	hsa-mir-520f(AAGTGCT)	hsa-mir-520h(AAGTGCT)	hsa-mir-527-3p(AAGTGCT)	(Minor share - Excluded)
hsa-mir-372*	=	hsa-mir-372*(CTCAAAT)
hsa-mir-373	=	hsa-mir-302a-3p(AAGTGCT)	hsa-mir-302b(AAGTGCT)	hsa-mir-302d(AAGTGCT)	hsa-mir-372(AAGTGCT)	hsa-mir-373(AAGTGCT)	hsa-mir-516a-1*(AAGTGCT)	hsa-mir-516a-2*(AAGTGCT)	hsa-mir-516b-1*(AAGTGCT)	hsa-mir-516b-2*(AAGTGCT)	hsa-mir-520a*(AAGTGCT)	hsa-mir-520b-3p(AAGTGCT)	hsa-mir-520c(AAGTGCT)	hsa-mir-520d-3p(AAGTGCT)	hsa-mir-520e(AAGTGCT)	hsa-mir-520f(AAGTGCT)	hsa-mir-520h(AAGTGCT)	hsa-mir-527-3p(AAGTGCT)	(Minor share - Excluded)
hsa-mir-373*	=	hsa-mir-373*(CTCAAAA)	hsa-mir-616-5p(CTCAAAA)	(Minor share - Excluded)
hsa-mir-374a	=	hsa-mir-374a(TATAATA)	hsa-mir-374b(TATAATA)
hsa-mir-374a*	=	hsa-mir-374a*(TTATCAG)
hsa-mir-374b	=	hsa-mir-374a(TATAATA)	hsa-mir-374b(TATAATA)	(Minor share - Excluded)
hsa-mir-374b*	=	hsa-mir-374b*(TTAGCAG)
hsa-mir-375	=	hsa-mir-375(TTGTTCG)
hsa-mir-375*	=	hsa-mir-375*(CGACGAG)
hsa-mir-376a-1-3p	=	hsa-mir-376a-1-3p(TCATAGA)	hsa-mir-376a-2-3p(TCATAGA)	hsa-mir-376b(TCATAGA)
hsa-mir-376a-1-5p	=	hsa-mir-376a-1-5p(TAGATTC)
hsa-mir-376a-2-3p	=	hsa-mir-376a-1-3p(TCATAGA)	hsa-mir-376a-2-3p(TCATAGA)	hsa-mir-376b(TCATAGA)
hsa-mir-376a-2-5p	=	hsa-mir-376a-2-5p(TAGATTT)
hsa-mir-376b	=	hsa-mir-376a-1-3p(TCATAGA)	hsa-mir-376a-2-3p(TCATAGA)	hsa-mir-376b(TCATAGA)	(Minor share - Excluded)
hsa-mir-376b*	=	hsa-mir-376b*(TGGATAT)	hsa-mir-376c*(TGGATAT)	(Minor share - Excluded)
hsa-mir-376c	=	hsa-mir-376c(ACATAGA)
hsa-mir-376c*	=	hsa-mir-376b*(TGGATAT)	hsa-mir-376c*(TGGATAT)
hsa-mir-377	=	hsa-mir-377(TCACACA)
hsa-mir-377*	=	hsa-mir-377*(GAGGTTG)
hsa-mir-378	=	hsa-mir-378(CTGGACT)
hsa-mir-378*	=	hsa-mir-378*(TCCTGAC)
hsa-mir-379	=	hsa-mir-379(GGTAGAC)
hsa-mir-379*	=	hsa-mir-379*(ATGTAAC)	hsa-mir-411*(ATGTAAC)	(Minor share - Excluded)
hsa-mir-380-3p	=	hsa-mir-380-3p(ATGTAAT)
hsa-mir-380-5p	=	hsa-mir-380-5p(TGGTTGA)	hsa-mir-758*(TGGTTGA)	(Minor share - Excluded)
hsa-mir-381	=	hsa-mir-381(ATACAAG)
hsa-mir-381*	=	hsa-mir-381*(GCGAGGT)
hsa-mir-382-3p	=	hsa-mir-382-3p(ATCATTC)
hsa-mir-382-5p	=	hsa-mir-382-5p(AAGTTGT)
hsa-mir-383	=	hsa-mir-383(GATCAGA)
hsa-mir-383*	=	hsa-mir-383*(CACAGCA)
hsa-mir-384-3p	=	hsa-mir-384-3p(TTCCTAG)
hsa-mir-384-5p	=	hsa-mir-384-5p(TTAAACA)
hsa-mir-3909	=	hsa-mir-3909(GTCCTCT)
hsa-mir-3909*	=	hsa-mir-3909*(AGCAGGC)
hsa-mir-3910	=	hsa-mir-3910(AAAGGCA)
hsa-mir-3910*	=	hsa-mir-3910*(TCTTGGT)
hsa-mir-3912	=	hsa-mir-3912(AACGCAT)
hsa-mir-3912*	=	hsa-mir-3912*(AACATGT)
hsa-mir-3919-3p	=	hsa-mir-3919-3p(CAGAGAA)
hsa-mir-3919-5p	=	hsa-mir-3919-5p(ACTGAGT)
hsa-mir-3922	=	hsa-mir-3922(GTGGGAC)
hsa-mir-3922*	=	hsa-mir-3922*(CAAGGCC)
hsa-mir-3928	=	hsa-mir-3928(GAGGAAC)
hsa-mir-3928*	=	hsa-mir-3928*(AAGCTCT)
hsa-mir-3934	=	hsa-mir-3934(CAGGTGT)
hsa-mir-3934*	=	hsa-mir-3934*(GCTCAGG)
hsa-mir-3938	=	hsa-mir-3938(ATTCCCT)
hsa-mir-3938*	=	hsa-mir-3938*(GATTATC)
hsa-mir-3939-3p	=	hsa-mir-3939-3p(ACGCGCA)
hsa-mir-3939-5p	=	hsa-mir-3939-5p(TCCTGTA)
hsa-mir-3940	=	hsa-mir-3940(AGCCCGG)
hsa-mir-3940*	=	hsa-mir-3940*(TGGGTTG)
hsa-mir-3942-3p	=	hsa-mir-3942-3p(TTCAGAT)
hsa-mir-3942-5p	=	hsa-mir-3942-5p(GCAATAC)
hsa-mir-3944-3p	=	hsa-mir-3944-3p(TCGGGCT)
hsa-mir-3944-5p	=	hsa-mir-3944-5p(GTGCAGC)
hsa-mir-409-3p	=	hsa-mir-409-3p(AATGTTG)
hsa-mir-409-5p	=	hsa-mir-409-5p(GGTTACC)
hsa-mir-410	=	hsa-mir-410(ATATAAC)
hsa-mir-410*	=	hsa-mir-323b*(GGTTGTC)	hsa-mir-410*(GGTTGTC)	hsa-mir-494*(GGTTGTC)
hsa-mir-411	=	hsa-mir-411(TAGTAGA)
hsa-mir-411*	=	hsa-mir-379*(ATGTAAC)	hsa-mir-411*(ATGTAAC)
hsa-mir-412-3p	=	hsa-mir-412-3p(TCACCTG)
hsa-mir-412-5p	=	hsa-mir-412-5p(GGTCGAC)
hsa-mir-421	=	hsa-mir-421(TCAACAG)
hsa-mir-421*	=	hsa-mir-421*(TCATTAA)
hsa-mir-423-3p	=	hsa-mir-423-3p(GCTCGGT)
hsa-mir-423-5p	=	hsa-mir-423-5p(GAGGGGC)
hsa-mir-424	=	hsa-mir-15a(AGCAGCA)	hsa-mir-15b(AGCAGCA)	hsa-mir-16-1(AGCAGCA)	hsa-mir-16-2(AGCAGCA)	hsa-mir-195(AGCAGCA)	hsa-mir-424(AGCAGCA)	hsa-mir-497(AGCAGCA)	(Minor share - Excluded)
hsa-mir-424*	=	hsa-mir-424*(AAAACGT)
hsa-mir-425	=	hsa-mir-425(ATGACAC)
hsa-mir-425*	=	hsa-mir-425*(ATCGGGA)
hsa-mir-429	=	hsa-mir-200b(AATACTG)	hsa-mir-200c(AATACTG)	hsa-mir-429(AATACTG)	(Minor share - Excluded)
hsa-mir-429*	=	hsa-mir-429*(CTTACCA)
hsa-mir-431-3p	=	hsa-mir-431-3p(AGGTCGT)
hsa-mir-431-5p	=	hsa-mir-431-5p(GTCTTGC)
hsa-mir-432	=	hsa-mir-432(CTTGGAG)
hsa-mir-432*	=	hsa-mir-432*(CTGGATG)
hsa-mir-4326	=	hsa-mir-4326(GTTCCTC)
hsa-mir-4326*	=	hsa-mir-4326*(GTCGGGG)
hsa-mir-433	=	hsa-mir-433(TCATGAT)
hsa-mir-433*	=	hsa-mir-433*(ACGGTGA)
hsa-mir-448	=	hsa-mir-448(TGCATAT)
hsa-mir-448*	=	hsa-mir-448*(ACATCCT)
hsa-mir-449a	=	hsa-mir-34a(GGCAGTG)	hsa-mir-34b(GGCAGTG)	hsa-mir-34c(GGCAGTG)	hsa-mir-449a(GGCAGTG)	hsa-mir-449b(GGCAGTG)	(Minor share - Excluded)
hsa-mir-449a*	=	hsa-mir-449a*(GGCTAAC)
hsa-mir-449b	=	hsa-mir-34a(GGCAGTG)	hsa-mir-34b(GGCAGTG)	hsa-mir-34c(GGCAGTG)	hsa-mir-449a(GGCAGTG)	hsa-mir-449b(GGCAGTG)	(Minor share - Excluded)
hsa-mir-449b*	=	hsa-mir-449b*(AGCCACA)
hsa-mir-449c-3p	=	hsa-mir-449c-3p(AGTTGCT)
hsa-mir-449c-5p	=	hsa-mir-449c-5p(AGGCAGT)
hsa-mir-450a-1	=	hsa-mir-450a-1(TTTGCGA)	hsa-mir-450a-2(TTTGCGA)	(Minor share - Excluded)
hsa-mir-450a-1*	=	hsa-mir-450a-1*(TTGGGAA)
hsa-mir-450a-2	=	hsa-mir-450a-1(TTTGCGA)	hsa-mir-450a-2(TTTGCGA)
hsa-mir-450a-2*	=	hsa-mir-450a-2*(TGGGGAC)
hsa-mir-450b	=	hsa-mir-450b(TTTGCAA)
hsa-mir-450b*	=	hsa-mir-450b*(TTGGGAT)
hsa-mir-451-dicer1	=	hsa-mir-451-dicer1(AACCGTT)
hsa-mir-452	=	hsa-mir-452(ACTGTTT)
hsa-mir-452*	=	hsa-mir-452*(CAGTCTC)
hsa-mir-454	=	hsa-mir-130a(AGTGCAA)	hsa-mir-130b-3p(AGTGCAA)	hsa-mir-301a(AGTGCAA)	hsa-mir-301b(AGTGCAA)	hsa-mir-454(AGTGCAA)	(Minor share - Excluded)
hsa-mir-454*	=	hsa-mir-454*(CCCTATC)
hsa-mir-455-3p	=	hsa-mir-455-3p(CAGTCCA)
hsa-mir-455-5p	=	hsa-mir-455-5p(ATGTGCC)
hsa-mir-466	=	hsa-mir-466(GTGTTGC)
hsa-mir-466*	=	hsa-mir-466*(TACACAT)
hsa-mir-483-3p	=	hsa-mir-483-3p(ACTCCTC)
hsa-mir-483-5p	=	hsa-mir-483-5p(AGACGGG)
hsa-mir-484*-rnasen	=	hsa-mir-484*-rnasen(CGGGGGG)
hsa-mir-484-rnasen	=	hsa-mir-3155-3p(CAGGCTC)	hsa-mir-484-rnasen(CAGGCTC)
hsa-mir-485-3p	=	hsa-mir-485-3p(TCATACA)	hsa-mir-539(TCATACA)	(Minor share - Excluded)
hsa-mir-485-5p	=	hsa-mir-485-5p(GAGGCTG)
hsa-mir-486	=	hsa-mir-486(CCTGTAC)
hsa-mir-486*	=	hsa-mir-486*(GGGGCAG)
hsa-mir-487a-3p	=	hsa-mir-154-3p(ATCATAC)	hsa-mir-487a-3p(ATCATAC)	(Minor share - Excluded)
hsa-mir-487a-5p	=	hsa-mir-487a-5p(TGGTTAT)	hsa-mir-487b*(TGGTTAT)
hsa-mir-487b	=	hsa-mir-487b(ATCGTAC)
hsa-mir-487b*	=	hsa-mir-487a-5p(TGGTTAT)	hsa-mir-487b*(TGGTTAT)	(Minor share - Excluded)
hsa-mir-488	=	hsa-mir-488(TGAAAGG)
hsa-mir-488*	=	hsa-mir-488*(CCAGATA)
hsa-mir-489	=	hsa-mir-489(TGACATC)
hsa-mir-489*	=	hsa-mir-489*(GTCGTAT)
hsa-mir-490-3p	=	hsa-mir-490-3p(AACCTGG)
hsa-mir-490-5p	=	hsa-mir-490-5p(CATGGAT)
hsa-mir-491	=	hsa-mir-491(GTGGGGA)
hsa-mir-491*	=	hsa-mir-491*(TTATGCA)
hsa-mir-493	=	hsa-mir-493(TGTACAT)
hsa-mir-493*	=	hsa-mir-493*(GAAGGTC)
hsa-mir-494	=	hsa-mir-494(GAAACAT)
hsa-mir-494*	=	hsa-mir-323b*(GGTTGTC)	hsa-mir-410*(GGTTGTC)	hsa-mir-494*(GGTTGTC)	(Minor share - Excluded)
hsa-mir-495	=	hsa-mir-495(AACAAAC)
hsa-mir-495*	=	hsa-mir-495*(AAGTTGC)
hsa-mir-496	=	hsa-mir-496(GAGTATT)
hsa-mir-496*	=	hsa-mir-496*(GTTGTCC)
hsa-mir-497	=	hsa-mir-15a(AGCAGCA)	hsa-mir-15b(AGCAGCA)	hsa-mir-16-1(AGCAGCA)	hsa-mir-16-2(AGCAGCA)	hsa-mir-195(AGCAGCA)	hsa-mir-424(AGCAGCA)	hsa-mir-497(AGCAGCA)
hsa-mir-497*	=	hsa-mir-497*(AAACCAC)
hsa-mir-498-3p	=	hsa-mir-498-3p(AAGCACC)
hsa-mir-498-5p	=	hsa-mir-498-5p(TTCAAGC)
hsa-mir-499	=	hsa-mir-499(TAAGACT)
hsa-mir-499*	=	hsa-mir-499*(ACATCAC)
hsa-mir-500a	=	hsa-mir-500a(TGCACCT)
hsa-mir-500a*	=	hsa-mir-500a*(AATCCTT)	hsa-mir-500b(AATCCTT)
hsa-mir-500b	=	hsa-mir-500a*(AATCCTT)	hsa-mir-500b(AATCCTT)
hsa-mir-500b*	=	hsa-mir-500b*(GTGCACC)
hsa-mir-501-3p	=	hsa-mir-501-3p(ATGCACC)	hsa-mir-502(ATGCACC)	(Minor share - Excluded)
hsa-mir-501-5p	=	hsa-mir-501-5p(ATCCTTT)
hsa-mir-502	=	hsa-mir-501-3p(ATGCACC)	hsa-mir-502(ATGCACC)
hsa-mir-502*	=	hsa-mir-362-5p(ATCCTTG)	hsa-mir-502*(ATCCTTG)	(Minor share - Excluded)
hsa-mir-503	=	hsa-mir-503(AGCAGCG)
hsa-mir-503*	=	hsa-mir-503*(GGGTATT)
hsa-mir-504	=	hsa-mir-504(ACCCTGG)
hsa-mir-504*	=	hsa-mir-504*(GGAGTGC)
hsa-mir-505	=	hsa-mir-505(GTCAACA)
hsa-mir-505*	=	hsa-mir-505*(GGAGCCA)
hsa-mir-506	=	hsa-mir-506(TAAGGCA)
hsa-mir-506*	=	hsa-mir-506*(ATTCAGG)
hsa-mir-508	=	hsa-mir-508(GATTGTA)
hsa-mir-508*	=	hsa-mir-508*(ACTCCAG)
hsa-mir-509-1-3p	=	hsa-mir-509-1-3p(GATTGGT)	hsa-mir-509-2-3p(GATTGGT)	hsa-mir-509-3-3p(GATTGGT)
hsa-mir-509-1-5p	=	hsa-mir-509-1-5p(ACTGCAG)	hsa-mir-509-2-5p(ACTGCAG)	hsa-mir-509-3-5p(ACTGCAG)	(Minor share - Excluded)
hsa-mir-509-2-3p	=	hsa-mir-509-1-3p(GATTGGT)	hsa-mir-509-2-3p(GATTGGT)	hsa-mir-509-3-3p(GATTGGT)
hsa-mir-509-2-5p	=	hsa-mir-509-1-5p(ACTGCAG)	hsa-mir-509-2-5p(ACTGCAG)	hsa-mir-509-3-5p(ACTGCAG)	(Minor share - Excluded)
hsa-mir-509-3-3p	=	hsa-mir-509-1-3p(GATTGGT)	hsa-mir-509-2-3p(GATTGGT)	hsa-mir-509-3-3p(GATTGGT)
hsa-mir-509-3-5p	=	hsa-mir-509-1-5p(ACTGCAG)	hsa-mir-509-2-5p(ACTGCAG)	hsa-mir-509-3-5p(ACTGCAG)
hsa-mir-510-3p	=	hsa-mir-510-3p(GATTGAA)
hsa-mir-510-5p	=	hsa-mir-510-5p(ACTCAGG)
hsa-mir-511-1-3p	=	hsa-mir-511-1-3p(ATGTGTA)	hsa-mir-511-2-3p(ATGTGTA)
hsa-mir-511-1-5p	=	hsa-mir-511-1-5p(TGTCTTT)	hsa-mir-511-2-5p(TGTCTTT)
hsa-mir-511-2-3p	=	hsa-mir-511-1-3p(ATGTGTA)	hsa-mir-511-2-3p(ATGTGTA)
hsa-mir-511-2-5p	=	hsa-mir-511-1-5p(TGTCTTT)	hsa-mir-511-2-5p(TGTCTTT)
hsa-mir-512-1-3p	=	hsa-mir-512-1-3p(AGTGCTG)	hsa-mir-512-2-3p(AGTGCTG)
hsa-mir-512-1-5p	=	hsa-mir-512-1-5p(CTCAGCC)	hsa-mir-512-2-5p(CTCAGCC)
hsa-mir-512-2-3p	=	hsa-mir-512-1-3p(AGTGCTG)	hsa-mir-512-2-3p(AGTGCTG)
hsa-mir-512-2-5p	=	hsa-mir-512-1-5p(CTCAGCC)	hsa-mir-512-2-5p(CTCAGCC)
hsa-mir-513a-1-3p	=	hsa-mir-513a-1-3p(AAATTTC)	hsa-mir-513a-2-3p(AAATTTC)
hsa-mir-513a-1-5p	=	hsa-mir-513a-1-5p(TCACAGG)	hsa-mir-513a-2-5p(TCACAGG)
hsa-mir-513a-2-3p	=	hsa-mir-513a-1-3p(AAATTTC)	hsa-mir-513a-2-3p(AAATTTC)
hsa-mir-513a-2-5p	=	hsa-mir-513a-1-5p(TCACAGG)	hsa-mir-513a-2-5p(TCACAGG)
hsa-mir-513b	=	hsa-mir-513b(TCACAAG)
hsa-mir-513b*	=	hsa-mir-513b*(AAATGTC)
hsa-mir-513c-3p	=	hsa-mir-513c-3p(AATTTCA)
hsa-mir-513c-5p	=	hsa-mir-513c-5p(TCTCAAG)	hsa-mir-514b-5p(TCTCAAG)
hsa-mir-514a-1	=	hsa-mir-514a-1(TTGACAC)	hsa-mir-514a-2(TTGACAC)	hsa-mir-514a-3(TTGACAC)	hsa-mir-514b-3p(TTGACAC)
hsa-mir-514a-1*	=	hsa-mir-514a-1*(ACTCTGG)	hsa-mir-514a-2*(ACTCTGG)	hsa-mir-514a-3*(ACTCTGG)
hsa-mir-514a-2	=	hsa-mir-514a-1(TTGACAC)	hsa-mir-514a-2(TTGACAC)	hsa-mir-514a-3(TTGACAC)	hsa-mir-514b-3p(TTGACAC)
hsa-mir-514a-2*	=	hsa-mir-514a-1*(ACTCTGG)	hsa-mir-514a-2*(ACTCTGG)	hsa-mir-514a-3*(ACTCTGG)
hsa-mir-514a-3	=	hsa-mir-514a-1(TTGACAC)	hsa-mir-514a-2(TTGACAC)	hsa-mir-514a-3(TTGACAC)	hsa-mir-514b-3p(TTGACAC)
hsa-mir-514a-3*	=	hsa-mir-514a-1*(ACTCTGG)	hsa-mir-514a-2*(ACTCTGG)	hsa-mir-514a-3*(ACTCTGG)
hsa-mir-514b-3p	=	hsa-mir-514a-1(TTGACAC)	hsa-mir-514a-2(TTGACAC)	hsa-mir-514a-3(TTGACAC)	hsa-mir-514b-3p(TTGACAC)	(Minor share - Excluded)
hsa-mir-514b-5p	=	hsa-mir-513c-5p(TCTCAAG)	hsa-mir-514b-5p(TCTCAAG)	(Minor share - Excluded)
hsa-mir-515-1-3p	=	hsa-mir-33b*(AGTGCCT)	hsa-mir-515-1-3p(AGTGCCT)	hsa-mir-515-2-3p(AGTGCCT)	hsa-mir-519e-3p(AGTGCCT)	(Minor share - Excluded)
hsa-mir-515-1-5p	=	hsa-mir-515-1-5p(TCTCCAA)	hsa-mir-515-2-5p(TCTCCAA)	hsa-mir-519e-5p(TCTCCAA)
hsa-mir-515-2-3p	=	hsa-mir-33b*(AGTGCCT)	hsa-mir-515-1-3p(AGTGCCT)	hsa-mir-515-2-3p(AGTGCCT)	hsa-mir-519e-3p(AGTGCCT)	(Minor share - Excluded)
hsa-mir-515-2-5p	=	hsa-mir-515-1-5p(TCTCCAA)	hsa-mir-515-2-5p(TCTCCAA)	hsa-mir-519e-5p(TCTCCAA)
hsa-mir-516a-1	=	hsa-mir-516a-1(TCTCGAG)	hsa-mir-516a-2(TCTCGAG)
hsa-mir-516a-1*	=	hsa-mir-302a-3p(AAGTGCT)	hsa-mir-302b(AAGTGCT)	hsa-mir-302d(AAGTGCT)	hsa-mir-372(AAGTGCT)	hsa-mir-373(AAGTGCT)	hsa-mir-516a-1*(AAGTGCT)	hsa-mir-516a-2*(AAGTGCT)	hsa-mir-516b-1*(AAGTGCT)	hsa-mir-516b-2*(AAGTGCT)	hsa-mir-520a*(AAGTGCT)	hsa-mir-520b-3p(AAGTGCT)	hsa-mir-520c(AAGTGCT)	hsa-mir-520d-3p(AAGTGCT)	hsa-mir-520e(AAGTGCT)	hsa-mir-520f(AAGTGCT)	hsa-mir-520h(AAGTGCT)	hsa-mir-527-3p(AAGTGCT)	(Minor share - Excluded)
hsa-mir-516a-2	=	hsa-mir-516a-1(TCTCGAG)	hsa-mir-516a-2(TCTCGAG)
hsa-mir-516a-2*	=	hsa-mir-302a-3p(AAGTGCT)	hsa-mir-302b(AAGTGCT)	hsa-mir-302d(AAGTGCT)	hsa-mir-372(AAGTGCT)	hsa-mir-373(AAGTGCT)	hsa-mir-516a-1*(AAGTGCT)	hsa-mir-516a-2*(AAGTGCT)	hsa-mir-516b-1*(AAGTGCT)	hsa-mir-516b-2*(AAGTGCT)	hsa-mir-520a*(AAGTGCT)	hsa-mir-520b-3p(AAGTGCT)	hsa-mir-520c(AAGTGCT)	hsa-mir-520d-3p(AAGTGCT)	hsa-mir-520e(AAGTGCT)	hsa-mir-520f(AAGTGCT)	hsa-mir-520h(AAGTGCT)	hsa-mir-527-3p(AAGTGCT)	(Minor share - Excluded)
hsa-mir-516b-1	=	hsa-mir-516b-1(TCTGGAG)	hsa-mir-516b-2(TCTGGAG)	hsa-mir-518c*(TCTGGAG)
hsa-mir-516b-1*	=	hsa-mir-302a-3p(AAGTGCT)	hsa-mir-302b(AAGTGCT)	hsa-mir-302d(AAGTGCT)	hsa-mir-372(AAGTGCT)	hsa-mir-373(AAGTGCT)	hsa-mir-516a-1*(AAGTGCT)	hsa-mir-516a-2*(AAGTGCT)	hsa-mir-516b-1*(AAGTGCT)	hsa-mir-516b-2*(AAGTGCT)	hsa-mir-520a*(AAGTGCT)	hsa-mir-520b-3p(AAGTGCT)	hsa-mir-520c(AAGTGCT)	hsa-mir-520d-3p(AAGTGCT)	hsa-mir-520e(AAGTGCT)	hsa-mir-520f(AAGTGCT)	hsa-mir-520h(AAGTGCT)	hsa-mir-527-3p(AAGTGCT)	(Minor share - Excluded)
hsa-mir-516b-2	=	hsa-mir-516b-1(TCTGGAG)	hsa-mir-516b-2(TCTGGAG)	hsa-mir-518c*(TCTGGAG)	(Minor share - Excluded)
hsa-mir-516b-2*	=	hsa-mir-302a-3p(AAGTGCT)	hsa-mir-302b(AAGTGCT)	hsa-mir-302d(AAGTGCT)	hsa-mir-372(AAGTGCT)	hsa-mir-373(AAGTGCT)	hsa-mir-516a-1*(AAGTGCT)	hsa-mir-516a-2*(AAGTGCT)	hsa-mir-516b-1*(AAGTGCT)	hsa-mir-516b-2*(AAGTGCT)	hsa-mir-520a*(AAGTGCT)	hsa-mir-520b-3p(AAGTGCT)	hsa-mir-520c(AAGTGCT)	hsa-mir-520d-3p(AAGTGCT)	hsa-mir-520e(AAGTGCT)	hsa-mir-520f(AAGTGCT)	hsa-mir-520h(AAGTGCT)	hsa-mir-527-3p(AAGTGCT)	(Minor share - Excluded)
hsa-mir-517a-1	=	hsa-mir-517a-1(TCGTGCA)	hsa-mir-517a-2(TCGTGCA)	hsa-mir-517b(TCGTGCA)
hsa-mir-517a-1*	=	hsa-mir-517a-1*(CTCTAGA)	hsa-mir-517a-2*(CTCTAGA)	hsa-mir-517b*(CTCTAGA)	hsa-mir-520g*(CTCTAGA)	hsa-mir-520h*(CTCTAGA)
hsa-mir-517a-2	=	hsa-mir-517a-1(TCGTGCA)	hsa-mir-517a-2(TCGTGCA)	hsa-mir-517b(TCGTGCA)
hsa-mir-517a-2*	=	hsa-mir-517a-1*(CTCTAGA)	hsa-mir-517a-2*(CTCTAGA)	hsa-mir-517b*(CTCTAGA)	hsa-mir-520g*(CTCTAGA)	hsa-mir-520h*(CTCTAGA)
hsa-mir-517b	=	hsa-mir-517a-1(TCGTGCA)	hsa-mir-517a-2(TCGTGCA)	hsa-mir-517b(TCGTGCA)	(Minor share - Excluded)
hsa-mir-517b*	=	hsa-mir-517a-1*(CTCTAGA)	hsa-mir-517a-2*(CTCTAGA)	hsa-mir-517b*(CTCTAGA)	hsa-mir-520g*(CTCTAGA)	hsa-mir-520h*(CTCTAGA)
hsa-mir-518a-1-3p	=	hsa-mir-518a-1-3p(AAAGCGC)	hsa-mir-518a-2-3p(AAAGCGC)	hsa-mir-518b(AAAGCGC)	hsa-mir-518c(AAAGCGC)	hsa-mir-518d(AAAGCGC)	hsa-mir-518f(AAAGCGC)	hsa-mir-526a-1-3p(AAAGCGC)
hsa-mir-518a-1-5p	=	hsa-mir-518a-1-5p(TGCAAAG)	hsa-mir-518a-2-5p(TGCAAAG)	hsa-mir-527-5p(TGCAAAG)	(Minor share - Excluded)
hsa-mir-518a-2-3p	=	hsa-mir-518a-1-3p(AAAGCGC)	hsa-mir-518a-2-3p(AAAGCGC)	hsa-mir-518b(AAAGCGC)	hsa-mir-518c(AAAGCGC)	hsa-mir-518d(AAAGCGC)	hsa-mir-518f(AAAGCGC)	hsa-mir-526a-1-3p(AAAGCGC)
hsa-mir-518a-2-5p	=	hsa-mir-518a-1-5p(TGCAAAG)	hsa-mir-518a-2-5p(TGCAAAG)	hsa-mir-527-5p(TGCAAAG)
hsa-mir-518b	=	hsa-mir-518a-1-3p(AAAGCGC)	hsa-mir-518a-2-3p(AAAGCGC)	hsa-mir-518b(AAAGCGC)	hsa-mir-518c(AAAGCGC)	hsa-mir-518d(AAAGCGC)	hsa-mir-518f(AAAGCGC)	hsa-mir-526a-1-3p(AAAGCGC)	(Minor share - Excluded)
hsa-mir-518b*	=	hsa-mir-518b*(TCCAGAG)	hsa-mir-520a(TCCAGAG)	hsa-mir-525-5p(TCCAGAG)	(Minor share - Excluded)
hsa-mir-518c	=	hsa-mir-518a-1-3p(AAAGCGC)	hsa-mir-518a-2-3p(AAAGCGC)	hsa-mir-518b(AAAGCGC)	hsa-mir-518c(AAAGCGC)	hsa-mir-518d(AAAGCGC)	hsa-mir-518f(AAAGCGC)	hsa-mir-526a-1-3p(AAAGCGC)	(Minor share - Excluded)
hsa-mir-518c*	=	hsa-mir-516b-1(TCTGGAG)	hsa-mir-516b-2(TCTGGAG)	hsa-mir-518c*(TCTGGAG)	(Minor share - Excluded)
hsa-mir-518d	=	hsa-mir-518a-1-3p(AAAGCGC)	hsa-mir-518a-2-3p(AAAGCGC)	hsa-mir-518b(AAAGCGC)	hsa-mir-518c(AAAGCGC)	hsa-mir-518d(AAAGCGC)	hsa-mir-518f(AAAGCGC)	hsa-mir-526a-1-3p(AAAGCGC)	(Minor share - Excluded)
hsa-mir-518d*	=	hsa-mir-518d*(TCTAGAG)	hsa-mir-518e-5p(TCTAGAG)	hsa-mir-518f*(TCTAGAG)	hsa-mir-519a-1*(TCTAGAG)	hsa-mir-519b*(TCTAGAG)	hsa-mir-519c*(TCTAGAG)	hsa-mir-520c*(TCTAGAG)	hsa-mir-522*(TCTAGAG)	hsa-mir-523-5p(TCTAGAG)	hsa-mir-526a-1-5p(TCTAGAG)	hsa-mir-526a-2-5p(TCTAGAG)	(Minor share - Excluded)
hsa-mir-518e-3p	=	hsa-mir-1283-1-3p(AAGCGCT)	hsa-mir-518e-3p(AAGCGCT)
hsa-mir-518e-5p	=	hsa-mir-518d*(TCTAGAG)	hsa-mir-518e-5p(TCTAGAG)	hsa-mir-518f*(TCTAGAG)	hsa-mir-519a-1*(TCTAGAG)	hsa-mir-519b*(TCTAGAG)	hsa-mir-519c*(TCTAGAG)	hsa-mir-520c*(TCTAGAG)	hsa-mir-522*(TCTAGAG)	hsa-mir-523-5p(TCTAGAG)	hsa-mir-526a-1-5p(TCTAGAG)	hsa-mir-526a-2-5p(TCTAGAG)	(Minor share - Excluded)
hsa-mir-518f	=	hsa-mir-518a-1-3p(AAAGCGC)	hsa-mir-518a-2-3p(AAAGCGC)	hsa-mir-518b(AAAGCGC)	hsa-mir-518c(AAAGCGC)	hsa-mir-518d(AAAGCGC)	hsa-mir-518f(AAAGCGC)	hsa-mir-526a-1-3p(AAAGCGC)	(Minor share - Excluded)
hsa-mir-518f*	=	hsa-mir-518d*(TCTAGAG)	hsa-mir-518e-5p(TCTAGAG)	hsa-mir-518f*(TCTAGAG)	hsa-mir-519a-1*(TCTAGAG)	hsa-mir-519b*(TCTAGAG)	hsa-mir-519c*(TCTAGAG)	hsa-mir-520c*(TCTAGAG)	hsa-mir-522*(TCTAGAG)	hsa-mir-523-5p(TCTAGAG)	hsa-mir-526a-1-5p(TCTAGAG)	hsa-mir-526a-2-5p(TCTAGAG)	(Minor share - Excluded)
hsa-mir-519a-1	=	hsa-mir-1323*(AAGTGCA)	hsa-mir-519a-1(AAGTGCA)	hsa-mir-519a-2(AAGTGCA)	hsa-mir-519b(AAGTGCA)	hsa-mir-519c(AAGTGCA)
hsa-mir-519a-1*	=	hsa-mir-518d*(TCTAGAG)	hsa-mir-518e-5p(TCTAGAG)	hsa-mir-518f*(TCTAGAG)	hsa-mir-519a-1*(TCTAGAG)	hsa-mir-519b*(TCTAGAG)	hsa-mir-519c*(TCTAGAG)	hsa-mir-520c*(TCTAGAG)	hsa-mir-522*(TCTAGAG)	hsa-mir-523-5p(TCTAGAG)	hsa-mir-526a-1-5p(TCTAGAG)	hsa-mir-526a-2-5p(TCTAGAG)
hsa-mir-519a-2	=	hsa-mir-1323*(AAGTGCA)	hsa-mir-519a-1(AAGTGCA)	hsa-mir-519a-2(AAGTGCA)	hsa-mir-519b(AAGTGCA)	hsa-mir-519c(AAGTGCA)
hsa-mir-519a-2*	=	hsa-mir-519a-2*(CTCTACA)	hsa-mir-520b-5p(CTCTACA)
hsa-mir-519b	=	hsa-mir-1323*(AAGTGCA)	hsa-mir-519a-1(AAGTGCA)	hsa-mir-519a-2(AAGTGCA)	hsa-mir-519b(AAGTGCA)	hsa-mir-519c(AAGTGCA)	(Minor share - Excluded)
hsa-mir-519b*	=	hsa-mir-518d*(TCTAGAG)	hsa-mir-518e-5p(TCTAGAG)	hsa-mir-518f*(TCTAGAG)	hsa-mir-519a-1*(TCTAGAG)	hsa-mir-519b*(TCTAGAG)	hsa-mir-519c*(TCTAGAG)	hsa-mir-520c*(TCTAGAG)	hsa-mir-522*(TCTAGAG)	hsa-mir-523-5p(TCTAGAG)	hsa-mir-526a-1-5p(TCTAGAG)	hsa-mir-526a-2-5p(TCTAGAG)	(Minor share - Excluded)
hsa-mir-519c	=	hsa-mir-1323*(AAGTGCA)	hsa-mir-519a-1(AAGTGCA)	hsa-mir-519a-2(AAGTGCA)	hsa-mir-519b(AAGTGCA)	hsa-mir-519c(AAGTGCA)	(Minor share - Excluded)
hsa-mir-519c*	=	hsa-mir-518d*(TCTAGAG)	hsa-mir-518e-5p(TCTAGAG)	hsa-mir-518f*(TCTAGAG)	hsa-mir-519a-1*(TCTAGAG)	hsa-mir-519b*(TCTAGAG)	hsa-mir-519c*(TCTAGAG)	hsa-mir-520c*(TCTAGAG)	hsa-mir-522*(TCTAGAG)	hsa-mir-523-5p(TCTAGAG)	hsa-mir-526a-1-5p(TCTAGAG)	hsa-mir-526a-2-5p(TCTAGAG)	(Minor share - Excluded)
hsa-mir-519d	=	hsa-mir-106a(AAAGTGC)	hsa-mir-106b(AAAGTGC)	hsa-mir-17(AAAGTGC)	hsa-mir-20a(AAAGTGC)	hsa-mir-20b(AAAGTGC)	hsa-mir-519d(AAAGTGC)	hsa-mir-526b-3p(AAAGTGC)	hsa-mir-93(AAAGTGC)	(Minor share - Excluded)
hsa-mir-519d*	=	hsa-mir-519d*(CTCCAAA)	hsa-mir-521-1*(CTCCAAA)	hsa-mir-521-2*(CTCCAAA)
hsa-mir-519e-3p	=	hsa-mir-33b*(AGTGCCT)	hsa-mir-515-1-3p(AGTGCCT)	hsa-mir-515-2-3p(AGTGCCT)	hsa-mir-519e-3p(AGTGCCT)	(Minor share - Excluded)
hsa-mir-519e-5p	=	hsa-mir-515-1-5p(TCTCCAA)	hsa-mir-515-2-5p(TCTCCAA)	hsa-mir-519e-5p(TCTCCAA)	(Minor share - Excluded)
hsa-mir-520a	=	hsa-mir-518b*(TCCAGAG)	hsa-mir-520a(TCCAGAG)	hsa-mir-525-5p(TCCAGAG)
hsa-mir-520a*	=	hsa-mir-302a-3p(AAGTGCT)	hsa-mir-302b(AAGTGCT)	hsa-mir-302d(AAGTGCT)	hsa-mir-372(AAGTGCT)	hsa-mir-373(AAGTGCT)	hsa-mir-516a-1*(AAGTGCT)	hsa-mir-516a-2*(AAGTGCT)	hsa-mir-516b-1*(AAGTGCT)	hsa-mir-516b-2*(AAGTGCT)	hsa-mir-520a*(AAGTGCT)	hsa-mir-520b-3p(AAGTGCT)	hsa-mir-520c(AAGTGCT)	hsa-mir-520d-3p(AAGTGCT)	hsa-mir-520e(AAGTGCT)	hsa-mir-520f(AAGTGCT)	hsa-mir-520h(AAGTGCT)	hsa-mir-527-3p(AAGTGCT)	(Minor share - Excluded)
hsa-mir-520b-3p	=	hsa-mir-302a-3p(AAGTGCT)	hsa-mir-302b(AAGTGCT)	hsa-mir-302d(AAGTGCT)	hsa-mir-372(AAGTGCT)	hsa-mir-373(AAGTGCT)	hsa-mir-516a-1*(AAGTGCT)	hsa-mir-516a-2*(AAGTGCT)	hsa-mir-516b-1*(AAGTGCT)	hsa-mir-516b-2*(AAGTGCT)	hsa-mir-520a*(AAGTGCT)	hsa-mir-520b-3p(AAGTGCT)	hsa-mir-520c(AAGTGCT)	hsa-mir-520d-3p(AAGTGCT)	hsa-mir-520e(AAGTGCT)	hsa-mir-520f(AAGTGCT)	hsa-mir-520h(AAGTGCT)	hsa-mir-527-3p(AAGTGCT)	(Minor share - Excluded)
hsa-mir-520b-5p	=	hsa-mir-519a-2*(CTCTACA)	hsa-mir-520b-5p(CTCTACA)
hsa-mir-520c	=	hsa-mir-302a-3p(AAGTGCT)	hsa-mir-302b(AAGTGCT)	hsa-mir-302d(AAGTGCT)	hsa-mir-372(AAGTGCT)	hsa-mir-373(AAGTGCT)	hsa-mir-516a-1*(AAGTGCT)	hsa-mir-516a-2*(AAGTGCT)	hsa-mir-516b-1*(AAGTGCT)	hsa-mir-516b-2*(AAGTGCT)	hsa-mir-520a*(AAGTGCT)	hsa-mir-520b-3p(AAGTGCT)	hsa-mir-520c(AAGTGCT)	hsa-mir-520d-3p(AAGTGCT)	hsa-mir-520e(AAGTGCT)	hsa-mir-520f(AAGTGCT)	hsa-mir-520h(AAGTGCT)	hsa-mir-527-3p(AAGTGCT)	(Minor share - Excluded)
hsa-mir-520c*	=	hsa-mir-518d*(TCTAGAG)	hsa-mir-518e-5p(TCTAGAG)	hsa-mir-518f*(TCTAGAG)	hsa-mir-519a-1*(TCTAGAG)	hsa-mir-519b*(TCTAGAG)	hsa-mir-519c*(TCTAGAG)	hsa-mir-520c*(TCTAGAG)	hsa-mir-522*(TCTAGAG)	hsa-mir-523-5p(TCTAGAG)	hsa-mir-526a-1-5p(TCTAGAG)	hsa-mir-526a-2-5p(TCTAGAG)	(Minor share - Excluded)
hsa-mir-520d-3p	=	hsa-mir-302a-3p(AAGTGCT)	hsa-mir-302b(AAGTGCT)	hsa-mir-302d(AAGTGCT)	hsa-mir-372(AAGTGCT)	hsa-mir-373(AAGTGCT)	hsa-mir-516a-1*(AAGTGCT)	hsa-mir-516a-2*(AAGTGCT)	hsa-mir-516b-1*(AAGTGCT)	hsa-mir-516b-2*(AAGTGCT)	hsa-mir-520a*(AAGTGCT)	hsa-mir-520b-3p(AAGTGCT)	hsa-mir-520c(AAGTGCT)	hsa-mir-520d-3p(AAGTGCT)	hsa-mir-520e(AAGTGCT)	hsa-mir-520f(AAGTGCT)	hsa-mir-520h(AAGTGCT)	hsa-mir-527-3p(AAGTGCT)
hsa-mir-520d-5p	=	hsa-mir-520d-5p(TACAAAG)	hsa-mir-524(TACAAAG)
hsa-mir-520e	=	hsa-mir-302a-3p(AAGTGCT)	hsa-mir-302b(AAGTGCT)	hsa-mir-302d(AAGTGCT)	hsa-mir-372(AAGTGCT)	hsa-mir-373(AAGTGCT)	hsa-mir-516a-1*(AAGTGCT)	hsa-mir-516a-2*(AAGTGCT)	hsa-mir-516b-1*(AAGTGCT)	hsa-mir-516b-2*(AAGTGCT)	hsa-mir-520a*(AAGTGCT)	hsa-mir-520b-3p(AAGTGCT)	hsa-mir-520c(AAGTGCT)	hsa-mir-520d-3p(AAGTGCT)	hsa-mir-520e(AAGTGCT)	hsa-mir-520f(AAGTGCT)	hsa-mir-520h(AAGTGCT)	hsa-mir-527-3p(AAGTGCT)	(Minor share - Excluded)
hsa-mir-520e*	=	hsa-mir-520e*(TCAAGAT)
hsa-mir-520f	=	hsa-mir-302a-3p(AAGTGCT)	hsa-mir-302b(AAGTGCT)	hsa-mir-302d(AAGTGCT)	hsa-mir-372(AAGTGCT)	hsa-mir-373(AAGTGCT)	hsa-mir-516a-1*(AAGTGCT)	hsa-mir-516a-2*(AAGTGCT)	hsa-mir-516b-1*(AAGTGCT)	hsa-mir-516b-2*(AAGTGCT)	hsa-mir-520a*(AAGTGCT)	hsa-mir-520b-3p(AAGTGCT)	hsa-mir-520c(AAGTGCT)	hsa-mir-520d-3p(AAGTGCT)	hsa-mir-520e(AAGTGCT)	hsa-mir-520f(AAGTGCT)	hsa-mir-520h(AAGTGCT)	hsa-mir-527-3p(AAGTGCT)	(Minor share - Excluded)
hsa-mir-520f*	=	hsa-mir-520f*(CTCTAAA)
hsa-mir-520g	=	hsa-mir-520g(CAAAGTG)
hsa-mir-520g*	=	hsa-mir-517a-1*(CTCTAGA)	hsa-mir-517a-2*(CTCTAGA)	hsa-mir-517b*(CTCTAGA)	hsa-mir-520g*(CTCTAGA)	hsa-mir-520h*(CTCTAGA)	(Minor share - Excluded)
hsa-mir-520h	=	hsa-mir-302a-3p(AAGTGCT)	hsa-mir-302b(AAGTGCT)	hsa-mir-302d(AAGTGCT)	hsa-mir-372(AAGTGCT)	hsa-mir-373(AAGTGCT)	hsa-mir-516a-1*(AAGTGCT)	hsa-mir-516a-2*(AAGTGCT)	hsa-mir-516b-1*(AAGTGCT)	hsa-mir-516b-2*(AAGTGCT)	hsa-mir-520a*(AAGTGCT)	hsa-mir-520b-3p(AAGTGCT)	hsa-mir-520c(AAGTGCT)	hsa-mir-520d-3p(AAGTGCT)	hsa-mir-520e(AAGTGCT)	hsa-mir-520f(AAGTGCT)	hsa-mir-520h(AAGTGCT)	hsa-mir-527-3p(AAGTGCT)	(Minor share - Excluded)
hsa-mir-520h*	=	hsa-mir-517a-1*(CTCTAGA)	hsa-mir-517a-2*(CTCTAGA)	hsa-mir-517b*(CTCTAGA)	hsa-mir-520g*(CTCTAGA)	hsa-mir-520h*(CTCTAGA)	(Minor share - Excluded)
hsa-mir-521-1	=	hsa-mir-521-1(ACGCACT)	hsa-mir-521-2(ACGCACT)
hsa-mir-521-1*	=	hsa-mir-519d*(CTCCAAA)	hsa-mir-521-1*(CTCCAAA)	hsa-mir-521-2*(CTCCAAA)	(Minor share - Excluded)
hsa-mir-521-2	=	hsa-mir-521-1(ACGCACT)	hsa-mir-521-2(ACGCACT)
hsa-mir-521-2*	=	hsa-mir-519d*(CTCCAAA)	hsa-mir-521-1*(CTCCAAA)	hsa-mir-521-2*(CTCCAAA)	(Minor share - Excluded)
hsa-mir-522	=	hsa-mir-522(AAATGGT)
hsa-mir-522*	=	hsa-mir-518d*(TCTAGAG)	hsa-mir-518e-5p(TCTAGAG)	hsa-mir-518f*(TCTAGAG)	hsa-mir-519a-1*(TCTAGAG)	hsa-mir-519b*(TCTAGAG)	hsa-mir-519c*(TCTAGAG)	hsa-mir-520c*(TCTAGAG)	hsa-mir-522*(TCTAGAG)	hsa-mir-523-5p(TCTAGAG)	hsa-mir-526a-1-5p(TCTAGAG)	hsa-mir-526a-2-5p(TCTAGAG)	(Minor share - Excluded)
hsa-mir-523-3p	=	hsa-mir-523-3p(ACGCGCT)
hsa-mir-523-5p	=	hsa-mir-518d*(TCTAGAG)	hsa-mir-518e-5p(TCTAGAG)	hsa-mir-518f*(TCTAGAG)	hsa-mir-519a-1*(TCTAGAG)	hsa-mir-519b*(TCTAGAG)	hsa-mir-519c*(TCTAGAG)	hsa-mir-520c*(TCTAGAG)	hsa-mir-522*(TCTAGAG)	hsa-mir-523-5p(TCTAGAG)	hsa-mir-526a-1-5p(TCTAGAG)	hsa-mir-526a-2-5p(TCTAGAG)	(Minor share - Excluded)
hsa-mir-524	=	hsa-mir-520d-5p(TACAAAG)	hsa-mir-524(TACAAAG)	(Minor share - Excluded)
hsa-mir-524*	=	hsa-mir-524*(AAGGCGC)	hsa-mir-525-3p(AAGGCGC)	(Minor share - Excluded)
hsa-mir-525-3p	=	hsa-mir-524*(AAGGCGC)	hsa-mir-525-3p(AAGGCGC)
hsa-mir-525-5p	=	hsa-mir-518b*(TCCAGAG)	hsa-mir-520a(TCCAGAG)	hsa-mir-525-5p(TCCAGAG)
hsa-mir-526a-1-3p	=	hsa-mir-518a-1-3p(AAAGCGC)	hsa-mir-518a-2-3p(AAAGCGC)	hsa-mir-518b(AAAGCGC)	hsa-mir-518c(AAAGCGC)	hsa-mir-518d(AAAGCGC)	hsa-mir-518f(AAAGCGC)	hsa-mir-526a-1-3p(AAAGCGC)	(Minor share - Excluded)
hsa-mir-526a-1-5p	=	hsa-mir-518d*(TCTAGAG)	hsa-mir-518e-5p(TCTAGAG)	hsa-mir-518f*(TCTAGAG)	hsa-mir-519a-1*(TCTAGAG)	hsa-mir-519b*(TCTAGAG)	hsa-mir-519c*(TCTAGAG)	hsa-mir-520c*(TCTAGAG)	hsa-mir-522*(TCTAGAG)	hsa-mir-523-5p(TCTAGAG)	hsa-mir-526a-1-5p(TCTAGAG)	hsa-mir-526a-2-5p(TCTAGAG)	(Minor share - Excluded)
hsa-mir-526a-2-3p	=	hsa-mir-526a-2-3p(AACATGC)
hsa-mir-526a-2-5p	=	hsa-mir-518d*(TCTAGAG)	hsa-mir-518e-5p(TCTAGAG)	hsa-mir-518f*(TCTAGAG)	hsa-mir-519a-1*(TCTAGAG)	hsa-mir-519b*(TCTAGAG)	hsa-mir-519c*(TCTAGAG)	hsa-mir-520c*(TCTAGAG)	hsa-mir-522*(TCTAGAG)	hsa-mir-523-5p(TCTAGAG)	hsa-mir-526a-1-5p(TCTAGAG)	hsa-mir-526a-2-5p(TCTAGAG)	(Minor share - Excluded)
hsa-mir-526b-3p	=	hsa-mir-106a(AAAGTGC)	hsa-mir-106b(AAAGTGC)	hsa-mir-17(AAAGTGC)	hsa-mir-20a(AAAGTGC)	hsa-mir-20b(AAAGTGC)	hsa-mir-519d(AAAGTGC)	hsa-mir-526b-3p(AAAGTGC)	hsa-mir-93(AAAGTGC)	(Minor share - Excluded)
hsa-mir-526b-5p	=	hsa-mir-526b-5p(TCTTGAG)
hsa-mir-527-3p	=	hsa-mir-302a-3p(AAGTGCT)	hsa-mir-302b(AAGTGCT)	hsa-mir-302d(AAGTGCT)	hsa-mir-372(AAGTGCT)	hsa-mir-373(AAGTGCT)	hsa-mir-516a-1*(AAGTGCT)	hsa-mir-516a-2*(AAGTGCT)	hsa-mir-516b-1*(AAGTGCT)	hsa-mir-516b-2*(AAGTGCT)	hsa-mir-520a*(AAGTGCT)	hsa-mir-520b-3p(AAGTGCT)	hsa-mir-520c(AAGTGCT)	hsa-mir-520d-3p(AAGTGCT)	hsa-mir-520e(AAGTGCT)	hsa-mir-520f(AAGTGCT)	hsa-mir-520h(AAGTGCT)	hsa-mir-527-3p(AAGTGCT)	(Minor share - Excluded)
hsa-mir-527-5p	=	hsa-mir-518a-1-5p(TGCAAAG)	hsa-mir-518a-2-5p(TGCAAAG)	hsa-mir-527-5p(TGCAAAG)	(Minor share - Excluded)
hsa-mir-532-3p	=	hsa-mir-3155-5p(CTCCCAC)	hsa-mir-532-3p(CTCCCAC)
hsa-mir-532-5p	=	hsa-mir-532-5p(ATGCCTT)
hsa-mir-539	=	hsa-mir-485-3p(TCATACA)	hsa-mir-539(TCATACA)
hsa-mir-539*	=	hsa-mir-539*(GAGAAAT)
hsa-mir-541-3p	=	hsa-mir-541-3p(GGTGGGC)	hsa-mir-654*(GGTGGGC)	(Minor share - Excluded)
hsa-mir-541-5p	=	hsa-mir-541-5p(AAGGATT)
hsa-mir-542	=	hsa-mir-542(GTGACAG)
hsa-mir-542*	=	hsa-mir-542*(CGGGGAT)
hsa-mir-543	=	hsa-mir-543(AACATTC)
hsa-mir-543*	=	hsa-mir-543*(AGTTGCC)
hsa-mir-544-3p	=	hsa-mir-544-3p(TTCTGCA)
hsa-mir-544-5p	=	hsa-mir-544-5p(CTTGTTA)
hsa-mir-545-3p	=	hsa-mir-545-3p(CAGCAAA)
hsa-mir-545-5p	=	hsa-mir-545-5p(CAGTAAA)
hsa-mir-549-3p	=	hsa-mir-549-3p(TGACAAC)
hsa-mir-549-5p	=	hsa-mir-549-5p(GCTCATC)
hsa-mir-550-1-3p	=	hsa-mir-200c*(GTCTTAC)	hsa-mir-550-1-3p(GTCTTAC)	hsa-mir-550-2-3p(GTCTTAC)	(Minor share - Excluded)
hsa-mir-550-1-5p	=	hsa-mir-1271*(GTGCCTG)	hsa-mir-550-1-5p(GTGCCTG)	hsa-mir-550-2-5p(GTGCCTG)
hsa-mir-550-2-3p	=	hsa-mir-200c*(GTCTTAC)	hsa-mir-550-1-3p(GTCTTAC)	hsa-mir-550-2-3p(GTCTTAC)	(Minor share - Excluded)
hsa-mir-550-2-5p	=	hsa-mir-1271*(GTGCCTG)	hsa-mir-550-1-5p(GTGCCTG)	hsa-mir-550-2-5p(GTGCCTG)
hsa-mir-551a	=	hsa-mir-551a(CGACCCA)	hsa-mir-551b(CGACCCA)	(Minor share - Excluded)
hsa-mir-551a*	=	hsa-mir-551a*(ACTGCCG)
hsa-mir-551b	=	hsa-mir-551a(CGACCCA)	hsa-mir-551b(CGACCCA)
hsa-mir-551b*	=	hsa-mir-551b*(AAATCAA)
hsa-mir-552-3p	=	hsa-mir-552-3p(ACAGGTG)
hsa-mir-552-5p	=	hsa-mir-552-5p(GTTTAAC)
hsa-mir-556-3p	=	hsa-mir-556-3p(TATTACC)
hsa-mir-556-5p	=	hsa-mir-1252*(ATGAGCT)	hsa-mir-556-5p(ATGAGCT)
hsa-mir-559-3p	=	hsa-mir-559-3p(TTGGTGC)
hsa-mir-559-5p	=	hsa-mir-559-5p(AAAGTAA)
hsa-mir-561	=	hsa-mir-561(TCAAGGA)
hsa-mir-561*	=	hsa-mir-561*(AAAGTTT)
hsa-mir-570-3p	=	hsa-mir-570-3p(GAAAACA)
hsa-mir-570-5p	=	hsa-mir-570-5p(AAGGTAA)
hsa-mir-574-3p	=	hsa-mir-574-3p(ACGCTCA)
hsa-mir-574-5p	=	hsa-mir-574-5p(GAGTGTG)
hsa-mir-576-3p	=	hsa-mir-576-3p(AGATGTG)
hsa-mir-576-5p	=	hsa-mir-576-5p(TTCTAAT)
hsa-mir-577	=	hsa-mir-577(TAGATAA)
hsa-mir-577*	=	hsa-mir-577*(GTTTCAA)
hsa-mir-579-3p	=	hsa-mir-579-3p(TCATTTG)
hsa-mir-579-5p	=	hsa-mir-579-5p(TCGCGGT)
hsa-mir-580	=	hsa-mir-580(TGAGAAT)
hsa-mir-580*	=	hsa-mir-580*(AATGATT)
hsa-mir-581	=	hsa-mir-581(CTTGTGT)
hsa-mir-581*	=	hsa-mir-581*(GTGATCT)
hsa-mir-582	=	hsa-mir-582(TACAGTT)
hsa-mir-582*	=	hsa-mir-582*(AACTGGT)
hsa-mir-584	=	hsa-mir-584(TATGGTT)
hsa-mir-584*	=	hsa-mir-584*(CAGTTCC)
hsa-mir-585	=	hsa-mir-585(GGGCGTA)
hsa-mir-585*	=	hsa-mir-585*(TAGCACA)
hsa-mir-588	=	hsa-mir-588(TGGCCAC)
hsa-mir-588*	=	hsa-mir-588*(TCTTACC)
hsa-mir-589	=	hsa-mir-589(GAGAACC)
hsa-mir-589*	=	hsa-mir-589*(CAGAACA)
hsa-mir-590-3p	=	hsa-mir-590-3p(AATTTTA)
hsa-mir-590-5p	=	hsa-mir-21(AGCTTAT)	hsa-mir-590-5p(AGCTTAT)	(Minor share - Excluded)
hsa-mir-592	=	hsa-mir-592(TGTGTCA)
hsa-mir-592*	=	hsa-mir-592*(CATCACG)
hsa-mir-597	=	hsa-mir-597(GTGTCAC)
hsa-mir-597*	=	hsa-mir-182*(GTGGTTC)	hsa-mir-203*(GTGGTTC)	hsa-mir-597*(GTGGTTC)	(Minor share - Excluded)
hsa-mir-598	=	hsa-mir-598(ACGTCAT)
hsa-mir-598*	=	hsa-mir-598*(CGGTGAT)
hsa-mir-599	=	hsa-mir-599(TTGATAA)
hsa-mir-599*	=	hsa-mir-599*(TTGTGTC)
hsa-mir-605-3p	=	hsa-mir-605-3p(GAAGGCA)
hsa-mir-605-5p	=	hsa-mir-605-5p(AAATCCC)
hsa-mir-610	=	hsa-mir-610(GAGCTAA)
hsa-mir-610*	=	hsa-mir-610*(CCAGCAC)
hsa-mir-615-3p	=	hsa-mir-615-3p(CCGAGCC)
hsa-mir-615-5p	=	hsa-mir-615-5p(GGGGTCC)
hsa-mir-616-3p	=	hsa-mir-616-3p(AGTCATT)
hsa-mir-616-5p	=	hsa-mir-373*(CTCAAAA)	hsa-mir-616-5p(CTCAAAA)
hsa-mir-618	=	hsa-mir-618(AACTCTA)
hsa-mir-624-3p	=	hsa-mir-624-3p(ACAAGGT)
hsa-mir-624-5p	=	hsa-mir-624-5p(AGTACCA)
hsa-mir-625-3p	=	hsa-mir-625-3p(ACTATAG)
hsa-mir-625-5p	=	hsa-mir-625-5p(GGGGGAA)
hsa-mir-627-3p	=	hsa-mir-627-3p(TCTTTTC)
hsa-mir-627-5p	=	hsa-mir-627-5p(TGAGTCT)
hsa-mir-628	=	hsa-mir-628(TGCTGAC)
hsa-mir-628*	=	hsa-mir-628*(TCTAGTA)
hsa-mir-629	=	hsa-mir-629(GGGTTTA)
hsa-mir-629*	=	hsa-mir-629*(TTCTCCC)
hsa-mir-641	=	hsa-mir-3617(AAGACAT)	hsa-mir-641(AAGACAT)
hsa-mir-641*	=	hsa-mir-641*(GACTGTC)
hsa-mir-642-3p	=	hsa-mir-642-3p(GACACAT)
hsa-mir-642-5p	=	hsa-mir-642-5p(TCCCTCT)
hsa-mir-643	=	hsa-mir-643(CTTGTAT)
hsa-mir-643*	=	hsa-mir-643*(CCTGAGC)
hsa-mir-651	=	hsa-mir-651(TTAGGAT)
hsa-mir-651*	=	hsa-mir-651*(AAGGAAA)
hsa-mir-652	=	hsa-mir-652(ATGGCGC)
hsa-mir-652*	=	hsa-mir-652*(CAACCCT)
hsa-mir-653-3p	=	hsa-mir-653-3p(TCACTGG)
hsa-mir-653-5p	=	hsa-mir-653-5p(TGAAACA)
hsa-mir-654	=	hsa-mir-654(ATGTCTG)
hsa-mir-654*	=	hsa-mir-541-3p(GGTGGGC)	hsa-mir-654*(GGTGGGC)
hsa-mir-655	=	hsa-mir-655(TAATACA)
hsa-mir-655*	=	hsa-mir-655*(GAGGTTA)
hsa-mir-656	=	hsa-mir-656(ATATTAT)
hsa-mir-656*	=	hsa-mir-656*(GGTTGCC)
hsa-mir-659	=	hsa-mir-659(GGACCTT)
hsa-mir-659*	=	hsa-mir-659*(TTGGTTC)
hsa-mir-660	=	hsa-mir-660(ACCCATT)
hsa-mir-660*	=	hsa-mir-660*(CCTCCTG)
hsa-mir-665	=	hsa-mir-665(CCAGGAG)
hsa-mir-665*	=	hsa-mir-665*(GGGGTCT)
hsa-mir-668	=	hsa-mir-668(GTCACTC)
hsa-mir-668*	=	hsa-mir-668*(TAAGTGC)
hsa-mir-670	=	hsa-mir-670(TTCCTCA)
hsa-mir-670*	=	hsa-mir-670*(TCCCTGA)
hsa-mir-671	=	hsa-mir-671(GGAAGCC)
hsa-mir-671*	=	hsa-mir-671*(CCGGTTC)
hsa-mir-675	=	hsa-mir-675(TGTATGC)
hsa-mir-675*	=	hsa-mir-675*(GGTGCGG)
hsa-mir-676	=	hsa-mir-676(TGTCCTA)
hsa-mir-676*	=	hsa-mir-676*(CTTCAAC)
hsa-mir-7-1	=	hsa-mir-7-1(GGAAGAC)	hsa-mir-7-2(GGAAGAC)	hsa-mir-7-3(GGAAGAC)
hsa-mir-7-1*	=	hsa-mir-7-1*(AACAAAT)
hsa-mir-7-2	=	hsa-mir-7-1(GGAAGAC)	hsa-mir-7-2(GGAAGAC)	hsa-mir-7-3(GGAAGAC)	(Minor share - Excluded)
hsa-mir-7-2*	=	hsa-mir-3065-5p(CAACAAA)	hsa-mir-7-2*(CAACAAA)	(Minor share - Excluded)
hsa-mir-7-3	=	hsa-mir-7-1(GGAAGAC)	hsa-mir-7-2(GGAAGAC)	hsa-mir-7-3(GGAAGAC)	(Minor share - Excluded)
hsa-mir-7-3*	=	hsa-mir-7-3*(AACAAGT)
hsa-mir-708	=	hsa-mir-28-5p(AGGAGCT)	hsa-mir-3139(AGGAGCT)	hsa-mir-708(AGGAGCT)	(Minor share - Excluded)
hsa-mir-708*	=	hsa-mir-708*(ACTAGAC)
hsa-mir-744	=	hsa-mir-744(GCGGGGC)
hsa-mir-744*	=	hsa-mir-744*(TGTTGCC)
hsa-mir-758	=	hsa-mir-758(TTGTGAC)
hsa-mir-758*	=	hsa-mir-380-5p(TGGTTGA)	hsa-mir-758*(TGGTTGA)
hsa-mir-760	=	hsa-mir-760(GGCTCTG)
hsa-mir-760*	=	hsa-mir-760*(CCCTCAG)
hsa-mir-766	=	hsa-mir-766(CTCCAGC)
hsa-mir-766*	=	hsa-mir-766*(GGAGGAA)
hsa-mir-767	=	hsa-mir-767(GCACCAT)
hsa-mir-767*	=	hsa-mir-767*(TGCTCAT)
hsa-mir-769	=	hsa-mir-769(GAGACCT)
hsa-mir-769*	=	hsa-mir-769*(GGGATCT)
hsa-mir-770-3p	=	hsa-mir-770-3p(GGCCTGA)
hsa-mir-770-5p	=	hsa-mir-770-5p(CCAGTAC)
hsa-mir-873	=	hsa-mir-873(CAGGAAC)
hsa-mir-873*	=	hsa-mir-873*(AGACTGA)
hsa-mir-874	=	hsa-mir-874(TGCCCTG)
hsa-mir-874*	=	hsa-mir-874*(GGCCCCA)
hsa-mir-875-3p	=	hsa-mir-875-3p(CTGGAAA)
hsa-mir-875-5p	=	hsa-mir-875-5p(ATACCTC)
hsa-mir-876-3p	=	hsa-mir-876-3p(GGTGGTT)
hsa-mir-876-5p	=	hsa-mir-876-5p(GGATTTC)
hsa-mir-885	=	hsa-mir-885(CCATTAC)
hsa-mir-885*	=	hsa-mir-885*(GGCAGCG)
hsa-mir-887	=	hsa-mir-887(TGAACGG)
hsa-mir-887*	=	hsa-mir-3189(CCTTGGG)	hsa-mir-887*(CCTTGGG)
hsa-mir-888	=	hsa-mir-888(ACTCAAA)
hsa-mir-888*	=	hsa-mir-888*(GACTGAC)
hsa-mir-889	=	hsa-mir-889(TAATATC)
hsa-mir-889*	=	hsa-mir-889*(ATGGCTG)
hsa-mir-890-3p	=	hsa-mir-890-3p(ACTATTC)
hsa-mir-890-5p	=	hsa-mir-890-5p(ACTTGGA)
hsa-mir-891a	=	hsa-mir-891a(GCAACGA)
hsa-mir-891a*	=	hsa-mir-891a*(GTGGCAC)
hsa-mir-891b	=	hsa-mir-891b(GCAACTT)
hsa-mir-891b*	=	hsa-mir-183(ATGGCAC)	hsa-mir-891b*(ATGGCAC)	(Minor share - Excluded)
hsa-mir-892a	=	hsa-mir-892a(ACTGTGT)
hsa-mir-892a*	=	hsa-mir-892a*(ACTCAGA)	hsa-mir-892b*(ACTCAGA)
hsa-mir-892b	=	hsa-mir-892b(ACTGGCT)
hsa-mir-892b*	=	hsa-mir-892a*(ACTCAGA)	hsa-mir-892b*(ACTCAGA)
hsa-mir-9-1	=	hsa-mir-9-1(CTTTGGT)	hsa-mir-9-2(CTTTGGT)	hsa-mir-9-3(CTTTGGT)
hsa-mir-9-1*	=	hsa-mir-9-1*(TAAAGCT)	hsa-mir-9-2*(TAAAGCT)	hsa-mir-9-3*(TAAAGCT)
hsa-mir-9-2	=	hsa-mir-9-1(CTTTGGT)	hsa-mir-9-2(CTTTGGT)	hsa-mir-9-3(CTTTGGT)
hsa-mir-9-2*	=	hsa-mir-9-1*(TAAAGCT)	hsa-mir-9-2*(TAAAGCT)	hsa-mir-9-3*(TAAAGCT)
hsa-mir-9-3	=	hsa-mir-9-1(CTTTGGT)	hsa-mir-9-2(CTTTGGT)	hsa-mir-9-3(CTTTGGT)	(Minor share - Excluded)
hsa-mir-9-3*	=	hsa-mir-9-1*(TAAAGCT)	hsa-mir-9-2*(TAAAGCT)	hsa-mir-9-3*(TAAAGCT)	(Minor share - Excluded)
hsa-mir-92a-1	=	hsa-mir-25(ATTGCAC)	hsa-mir-32(ATTGCAC)	hsa-mir-363(ATTGCAC)	hsa-mir-367(ATTGCAC)	hsa-mir-92a-1(ATTGCAC)	hsa-mir-92a-2(ATTGCAC)	hsa-mir-92b(ATTGCAC)	(Minor share - Excluded)
hsa-mir-92a-1*	=	hsa-mir-92a-1*(GGTTGGG)
hsa-mir-92a-2	=	hsa-mir-25(ATTGCAC)	hsa-mir-32(ATTGCAC)	hsa-mir-363(ATTGCAC)	hsa-mir-367(ATTGCAC)	hsa-mir-92a-1(ATTGCAC)	hsa-mir-92a-2(ATTGCAC)	hsa-mir-92b(ATTGCAC)	(Minor share - Excluded)
hsa-mir-92a-2*	=	hsa-mir-92a-2*(GGTGGGG)
hsa-mir-92b	=	hsa-mir-25(ATTGCAC)	hsa-mir-32(ATTGCAC)	hsa-mir-363(ATTGCAC)	hsa-mir-367(ATTGCAC)	hsa-mir-92a-1(ATTGCAC)	hsa-mir-92a-2(ATTGCAC)	hsa-mir-92b(ATTGCAC)	(Minor share - Excluded)
hsa-mir-92b*	=	hsa-mir-92b*(GGGACGG)
hsa-mir-93	=	hsa-mir-106a(AAAGTGC)	hsa-mir-106b(AAAGTGC)	hsa-mir-17(AAAGTGC)	hsa-mir-20a(AAAGTGC)	hsa-mir-20b(AAAGTGC)	hsa-mir-519d(AAAGTGC)	hsa-mir-526b-3p(AAAGTGC)	hsa-mir-93(AAAGTGC)
hsa-mir-93*	=	hsa-mir-93*(CTGCTGA)
hsa-mir-934	=	hsa-mir-934(GTCTACT)
hsa-mir-934*	=	hsa-mir-934*(AGTCTCC)
hsa-mir-937	=	hsa-mir-937(TCCGCGC)
hsa-mir-937*	=	hsa-mir-937*(TGAGTCA)
hsa-mir-942	=	hsa-mir-942(TCTCTGT)
hsa-mir-942*	=	hsa-mir-942*(ACATGGC)
hsa-mir-944	=	hsa-mir-944(AATTATT)
hsa-mir-944*	=	hsa-mir-944*(ATCTGAT)
hsa-mir-95	=	hsa-mir-95(TCAACGG)
hsa-mir-95*	=	hsa-mir-95*(CAATAAA)
hsa-mir-96	=	hsa-mir-1271(TTGGCAC)	hsa-mir-96(TTGGCAC)
hsa-mir-96*	=	hsa-mir-96*(AATCATG)
hsa-mir-98	=	hsa-let-7a-1(GAGGTAG)	hsa-let-7a-2(GAGGTAG)	hsa-let-7a-3(GAGGTAG)	hsa-let-7b(GAGGTAG)	hsa-let-7c(GAGGTAG)	hsa-let-7d(GAGGTAG)	hsa-let-7e(GAGGTAG)	hsa-let-7f-1(GAGGTAG)	hsa-let-7f-2(GAGGTAG)	hsa-let-7g(GAGGTAG)	hsa-let-7i(GAGGTAG)	hsa-mir-98(GAGGTAG)	(Minor share - Excluded)
hsa-mir-98*	=	hsa-let-7a-1*(TATACAA)	hsa-let-7a-3*(TATACAA)	hsa-let-7b*(TATACAA)	hsa-let-7f-1*(TATACAA)	hsa-mir-98*(TATACAA)	(Minor share - Excluded)
hsa-mir-99a	=	hsa-mir-100(ACCCGTA)	hsa-mir-99a(ACCCGTA)	hsa-mir-99b(ACCCGTA)
hsa-mir-99a*	=	hsa-mir-99a*(AAGCTCG)	hsa-mir-99b*(AAGCTCG)	(Minor share - Excluded)
hsa-mir-99b	=	hsa-mir-100(ACCCGTA)	hsa-mir-99a(ACCCGTA)	hsa-mir-99b(ACCCGTA)	(Minor share - Excluded)
hsa-mir-99b*	=	hsa-mir-99a*(AAGCTCG)	hsa-mir-99b*(AAGCTCG)
